citation_matrix.csv
6 8
6 Source Title
8 Publication Year

records read read =  870
number of citations =  866

journal count:  319
1 ACTA CHIROPTEROLOGICA 1
2 ACTA ICHTHYOLOGICA ET PISCATORIA 1
3 ACTA SOCIETATIS BOTANICORUM POLONIAE 1
4 ADDICTION 1
5 ADDICTIVE BEHAVIORS 1
6 AFRICAN JOURNAL OF ECOLOGY 1
7 AFRICAN JOURNAL OF MARINE SCIENCE 3
8 AGRICULTURAL AND FOREST ENTOMOLOGY 1
9 AGRICULTURAL AND FOREST METEOROLOGY 1
10 AGRICULTURE ECOSYSTEMS & ENVIRONMENT 5
11 AGROFORESTRY SYSTEMS 1
12 AIDS 1
13 ALPHA-REVISTA DE ARTES LETRAS Y FILOSOFIA 1
14 AMERICAN JOURNAL OF BOTANY 4
15 AMERICAN JOURNAL OF PHYSICAL ANTHROPOLOGY 3
16 AMERICAN JOURNAL OF PRIMATOLOGY 2
17 AMERICAN JOURNAL OF TRANSPLANTATION 1
18 AMERICAN JOURNAL OF TROPICAL MEDICINE AND HYGIENE 1
19 AMERICAN NATURALIST 2
20 ANIMAL BEHAVIOUR 11
21 ANNALES DE LIMNOLOGIE-INTERNATIONAL JOURNAL OF LIMNOLOGY 2
22 ANNALS OF APPLIED STATISTICS 1
23 ANNALS OF BOTANY 3
24 ANNALS OF FOREST SCIENCE 2
25 ANNUAL REVIEW OF STATISTICS AND ITS APPLICATION VOL 5 1
26 AOB PLANTS 1
27 APPLIED ANIMAL BEHAVIOUR SCIENCE 1
28 APPLIED SOIL ECOLOGY 1
29 APPLIED VEGETATION SCIENCE 1
30 AQUACULTURE 2
31 AQUACULTURE ECONOMICS & MANAGEMENT 1
32 AQUATIC BOTANY 1
33 AQUATIC CONSERVATION-MARINE AND FRESHWATER ECOSYSTEMS 1
34 AQUATIC LIVING RESOURCES 1
35 AQUATIC MAMMALS 1
36 AQUATIC TOXICOLOGY 1
37 ARCTIC ANTARCTIC AND ALPINE RESEARCH 1
38 ARDEOLA 1
39 ARTHROPOD-PLANT INTERACTIONS 5
40 ARTIFICIAL ORGANS 1
41 ASTA-ADVANCES IN STATISTICAL ANALYSIS 1
42 ASTROPHYSICAL JOURNAL 1
43 AUSTRAL ECOLOGY 2
44 AUSTRALIAN JOURNAL OF BOTANY 1
45 AVIAN CONSERVATION AND ECOLOGY 1
46 BASIC AND APPLIED ECOLOGY 2
47 BEHAVIOR GENETICS 1
48 BEHAVIORAL ECOLOGY 8
49 BEHAVIORAL ECOLOGY AND SOCIOBIOLOGY 11
50 BEHAVIOURAL PROCESSES 2
51 BIOCONTROL 2
52 BIODIVERSITY AND CONSERVATION 7
53 BIOLOGICAL CONSERVATION 10
54 BIOLOGICAL CONTROL 1
55 BIOLOGICAL INVASIONS 6
56 BIOLOGICAL JOURNAL OF THE LINNEAN SOCIETY 2
57 BIOLOGY LETTERS 3
58 BIOMETRICAL JOURNAL 1
59 BIOMETRICS 2
60 BIOSTATISTICS 2
61 BIOTROPICA 2
62 BIRD CONSERVATION INTERNATIONAL 1
63 BIRD STUDY 4
64 BMC ECOLOGY 1
65 BMC EVOLUTIONARY BIOLOGY 1
66 BMC FAMILY PRACTICE 1
67 BMC MEDICAL RESEARCH METHODOLOGY 1
68 BOTANICAL JOURNAL OF THE LINNEAN SOCIETY 2
69 BOTANICAL SCIENCES 1
70 BRAZILIAN JOURNAL OF BIOLOGY 1
71 BULLETIN OF ENTOMOLOGICAL RESEARCH 1
72 BULLETIN OF MARINE SCIENCE 2
73 BULLETIN OF THE SEISMOLOGICAL SOCIETY OF AMERICA 1
74 CANADIAN ENTOMOLOGIST 1
75 CANADIAN JOURNAL OF FISHERIES AND AQUATIC SCIENCES 32
76 CANADIAN JOURNAL OF FOREST RESEARCH 1
77 CANADIAN JOURNAL OF LINGUISTICS-REVUE CANADIENNE DE LINGUISTIQUE 1
78 CANADIAN JOURNAL OF ZOOLOGY 5
79 CCAMLR SCIENCE 1
80 CELL 1
81 CHEMOSPHERE 1
82 CHILD DEVELOPMENT 1
83 CHILEAN JOURNAL OF AGRICULTURAL & ANIMAL SCIENCES 1
84 CLINICAL SCIENCE 1
85 COMMUNITY DENTAL HEALTH 1
86 CORAL REEFS 1
87 CRIMINAL JUSTICE AND BEHAVIOR 1
88 CURRENT BIOLOGY 2
89 CURRENT ZOOLOGY 2
90 DEEP-SEA RESEARCH PART I-OCEANOGRAPHIC RESEARCH PAPERS 1
91 DEEP-SEA RESEARCH PART II-TOPICAL STUDIES IN OCEANOGRAPHY 6
92 DEPRESSION AND ANXIETY 1
93 DIVERSITY AND DISTRIBUTIONS 3
94 DIVERSITY-BASEL 2
95 ECOGRAPHY 3
96 ECOLOGICAL APPLICATIONS 7
97 ECOLOGICAL ENGINEERING 2
98 ECOLOGICAL ENTOMOLOGY 2
99 ECOLOGICAL INDICATORS 5
100 ECOLOGICAL MODELLING 2
101 ECOLOGICAL MONOGRAPHS 1
102 ECOLOGICAL RESEARCH 1
103 ECOLOGY 12
104 ECOLOGY AND EVOLUTION 11
105 ECOLOGY LETTERS 3
106 ECOSPHERE 10
107 ECOSYSTEMS 1
108 ELIFE 1
109 ENVIRONMENTAL AND ECOLOGICAL STATISTICS 4
110 ENVIRONMENTAL BIOLOGY OF FISHES 3
111 ENVIRONMENTAL CONSERVATION 1
112 ENVIRONMENTAL DEVELOPMENT 1
113 ENVIRONMENTAL ENTOMOLOGY 3
114 ENVIRONMENTAL MANAGEMENT 2
115 ENVIRONMENTAL MODELLING & SOFTWARE 1
116 ENVIRONMENTAL POLLUTION 1
117 ENVIRONMENTAL RESEARCH LETTERS 1
118 ENVIRONMENTAL SCIENCE & TECHNOLOGY 2
119 EPIDEMICS 1
120 ESTUARIES AND COASTS 1
121 ETHOLOGY 4
122 EUROPEAN JOURNAL OF SOIL BIOLOGY 1
123 EUROPEAN JOURNAL OF WILDLIFE RESEARCH 2
124 EVOLUTION 3
125 EVOLUTION LETTERS 3
126 EVOLUTIONARY APPLICATIONS 1
127 EVOLUTIONARY ECOLOGY 1
128 EVOLUTIONARY PSYCHOLOGY 1
129 FIRE ECOLOGY 1
130 FISH AND FISHERIES 3
131 FISHERIES MANAGEMENT AND ECOLOGY 2
132 FISHERIES OCEANOGRAPHY 5
133 FISHERIES RESEARCH 67
134 FISHERIES SCIENCE 1
135 FISHERY BULLETIN 3
136 FOLIA PRIMATOLOGICA 2
137 FOREST ECOLOGY AND MANAGEMENT 14
138 FOREST SCIENCE 1
139 FORESTRY 2
140 FORESTS 1
141 FRESHWATER BIOLOGY 2
142 FRONTIERS IN ECOLOGY AND THE ENVIRONMENT 1
143 FRONTIERS IN GENETICS 1
144 FRONTIERS IN MARINE SCIENCE 2
145 FRONTIERS IN MICROBIOLOGY 3
146 FRONTIERS IN NEUROSCIENCE 1
147 FRONTIERS IN PLANT SCIENCE 2
148 FRONTIERS IN PSYCHOLOGY 1
149 FRONTIERS IN VETERINARY SCIENCE 1
150 FRONTIERS IN ZOOLOGY 2
151 FUNCTIONAL ECOLOGY 1
152 FUNGAL ECOLOGY 1
153 GENETICS SELECTION EVOLUTION 1
154 GEODERMA 1
155 GLOBAL CHANGE BIOLOGY 11
156 GLOBAL CHANGE BIOLOGY BIOENERGY 1
157 GLOBAL ECOLOGY AND BIOGEOGRAPHY 1
158 GLOBAL ECOLOGY AND CONSERVATION 1
159 GRASS AND FORAGE SCIENCE 2
160 HEALTH & PLACE 2
161 HEREDITY 2
162 HERPETOLOGICA 1
163 HERPETOLOGICAL CONSERVATION AND BIOLOGY 1
164 HIV MEDICINE 1
165 HORMONES AND BEHAVIOR 2
166 HYDROBIOLOGIA 6
167 IBIS 2
168 ICES JOURNAL OF MARINE SCIENCE 32
169 IFOREST-BIOGEOSCIENCES AND FORESTRY 1
170 INDIAN JOURNAL OF FISHERIES 1
171 INSECT SCIENCE 1
172 INSECTS 1
173 INTERNATIONAL INTERACTIONS 1
174 INTERNATIONAL JOURNAL FOR PARASITOLOGY-PARASITES AND WILDLIFE 1
175 INTERNATIONAL JOURNAL OF MOLECULAR SCIENCES 1
176 INTERNATIONAL JOURNAL OF PRIMATOLOGY 1
177 INTERNATIONAL JOURNAL OF SPELEOLOGY 1
178 INTERNATIONAL JOURNAL OF WILDLAND FIRE 1
179 JOURNAL OF AFFECTIVE DISORDERS 1
180 JOURNAL OF ANIMAL ECOLOGY 4
181 JOURNAL OF APPLIED ECOLOGY 4
182 JOURNAL OF APPLIED ENTOMOLOGY 1
183 JOURNAL OF APPLIED ICHTHYOLOGY 1
184 JOURNAL OF APPLIED MICROBIOLOGY 1
185 JOURNAL OF APPLIED STATISTICS 1
186 JOURNAL OF ARID ENVIRONMENTS 1
187 JOURNAL OF AVIAN BIOLOGY 3
188 JOURNAL OF CHEMICAL ECOLOGY 2
189 JOURNAL OF CHILD LANGUAGE 1
190 JOURNAL OF COMMUNITY & APPLIED SOCIAL PSYCHOLOGY 1
191 JOURNAL OF COMPUTATIONAL AND GRAPHICAL STATISTICS 1
192 JOURNAL OF ECOLOGY 4
193 JOURNAL OF ENVIRONMENTAL MANAGEMENT 2
194 JOURNAL OF ETHOLOGY 1
195 JOURNAL OF EVOLUTIONARY BIOLOGY 5
196 JOURNAL OF EXPERIMENTAL BIOLOGY 2
197 JOURNAL OF EXPERIMENTAL EDUCATION 1
198 JOURNAL OF EXPERIMENTAL MARINE BIOLOGY AND ECOLOGY 2
199 JOURNAL OF EXPERIMENTAL PSYCHOLOGY-LEARNING MEMORY AND COGNITION 1
200 JOURNAL OF EXPERIMENTAL ZOOLOGY PART A-ECOLOGICAL GENETICS AND PHYSIOLOGY 1
201 JOURNAL OF FIELD ORNITHOLOGY 3
202 JOURNAL OF FISH AND WILDLIFE MANAGEMENT 2
203 JOURNAL OF FISH BIOLOGY 6
204 JOURNAL OF GEOPHYSICAL RESEARCH-BIOGEOSCIENCES 1
205 JOURNAL OF GREAT LAKES RESEARCH 5
206 JOURNAL OF HAZARDOUS MATERIALS 1
207 JOURNAL OF HEREDITY 2
208 JOURNAL OF HOSPITAL INFECTION 1
209 JOURNAL OF IMMUNOLOGY RESEARCH 1
210 JOURNAL OF INSECT CONSERVATION 3
211 JOURNAL OF MAMMALOGY 2
212 JOURNAL OF MEDICAL ENTOMOLOGY 2
213 JOURNAL OF MEDICAL INTERNET RESEARCH 1
214 JOURNAL OF NEUROPHYSIOLOGY 1
215 JOURNAL OF PARASITOLOGY 1
216 JOURNAL OF PEDIATRIC PSYCHOLOGY 1
217 JOURNAL OF PHOTOCHEMISTRY AND PHOTOBIOLOGY B-BIOLOGY 1
218 JOURNAL OF PLANKTON RESEARCH 2
219 JOURNAL OF PLANT ECOLOGY 1
220 JOURNAL OF RAPTOR RESEARCH 1
221 JOURNAL OF SEA RESEARCH 1
222 JOURNAL OF SPEECH LANGUAGE AND HEARING RESEARCH 1
223 JOURNAL OF SPORTS SCIENCES 1
224 JOURNAL OF STATISTICAL COMPUTATION AND SIMULATION 1
225 JOURNAL OF STATISTICAL SOFTWARE 3
226 JOURNAL OF THE AMERICAN GERIATRICS SOCIETY 1
227 JOURNAL OF THE ROYAL SOCIETY INTERFACE 1
228 JOURNAL OF THE TORREY BOTANICAL SOCIETY 1
229 JOURNAL OF THEORETICAL BIOLOGY 1
230 JOURNAL OF TROPICAL ECOLOGY 1
231 JOURNAL OF VEGETATION SCIENCE 3
232 JOURNAL OF WILDLIFE DISEASES 1
233 JOURNAL OF WILDLIFE MANAGEMENT 6
234 JOURNAL OF ZOOLOGY 1
235 LANDSCAPE ECOLOGY 2
236 MALARIA JOURNAL 2
237 MARINE AND COASTAL FISHERIES 4
238 MARINE AND FRESHWATER RESEARCH 3
239 MARINE BIOLOGY 5
240 MARINE ECOLOGY PROGRESS SERIES 8
241 MARINE ENVIRONMENTAL RESEARCH 2
242 MARINE MAMMAL SCIENCE 1
243 MARINE ORNITHOLOGY 1
244 MARINE POLICY 2
245 MARINE POLLUTION BULLETIN 2
246 MEDICAL AND VETERINARY ENTOMOLOGY 2
247 METHODS IN ECOLOGY AND EVOLUTION 8
248 MICROBIAL ECOLOGY 1
249 MOLECULAR ECOLOGY 4
250 MOLECULAR ECOLOGY RESOURCES 1
251 NATURAL AREAS JOURNAL 1
252 NATURE 1
253 NATURE COMMUNICATIONS 4
254 NEW FORESTS 1
255 NEW PHYTOLOGIST 1
256 NEW ZEALAND JOURNAL OF ECOLOGY 1
257 NORTH AMERICAN JOURNAL OF FISHERIES MANAGEMENT 8
258 NORTHWEST SCIENCE 1
259 OCEAN & COASTAL MANAGEMENT 1
260 OCEAN SCIENCE JOURNAL 1
261 OECOLOGIA 10
262 OIKOS 1
263 ORNIS FENNICA 1
264 PAIN 1
265 PALAIOS 1
266 PARASITE 1
267 PARASITES & VECTORS 12
268 PARASITOLOGY 1
269 PEACE ECONOMICS PEACE SCIENCE AND PUBLIC POLICY 1
270 PEDOBIOLOGIA 1
271 PEERJ 6
272 PEST MANAGEMENT SCIENCE 2
273 PHILOSOPHICAL TRANSACTIONS OF THE ROYAL SOCIETY B-BIOLOGICAL SCIENCES 2
274 PLANT BIOLOGY 2
275 PLANT CELL AND ENVIRONMENT 1
276 PLANT ECOLOGY 8
277 PLANT ECOLOGY & DIVERSITY 2
278 PLOS COMPUTATIONAL BIOLOGY 1
279 PLOS GENETICS 1
280 PLOS MEDICINE 1
281 PLOS NEGLECTED TROPICAL DISEASES 3
282 PLOS ONE 36
283 POLAR BIOLOGY 1
284 PROCEEDINGS OF THE NATIONAL ACADEMY OF SCIENCES OF THE UNITED STATES OF AMERICA 2
285 PROCEEDINGS OF THE ROYAL SOCIETY B-BIOLOGICAL SCIENCES 7
286 PROGRESS IN OCEANOGRAPHY 1
287 PSYCHIATRIC SERVICES 1
288 PSYCHOLOGICAL SCIENCE 1
289 PSYCHOLOGY OF ADDICTIVE BEHAVIORS 1
290 R JOURNAL 1
291 RADIOPROTECTION 1
292 RANGELAND JOURNAL 1
293 REMOTE SENSING 1
294 REMOTE SENSING OF ENVIRONMENT 1
295 RESTORATION ECOLOGY 2
296 RIVER RESEARCH AND APPLICATIONS 1
297 RLA-REVISTA DE LINGUISTICA TEORICA Y APLICADA 1
298 ROYAL SOCIETY OPEN SCIENCE 4
299 SCANDINAVIAN JOURNAL OF FOREST RESEARCH 3
300 SCIENCE OF THE TOTAL ENVIRONMENT 5
301 SCIENTIA HORTICULTURAE 1
302 SCIENTIFIC REPORTS 12
303 SCIENTIFICA 1
304 STATISTICAL METHODS IN MEDICAL RESEARCH 1
305 STATISTICS IN MEDICINE 3
306 STRAHLENTHERAPIE UND ONKOLOGIE 1
307 TRANSACTIONS OF THE AMERICAN FISHERIES SOCIETY 10
308 TRANSPORTATION 1
309 TRANSPORTATION RESEARCH PART F-TRAFFIC PSYCHOLOGY AND BEHAVIOUR 3
310 TROPICAL CONSERVATION SCIENCE 1
311 URBAN FORESTRY & URBAN GREENING 2
312 VETERINARY PARASITOLOGY 2
313 VIRUSES-BASEL 1
314 WATERBIRDS 1
315 WILDLIFE RESEARCH 2
316 WILDLIFE SOCIETY BULLETIN 1
317 WILSON JOURNAL OF ORNITHOLOGY 2
318 ZOOKEYS 1
319 ZOOLOGY 2
Total citations:  866

number of years included:  8
1 2012 15
2 2013 43
3 2014 88
4 2015 128
5 2016 172
6 2017 202
7 2018 190
8 2019 28
Total citations:  866

JOURNAL,2012,2013,2014,2015,2016,2017,2018,2019
ACTA CHIROPTEROLOGICA,0,0,0,0,0,0,1,0
ACTA ICHTHYOLOGICA ET PISCATORIA,0,0,0,1,0,0,0,0
ACTA SOCIETATIS BOTANICORUM POLONIAE,0,0,0,0,0,1,0,0
ADDICTION,0,1,0,0,0,0,0,0
ADDICTIVE BEHAVIORS,0,0,0,0,0,1,0,0
AFRICAN JOURNAL OF ECOLOGY,0,0,0,0,0,0,1,0
AFRICAN JOURNAL OF MARINE SCIENCE,0,1,1,1,0,0,0,0
AGRICULTURAL AND FOREST ENTOMOLOGY,0,0,0,0,0,1,0,0
AGRICULTURAL AND FOREST METEOROLOGY,0,0,0,0,0,0,1,0
AGRICULTURE ECOSYSTEMS & ENVIRONMENT,0,0,0,0,2,2,1,0
AGROFORESTRY SYSTEMS,0,0,0,1,0,0,0,0
AIDS,0,0,0,0,0,1,0,0
ALPHA-REVISTA DE ARTES LETRAS Y FILOSOFIA,0,0,0,0,0,0,1,0
AMERICAN JOURNAL OF BOTANY,0,0,0,0,1,1,1,1
AMERICAN JOURNAL OF PHYSICAL ANTHROPOLOGY,0,0,0,1,0,0,2,0
AMERICAN JOURNAL OF PRIMATOLOGY,0,0,0,1,0,0,1,0
AMERICAN JOURNAL OF TRANSPLANTATION,0,0,0,1,0,0,0,0
AMERICAN JOURNAL OF TROPICAL MEDICINE AND HYGIENE,0,0,0,0,0,0,1,0
AMERICAN NATURALIST,0,0,0,1,1,0,0,0
ANIMAL BEHAVIOUR,0,0,1,1,5,4,0,0
ANNALES DE LIMNOLOGIE-INTERNATIONAL JOURNAL OF LIMNOLOGY,0,0,0,1,1,0,0,0
ANNALS OF APPLIED STATISTICS,0,0,0,0,0,1,0,0
ANNALS OF BOTANY,0,0,0,0,0,1,2,0
ANNALS OF FOREST SCIENCE,0,0,0,2,0,0,0,0
ANNUAL REVIEW OF STATISTICS AND ITS APPLICATION VOL 5,0,0,0,0,0,0,1,0
AOB PLANTS,0,0,0,1,0,0,0,0
APPLIED ANIMAL BEHAVIOUR SCIENCE,0,0,0,0,0,0,1,0
APPLIED SOIL ECOLOGY,0,0,0,0,1,0,0,0
APPLIED VEGETATION SCIENCE,0,0,0,0,1,0,0,0
AQUACULTURE,0,0,0,0,1,0,1,0
AQUACULTURE ECONOMICS & MANAGEMENT,0,0,1,0,0,0,0,0
AQUATIC BOTANY,0,0,0,0,0,0,1,0
AQUATIC CONSERVATION-MARINE AND FRESHWATER ECOSYSTEMS,0,0,0,0,1,0,0,0
AQUATIC LIVING RESOURCES,0,0,0,0,1,0,0,0
AQUATIC MAMMALS,0,0,0,1,0,0,0,0
AQUATIC TOXICOLOGY,0,0,0,0,0,1,0,0
ARCTIC ANTARCTIC AND ALPINE RESEARCH,0,0,0,0,0,0,1,0
ARDEOLA,0,0,0,0,0,1,0,0
ARTHROPOD-PLANT INTERACTIONS,0,0,0,1,0,1,3,0
ARTIFICIAL ORGANS,0,0,0,0,1,0,0,0
ASTA-ADVANCES IN STATISTICAL ANALYSIS,0,0,0,0,0,1,0,0
ASTROPHYSICAL JOURNAL,0,0,0,0,1,0,0,0
AUSTRAL ECOLOGY,0,0,0,0,0,1,1,0
AUSTRALIAN JOURNAL OF BOTANY,0,0,0,0,0,0,1,0
AVIAN CONSERVATION AND ECOLOGY,0,0,0,0,0,0,1,0
BASIC AND APPLIED ECOLOGY,0,0,0,0,1,0,1,0
BEHAVIOR GENETICS,0,0,0,0,0,1,0,0
BEHAVIORAL ECOLOGY,0,0,1,5,0,2,0,0
BEHAVIORAL ECOLOGY AND SOCIOBIOLOGY,0,0,1,2,1,1,6,0
BEHAVIOURAL PROCESSES,0,0,0,0,1,1,0,0
BIOCONTROL,0,0,0,0,1,1,0,0
BIODIVERSITY AND CONSERVATION,0,1,1,0,0,2,3,0
BIOLOGICAL CONSERVATION,0,0,0,2,2,4,2,0
BIOLOGICAL CONTROL,0,0,0,0,0,1,0,0
BIOLOGICAL INVASIONS,0,0,0,1,1,2,1,1
BIOLOGICAL JOURNAL OF THE LINNEAN SOCIETY,0,0,1,0,0,0,1,0
BIOLOGY LETTERS,0,0,1,1,1,0,0,0
BIOMETRICAL JOURNAL,0,0,0,0,1,0,0,0
BIOMETRICS,0,1,1,0,0,0,0,0
BIOSTATISTICS,0,1,1,0,0,0,0,0
BIOTROPICA,0,0,0,0,0,2,0,0
BIRD CONSERVATION INTERNATIONAL,0,0,0,1,0,0,0,0
BIRD STUDY,0,0,0,0,0,2,2,0
BMC ECOLOGY,0,0,0,0,0,1,0,0
BMC EVOLUTIONARY BIOLOGY,0,0,0,1,0,0,0,0
BMC FAMILY PRACTICE,0,0,0,0,0,0,1,0
BMC MEDICAL RESEARCH METHODOLOGY,0,0,0,0,1,0,0,0
BOTANICAL JOURNAL OF THE LINNEAN SOCIETY,0,0,0,0,1,1,0,0
BOTANICAL SCIENCES,0,0,0,0,1,0,0,0
BRAZILIAN JOURNAL OF BIOLOGY,0,0,0,0,1,0,0,0
BULLETIN OF ENTOMOLOGICAL RESEARCH,0,0,1,0,0,0,0,0
BULLETIN OF MARINE SCIENCE,0,0,0,0,0,0,2,0
BULLETIN OF THE SEISMOLOGICAL SOCIETY OF AMERICA,0,0,0,0,0,1,0,0
CANADIAN ENTOMOLOGIST,0,0,0,0,0,1,0,0
CANADIAN JOURNAL OF FISHERIES AND AQUATIC SCIENCES,2,3,1,5,6,7,6,2
CANADIAN JOURNAL OF FOREST RESEARCH,0,0,0,0,0,0,0,1
CANADIAN JOURNAL OF LINGUISTICS-REVUE CANADIENNE DE LINGUISTIQUE,0,0,0,0,0,0,1,0
CANADIAN JOURNAL OF ZOOLOGY,0,0,1,0,3,1,0,0
CCAMLR SCIENCE,0,0,1,0,0,0,0,0
CELL,0,0,0,0,1,0,0,0
CHEMOSPHERE,0,0,0,0,0,1,0,0
CHILD DEVELOPMENT,0,0,0,0,1,0,0,0
CHILEAN JOURNAL OF AGRICULTURAL & ANIMAL SCIENCES,0,0,0,0,0,1,0,0
CLINICAL SCIENCE,0,0,0,1,0,0,0,0
COMMUNITY DENTAL HEALTH,0,0,0,0,0,0,1,0
CORAL REEFS,0,0,0,0,0,1,0,0
CRIMINAL JUSTICE AND BEHAVIOR,0,0,1,0,0,0,0,0
CURRENT BIOLOGY,0,0,0,0,1,1,0,0
CURRENT ZOOLOGY,0,0,0,0,0,1,0,1
DEEP-SEA RESEARCH PART I-OCEANOGRAPHIC RESEARCH PAPERS,0,0,0,0,1,0,0,0
DEEP-SEA RESEARCH PART II-TOPICAL STUDIES IN OCEANOGRAPHY,0,0,1,0,3,2,0,0
DEPRESSION AND ANXIETY,0,0,0,0,0,0,1,0
DIVERSITY AND DISTRIBUTIONS,0,0,1,1,0,0,1,0
DIVERSITY-BASEL,0,0,0,0,0,1,1,0
ECOGRAPHY,0,0,0,1,0,2,0,0
ECOLOGICAL APPLICATIONS,0,1,0,2,1,2,1,0
ECOLOGICAL ENGINEERING,0,0,0,0,0,1,1,0
ECOLOGICAL ENTOMOLOGY,0,0,0,0,1,1,0,0
ECOLOGICAL INDICATORS,0,0,0,0,0,1,4,0
ECOLOGICAL MODELLING,0,0,1,0,1,0,0,0
ECOLOGICAL MONOGRAPHS,0,0,1,0,0,0,0,0
ECOLOGICAL RESEARCH,0,0,0,0,1,0,0,0
ECOLOGY,0,0,1,2,2,5,2,0
ECOLOGY AND EVOLUTION,0,1,1,1,2,4,2,0
ECOLOGY LETTERS,0,1,1,0,1,0,0,0
ECOSPHERE,0,0,0,3,3,3,1,0
ECOSYSTEMS,0,0,1,0,0,0,0,0
ELIFE,0,0,0,0,1,0,0,0
ENVIRONMENTAL AND ECOLOGICAL STATISTICS,0,1,0,1,1,1,0,0
ENVIRONMENTAL BIOLOGY OF FISHES,0,0,0,1,0,0,1,1
ENVIRONMENTAL CONSERVATION,0,1,0,0,0,0,0,0
ENVIRONMENTAL DEVELOPMENT,0,0,0,0,1,0,0,0
ENVIRONMENTAL ENTOMOLOGY,0,0,0,0,1,0,2,0
ENVIRONMENTAL MANAGEMENT,0,0,1,0,1,0,0,0
ENVIRONMENTAL MODELLING & SOFTWARE,0,0,0,0,0,0,0,1
ENVIRONMENTAL POLLUTION,0,0,0,0,0,0,1,0
ENVIRONMENTAL RESEARCH LETTERS,0,0,0,0,1,0,0,0
ENVIRONMENTAL SCIENCE & TECHNOLOGY,0,0,0,1,0,0,1,0
EPIDEMICS,0,0,1,0,0,0,0,0
ESTUARIES AND COASTS,0,0,0,0,0,0,1,0
ETHOLOGY,0,0,0,1,2,1,0,0
EUROPEAN JOURNAL OF SOIL BIOLOGY,0,0,0,0,0,1,0,0
EUROPEAN JOURNAL OF WILDLIFE RESEARCH,0,0,0,0,0,2,0,0
EVOLUTION,0,0,0,0,1,0,2,0
EVOLUTION LETTERS,0,0,0,0,0,1,2,0
EVOLUTIONARY APPLICATIONS,0,0,0,0,0,0,1,0
EVOLUTIONARY ECOLOGY,0,0,1,0,0,0,0,0
EVOLUTIONARY PSYCHOLOGY,0,0,0,0,0,0,1,0
FIRE ECOLOGY,0,0,0,0,0,1,0,0
FISH AND FISHERIES,0,1,0,0,0,1,1,0
FISHERIES MANAGEMENT AND ECOLOGY,0,0,1,0,1,0,0,0
FISHERIES OCEANOGRAPHY,0,0,2,1,0,1,1,0
FISHERIES RESEARCH,4,7,10,10,13,13,4,6
FISHERIES SCIENCE,0,0,0,0,0,1,0,0
FISHERY BULLETIN,0,0,0,0,1,2,0,0
FOLIA PRIMATOLOGICA,0,0,0,0,0,0,2,0
FOREST ECOLOGY AND MANAGEMENT,0,1,0,3,2,2,5,1
FOREST SCIENCE,0,0,1,0,0,0,0,0
FORESTRY,0,0,0,0,0,1,1,0
FORESTS,0,0,0,0,0,0,0,1
FRESHWATER BIOLOGY,0,0,0,1,1,0,0,0
FRONTIERS IN ECOLOGY AND THE ENVIRONMENT,0,0,0,0,1,0,0,0
FRONTIERS IN GENETICS,0,0,1,0,0,0,0,0
FRONTIERS IN MARINE SCIENCE,0,0,0,0,0,1,1,0
FRONTIERS IN MICROBIOLOGY,0,0,0,1,0,0,2,0
FRONTIERS IN NEUROSCIENCE,0,0,0,0,0,1,0,0
FRONTIERS IN PLANT SCIENCE,0,0,0,0,0,1,1,0
FRONTIERS IN PSYCHOLOGY,0,0,0,0,0,0,1,0
FRONTIERS IN VETERINARY SCIENCE,0,0,0,0,0,1,0,0
FRONTIERS IN ZOOLOGY,0,0,0,1,1,0,0,0
FUNCTIONAL ECOLOGY,0,0,0,0,0,0,1,0
FUNGAL ECOLOGY,0,0,0,0,1,0,0,0
GENETICS SELECTION EVOLUTION,0,0,0,1,0,0,0,0
GEODERMA,0,0,0,0,0,0,1,0
GLOBAL CHANGE BIOLOGY,0,0,0,2,2,2,4,1
GLOBAL CHANGE BIOLOGY BIOENERGY,0,0,0,1,0,0,0,0
GLOBAL ECOLOGY AND BIOGEOGRAPHY,0,0,0,0,1,0,0,0
GLOBAL ECOLOGY AND CONSERVATION,0,0,0,0,1,0,0,0
GRASS AND FORAGE SCIENCE,0,0,0,0,1,1,0,0
HEALTH & PLACE,0,0,1,0,0,0,1,0
HEREDITY,0,0,0,0,2,0,0,0
HERPETOLOGICA,0,0,0,0,0,1,0,0
HERPETOLOGICAL CONSERVATION AND BIOLOGY,0,0,0,0,1,0,0,0
HIV MEDICINE,0,0,0,0,0,0,1,0
HORMONES AND BEHAVIOR,0,0,0,0,1,0,1,0
HYDROBIOLOGIA,0,0,0,2,0,2,2,0
IBIS,0,0,0,1,0,0,1,0
ICES JOURNAL OF MARINE SCIENCE,1,1,5,13,4,4,4,0
IFOREST-BIOGEOSCIENCES AND FORESTRY,0,0,0,0,1,0,0,0
INDIAN JOURNAL OF FISHERIES,0,0,0,0,0,0,1,0
INSECT SCIENCE,0,0,0,0,0,0,0,1
INSECTS,0,0,0,0,0,1,0,0
INTERNATIONAL INTERACTIONS,0,0,0,0,0,0,1,0
INTERNATIONAL JOURNAL FOR PARASITOLOGY-PARASITES AND WILDLIFE,0,0,0,0,0,1,0,0
INTERNATIONAL JOURNAL OF MOLECULAR SCIENCES,0,0,0,0,0,0,1,0
INTERNATIONAL JOURNAL OF PRIMATOLOGY,0,0,0,0,0,1,0,0
INTERNATIONAL JOURNAL OF SPELEOLOGY,0,0,1,0,0,0,0,0
INTERNATIONAL JOURNAL OF WILDLAND FIRE,0,0,0,0,0,1,0,0
JOURNAL OF AFFECTIVE DISORDERS,0,0,0,0,1,0,0,0
JOURNAL OF ANIMAL ECOLOGY,0,1,0,1,0,0,2,0
JOURNAL OF APPLIED ECOLOGY,1,0,0,1,0,1,0,1
JOURNAL OF APPLIED ENTOMOLOGY,0,0,0,0,0,0,1,0
JOURNAL OF APPLIED ICHTHYOLOGY,0,0,0,0,0,0,1,0
JOURNAL OF APPLIED MICROBIOLOGY,0,0,0,0,0,1,0,0
JOURNAL OF APPLIED STATISTICS,0,0,0,0,0,1,0,0
JOURNAL OF ARID ENVIRONMENTS,0,0,0,0,0,0,0,1
JOURNAL OF AVIAN BIOLOGY,0,1,0,1,0,0,1,0
JOURNAL OF CHEMICAL ECOLOGY,0,0,1,0,1,0,0,0
JOURNAL OF CHILD LANGUAGE,0,0,0,0,0,0,1,0
JOURNAL OF COMMUNITY & APPLIED SOCIAL PSYCHOLOGY,0,0,0,0,1,0,0,0
JOURNAL OF COMPUTATIONAL AND GRAPHICAL STATISTICS,0,0,0,0,0,1,0,0
JOURNAL OF ECOLOGY,0,0,1,0,1,1,0,1
JOURNAL OF ENVIRONMENTAL MANAGEMENT,0,0,0,0,0,0,2,0
JOURNAL OF ETHOLOGY,0,0,1,0,0,0,0,0
JOURNAL OF EVOLUTIONARY BIOLOGY,0,0,2,2,1,0,0,0
JOURNAL OF EXPERIMENTAL BIOLOGY,0,0,0,0,0,2,0,0
JOURNAL OF EXPERIMENTAL EDUCATION,0,0,0,0,1,0,0,0
JOURNAL OF EXPERIMENTAL MARINE BIOLOGY AND ECOLOGY,0,0,1,1,0,0,0,0
JOURNAL OF EXPERIMENTAL PSYCHOLOGY-LEARNING MEMORY AND COGNITION,0,0,1,0,0,0,0,0
JOURNAL OF EXPERIMENTAL ZOOLOGY PART A-ECOLOGICAL GENETICS AND PHYSIOLOGY,0,0,0,0,1,0,0,0
JOURNAL OF FIELD ORNITHOLOGY,0,1,2,0,0,0,0,0
JOURNAL OF FISH AND WILDLIFE MANAGEMENT,0,0,1,0,1,0,0,0
JOURNAL OF FISH BIOLOGY,0,1,0,0,0,2,3,0
JOURNAL OF GEOPHYSICAL RESEARCH-BIOGEOSCIENCES,0,0,0,0,0,1,0,0
JOURNAL OF GREAT LAKES RESEARCH,1,1,2,0,1,0,0,0
JOURNAL OF HAZARDOUS MATERIALS,0,0,0,0,0,1,0,0
JOURNAL OF HEREDITY,0,1,0,0,0,0,1,0
JOURNAL OF HOSPITAL INFECTION,0,0,0,0,0,1,0,0
JOURNAL OF IMMUNOLOGY RESEARCH,0,0,0,1,0,0,0,0
JOURNAL OF INSECT CONSERVATION,0,1,1,0,1,0,0,0
JOURNAL OF MAMMALOGY,0,0,1,0,1,0,0,0
JOURNAL OF MEDICAL ENTOMOLOGY,0,0,0,0,0,1,1,0
JOURNAL OF MEDICAL INTERNET RESEARCH,0,0,0,0,1,0,0,0
JOURNAL OF NEUROPHYSIOLOGY,0,0,0,0,0,0,1,0
JOURNAL OF PARASITOLOGY,0,0,0,0,0,1,0,0
JOURNAL OF PEDIATRIC PSYCHOLOGY,0,0,0,0,0,1,0,0
JOURNAL OF PHOTOCHEMISTRY AND PHOTOBIOLOGY B-BIOLOGY,0,0,0,0,0,0,1,0
JOURNAL OF PLANKTON RESEARCH,0,0,0,1,1,0,0,0
JOURNAL OF PLANT ECOLOGY,0,0,0,0,0,0,1,0
JOURNAL OF RAPTOR RESEARCH,0,0,0,0,1,0,0,0
JOURNAL OF SEA RESEARCH,0,1,0,0,0,0,0,0
JOURNAL OF SPEECH LANGUAGE AND HEARING RESEARCH,0,0,0,0,0,0,1,0
JOURNAL OF SPORTS SCIENCES,0,0,0,0,0,0,1,0
JOURNAL OF STATISTICAL COMPUTATION AND SIMULATION,0,0,0,0,1,0,0,0
JOURNAL OF STATISTICAL SOFTWARE,0,0,1,1,1,0,0,0
JOURNAL OF THE AMERICAN GERIATRICS SOCIETY,0,0,0,0,0,1,0,0
JOURNAL OF THE ROYAL SOCIETY INTERFACE,0,0,0,0,0,1,0,0
JOURNAL OF THE TORREY BOTANICAL SOCIETY,0,0,0,1,0,0,0,0
JOURNAL OF THEORETICAL BIOLOGY,0,0,0,0,1,0,0,0
JOURNAL OF TROPICAL ECOLOGY,0,0,0,0,1,0,0,0
JOURNAL OF VEGETATION SCIENCE,0,0,2,0,0,1,0,0
JOURNAL OF WILDLIFE DISEASES,0,0,0,0,0,0,1,0
JOURNAL OF WILDLIFE MANAGEMENT,0,1,0,1,3,1,0,0
JOURNAL OF ZOOLOGY,0,0,0,0,0,1,0,0
LANDSCAPE ECOLOGY,0,0,0,0,1,0,1,0
MALARIA JOURNAL,0,0,0,0,1,0,1,0
MARINE AND COASTAL FISHERIES,1,0,2,0,1,0,0,0
MARINE AND FRESHWATER RESEARCH,0,0,1,0,0,1,1,0
MARINE BIOLOGY,0,1,1,1,1,0,0,1
MARINE ECOLOGY PROGRESS SERIES,0,0,3,4,0,1,0,0
MARINE ENVIRONMENTAL RESEARCH,0,0,0,0,0,1,1,0
MARINE MAMMAL SCIENCE,0,0,1,0,0,0,0,0
MARINE ORNITHOLOGY,0,0,0,0,1,0,0,0
MARINE POLICY,0,0,0,0,1,1,0,0
MARINE POLLUTION BULLETIN,0,0,0,1,0,1,0,0
MEDICAL AND VETERINARY ENTOMOLOGY,0,0,0,0,0,1,1,0
METHODS IN ECOLOGY AND EVOLUTION,1,3,0,2,1,1,0,0
MICROBIAL ECOLOGY,0,0,0,0,0,1,0,0
MOLECULAR ECOLOGY,0,0,1,1,1,0,1,0
MOLECULAR ECOLOGY RESOURCES,0,0,0,1,0,0,0,0
NATURAL AREAS JOURNAL,0,0,0,0,0,0,1,0
NATURE,0,0,0,1,0,0,0,0
NATURE COMMUNICATIONS,0,0,0,0,1,2,1,0
NEW FORESTS,0,0,0,0,0,1,0,0
NEW PHYTOLOGIST,0,0,0,0,0,0,1,0
NEW ZEALAND JOURNAL OF ECOLOGY,0,0,0,0,0,0,1,0
NORTH AMERICAN JOURNAL OF FISHERIES MANAGEMENT,1,0,2,0,2,2,1,0
NORTHWEST SCIENCE,0,0,0,0,1,0,0,0
OCEAN & COASTAL MANAGEMENT,0,0,0,0,0,0,1,0
OCEAN SCIENCE JOURNAL,0,0,0,0,0,0,1,0
OECOLOGIA,0,0,0,2,2,3,3,0
OIKOS,0,0,0,0,1,0,0,0
ORNIS FENNICA,0,0,0,0,0,0,1,0
PAIN,0,0,0,0,0,0,1,0
PALAIOS,0,0,0,0,0,1,0,0
PARASITE,0,0,0,1,0,0,0,0
PARASITES & VECTORS,0,0,1,1,3,5,2,0
PARASITOLOGY,0,0,0,0,0,0,1,0
PEACE ECONOMICS PEACE SCIENCE AND PUBLIC POLICY,0,0,0,0,0,0,1,0
PEDOBIOLOGIA,0,0,0,0,0,1,0,0
PEERJ,0,0,1,1,0,1,3,0
PEST MANAGEMENT SCIENCE,0,0,0,0,0,2,0,0
PHILOSOPHICAL TRANSACTIONS OF THE ROYAL SOCIETY B-BIOLOGICAL SCIENCES,0,0,0,0,0,1,1,0
PLANT BIOLOGY,0,0,0,0,1,0,1,0
PLANT CELL AND ENVIRONMENT,0,0,0,0,0,0,1,0
PLANT ECOLOGY,0,0,0,3,2,2,1,0
PLANT ECOLOGY & DIVERSITY,0,0,0,0,0,1,1,0
PLOS COMPUTATIONAL BIOLOGY,0,0,1,0,0,0,0,0
PLOS GENETICS,0,0,0,1,0,0,0,0
PLOS MEDICINE,0,0,0,0,0,1,0,0
PLOS NEGLECTED TROPICAL DISEASES,0,0,1,0,1,1,0,0
PLOS ONE,1,5,3,5,7,4,9,2
POLAR BIOLOGY,0,0,0,0,0,1,0,0
PROCEEDINGS OF THE NATIONAL ACADEMY OF SCIENCES OF THE UNITED STATES OF AMERICA,0,0,0,0,2,0,0,0
PROCEEDINGS OF THE ROYAL SOCIETY B-BIOLOGICAL SCIENCES,0,0,1,1,0,3,2,0
PROGRESS IN OCEANOGRAPHY,0,0,0,0,0,1,0,0
PSYCHIATRIC SERVICES,0,0,0,1,0,0,0,0
PSYCHOLOGICAL SCIENCE,0,0,0,0,0,1,0,0
PSYCHOLOGY OF ADDICTIVE BEHAVIORS,0,0,0,0,0,0,1,0
R JOURNAL,0,0,0,0,0,1,0,0
RADIOPROTECTION,0,0,0,0,0,0,1,0
RANGELAND JOURNAL,0,0,0,0,0,1,0,0
REMOTE SENSING,0,0,0,0,0,1,0,0
REMOTE SENSING OF ENVIRONMENT,0,0,0,1,0,0,0,0
RESTORATION ECOLOGY,0,0,0,0,1,0,1,0
RIVER RESEARCH AND APPLICATIONS,0,0,0,0,1,0,0,0
RLA-REVISTA DE LINGUISTICA TEORICA Y APLICADA,0,0,1,0,0,0,0,0
ROYAL SOCIETY OPEN SCIENCE,0,0,0,2,1,0,1,0
SCANDINAVIAN JOURNAL OF FOREST RESEARCH,0,0,0,0,0,0,2,1
SCIENCE OF THE TOTAL ENVIRONMENT,0,0,0,0,2,0,2,1
SCIENTIA HORTICULTURAE,0,0,0,0,0,1,0,0
SCIENTIFIC REPORTS,0,0,0,0,3,3,4,2
SCIENTIFICA,0,0,0,0,1,0,0,0
STATISTICAL METHODS IN MEDICAL RESEARCH,0,0,0,0,0,1,0,0
STATISTICS IN MEDICINE,0,0,0,0,3,0,0,0
STRAHLENTHERAPIE UND ONKOLOGIE,0,0,1,0,0,0,0,0
TRANSACTIONS OF THE AMERICAN FISHERIES SOCIETY,2,1,2,1,2,2,0,0
TRANSPORTATION,0,0,0,0,0,0,1,0
TRANSPORTATION RESEARCH PART F-TRAFFIC PSYCHOLOGY AND BEHAVIOUR,0,0,0,0,0,3,0,0
TROPICAL CONSERVATION SCIENCE,0,0,0,0,0,1,0,0
URBAN FORESTRY & URBAN GREENING,0,0,0,0,1,0,1,0
VETERINARY PARASITOLOGY,0,0,0,0,1,1,0,0
VIRUSES-BASEL,0,0,0,0,0,1,0,0
WATERBIRDS,0,0,0,1,0,0,0,0
WILDLIFE RESEARCH,0,0,0,1,1,0,0,0
WILDLIFE SOCIETY BULLETIN,0,0,0,0,0,1,0,0
WILSON JOURNAL OF ORNITHOLOGY,0,1,0,0,0,0,1,0
ZOOKEYS,0,0,0,0,0,0,1,0
ZOOLOGY,0,0,0,0,1,1,0,0

Shannon–Weaver index
Year  H
2012 2.15353
2013 3.10399
2014 3.9233
2015 3.98333
2016 4.48594
2017 4.63313
2018 4.61614
2019 2.79972
