Processing  3  files:
1 oldADMB_citation_matrix.csv
2 ADMB_citation_matrix.csv
3 TMB_citation_matrix.csv
citation_matrix.csv

records read read =  455
citations read =  1163
nyear =  25
njour =  385

JOURNAL,1990,1992,1994,1998,1999,2000,2001,2002,2003,2004,2005,2006,2007,2008,2009,2010,2011,2012,2013,2014,2015,2016,2017,2018,2019
,0,0,0,0,0,0,0,0,0,0,0,0,0,0,0,0,0,0,1,0,0,0,0,0,0
18TH WORLD IMACS CONGRESS AND MODSIM09 INTERNATIONAL CONGRESS ON MODELLING AND SIMULATION,0,0,0,0,0,0,0,0,0,0,0,0,0,0,1,0,0,0,0,0,0,0,0,0,0
ACTA CHIROPTEROLOGICA,0,0,0,0,0,0,0,0,0,0,0,0,0,0,0,0,0,0,0,0,0,0,0,1,0
ACTA ICHTHYOLOGICA ET PISCATORIA,0,0,0,0,0,0,0,0,0,0,0,0,0,0,0,0,0,0,0,0,1,0,0,0,0
ACTA OECOLOGICA,0,0,0,0,0,0,0,0,0,1,0,0,0,0,0,0,0,0,0,0,0,0,0,0,0
ACTA SOCIETATIS BOTANICORUM POLONIAE,0,0,0,0,0,0,0,0,0,0,0,0,0,0,0,0,0,0,0,0,0,0,1,0,0
ADDICTION,0,0,0,0,0,0,0,0,0,0,0,0,0,0,0,0,0,0,1,0,0,0,0,0,0
ADDICTIVE BEHAVIORS,0,0,0,0,0,0,0,0,0,0,0,0,0,0,0,0,0,0,0,0,0,0,1,0,0
AFRICAN JOURNAL OF ECOLOGY,0,0,0,0,0,0,0,0,0,0,0,0,0,0,0,0,0,0,0,0,0,0,0,1,0
AFRICAN JOURNAL OF MARINE SCIENCE,0,0,0,0,0,0,0,0,0,0,0,0,1,0,0,0,0,0,1,1,1,0,1,1,0
AFRICAN ZOOLOGY,0,0,0,0,0,0,0,0,0,0,0,0,0,0,0,1,0,0,0,0,0,0,0,0,0
AGRICULTURAL AND FOREST ENTOMOLOGY,0,0,0,0,0,0,0,0,0,0,0,0,0,0,0,0,0,0,0,0,0,0,1,0,0
AGRICULTURAL AND FOREST METEOROLOGY,0,0,0,0,0,0,0,0,0,0,0,0,0,0,0,0,0,0,0,0,0,0,0,1,0
AGRICULTURE ECOSYSTEMS & ENVIRONMENT,0,0,0,0,0,0,0,0,0,0,0,0,0,0,0,0,0,0,0,0,0,2,2,1,0
AGROFORESTRY SYSTEMS,0,0,0,0,0,0,0,0,0,0,0,0,0,0,0,0,0,0,0,0,1,0,0,0,0
AIDS,0,0,0,0,0,0,0,0,0,0,0,0,0,0,0,0,0,0,0,0,0,0,1,0,0
ALASKA SEA GRANT COLLEGE PROGRAM,0,0,0,0,1,0,0,0,0,0,0,0,0,0,0,0,0,0,0,0,0,0,0,0,0
ALPHA-REVISTA DE ARTES LETRAS Y FILOSOFIA,0,0,0,0,0,0,0,0,0,0,0,0,0,0,0,0,0,0,0,0,0,0,0,1,0
AMERICAN FISHERIES SOCIETY SYMPOSIUM,0,0,0,0,0,0,1,0,1,0,0,0,0,0,0,0,0,0,0,0,0,0,0,0,0
AMERICAN JOURNAL OF AGRICULTURAL ECONOMICS,0,0,0,0,0,0,0,0,0,0,0,0,1,0,0,0,0,0,0,0,0,0,0,0,0
AMERICAN JOURNAL OF BOTANY,0,0,0,0,0,0,0,0,0,0,0,0,0,0,0,0,0,0,0,0,0,1,1,1,1
AMERICAN JOURNAL OF PHYSICAL ANTHROPOLOGY,0,0,0,0,0,0,0,0,0,0,0,0,0,0,0,0,0,0,0,0,1,0,0,2,0
AMERICAN JOURNAL OF PRIMATOLOGY,0,0,0,0,0,0,0,0,0,0,0,0,0,0,0,0,0,0,0,0,1,0,0,1,0
AMERICAN JOURNAL OF TRANSPLANTATION,0,0,0,0,0,0,0,0,0,0,0,0,0,0,0,0,0,0,0,0,1,0,0,0,0
AMERICAN JOURNAL OF TROPICAL MEDICINE AND HYGIENE,0,0,0,0,0,0,0,0,0,0,0,0,0,0,0,0,0,0,0,0,0,0,0,1,0
AMERICAN JOURNALL OF EPIDEMIOLOGY,0,0,0,0,0,0,0,0,0,0,0,0,1,0,0,0,0,0,0,0,0,0,0,0,0
AMERICAN NATURALIST,0,0,0,0,0,0,0,0,0,0,0,0,0,0,0,0,0,0,0,0,1,1,1,0,0
ANIMAL BEHAVIOUR,0,0,0,0,0,0,0,0,0,0,0,0,0,0,0,0,0,0,0,1,1,5,4,0,0
ANIMAL BIODIVERSITY AND CONSERVATION,0,0,0,0,0,0,0,0,0,1,0,0,0,0,0,0,0,0,0,0,0,0,0,0,0
ANNALES DE LIMNOLOGIE-INTERNATIONAL JOURNAL OF LIMNOLOGY,0,0,0,0,0,0,0,0,0,0,0,0,0,0,0,0,0,0,0,0,1,1,0,0,0
ANNALS OF APPLIED STATISTICS,0,0,0,0,0,0,0,0,0,0,0,0,0,0,0,0,0,0,0,0,0,0,1,0,0
ANNALS OF BOTANY,0,0,0,0,0,0,0,0,0,0,0,0,0,0,0,0,0,0,0,0,0,0,1,2,0
ANNALS OF FOREST SCIENCE,0,0,0,0,0,0,0,0,0,0,0,0,0,0,0,0,0,0,0,0,2,0,0,0,0
ANNUAL REVIEW OF STATISTICS AND ITS APPLICATION VOL 5,0,0,0,0,0,0,0,0,0,0,0,0,0,0,0,0,0,0,0,0,0,0,0,2,0
AOB PLANTS,0,0,0,0,0,0,0,0,0,0,0,0,0,0,0,0,0,0,0,0,1,0,0,0,0
APPLIED ANIMAL BEHAVIOUR SCIENCE,0,0,0,0,0,0,0,0,0,0,0,0,0,0,0,0,0,0,0,0,0,0,0,1,0
APPLIED SOIL ECOLOGY,0,0,0,0,0,0,0,0,0,0,0,0,0,0,0,0,0,0,0,0,0,1,0,0,0
APPLIED VEGETATION SCIENCE,0,0,0,0,0,0,0,0,0,0,0,0,0,0,0,0,0,0,0,0,0,1,0,0,0
AQUACULTURE,0,0,0,0,0,0,0,0,0,0,0,0,0,0,0,0,0,0,0,0,0,1,0,1,0
AQUACULTURE ECONOMICS & MANAGEMENT,0,0,0,0,0,0,0,0,0,0,0,0,0,0,0,0,0,0,0,1,0,0,0,0,0
AQUATIC BIOLOGY,0,0,0,0,0,0,0,0,0,0,0,0,0,0,0,1,0,0,0,0,0,0,0,0,0
AQUATIC BOTANY,0,0,0,0,0,0,0,0,0,0,0,0,0,0,0,0,0,0,0,0,0,0,0,1,0
AQUATIC CONSERVATION-MARINE AND FRESHWATER ECOSYSTEMS,0,0,0,0,0,0,0,0,0,0,0,0,0,0,0,0,0,0,0,0,0,1,0,0,0
AQUATIC LIVING RESOURCES,0,0,0,0,0,1,0,1,0,0,0,0,0,0,0,0,0,0,0,0,0,1,0,0,0
AQUATIC MAMMALS,0,0,0,0,0,0,0,0,0,0,0,0,0,0,0,0,0,0,0,0,1,0,0,0,0
AQUATIC TOXICOLOGY,0,0,0,0,0,0,0,0,0,0,0,0,0,0,0,0,0,0,0,0,0,0,1,0,0
ARCTIC ANTARCTIC AND ALPINE RESEARCH,0,0,0,0,0,0,0,0,0,0,0,0,0,0,0,0,0,0,0,0,0,0,0,1,0
ARDEOLA,0,0,0,0,0,0,0,0,0,0,0,0,0,0,0,0,0,0,0,0,0,0,1,0,0
ARTHROPOD-PLANT INTERACTIONS,0,0,0,0,0,0,0,0,0,0,0,0,0,0,0,0,0,0,0,0,1,0,1,3,0
ARTIFICIAL ORGANS,0,0,0,0,0,0,0,0,0,0,0,0,0,0,0,0,0,0,0,0,0,1,0,0,0
ASTA-ADVANCES IN STATISTICAL ANALYSIS,0,0,0,0,0,0,0,0,0,0,0,0,0,0,0,0,0,0,0,0,0,0,1,0,0
ASTROPHYSICAL JOURNAL,0,0,0,0,0,0,0,0,0,0,0,0,0,0,0,0,0,0,0,0,0,1,0,0,0
AUSTRAL ECOLOGY,0,0,0,0,0,0,0,0,0,0,0,0,0,0,0,0,0,0,0,0,0,0,1,1,0
AUSTRALIAN AND NEW ZEALAND JOURNAL OF STATISTICS,0,0,0,0,0,0,0,0,0,1,0,0,0,0,0,0,0,0,0,0,0,0,0,0,0
AUSTRALIAN JOURNAL OF BOTANY,0,0,0,0,0,0,0,0,0,0,0,0,0,0,0,0,0,0,0,0,0,0,0,1,0
AUSTRALIAN JOURNAL OF MARINE AND FRESHWATER RESEARCH,0,0,0,0,0,0,1,0,0,0,0,0,0,0,0,0,0,0,0,0,0,0,0,0,0
AVIAN CONSERVATION AND ECOLOGY,0,0,0,0,0,0,0,0,0,0,0,0,0,0,0,0,0,0,0,0,0,0,0,1,0
BASIC AND APPLIED ECOLOGY,0,0,0,0,0,0,0,0,0,0,0,0,0,0,0,0,0,0,0,0,0,1,0,1,0
BEHAVIOR GENETICS,0,0,0,0,0,0,0,0,0,0,0,0,0,0,0,0,0,0,0,0,0,0,1,0,0
BEHAVIORAL ECOLOGY,0,0,0,0,0,0,0,0,0,0,0,0,0,0,0,0,0,0,0,1,5,0,2,0,0
BEHAVIORAL ECOLOGY AND SOCIOBIOLOGY,0,0,0,0,0,0,0,0,0,0,0,0,0,0,0,0,0,0,0,1,2,1,1,6,0
BEHAVIOURAL PROCESSES,0,0,0,0,0,0,0,0,0,0,0,0,0,0,0,0,0,0,0,0,0,1,1,0,0
BIOCONTROL,0,0,0,0,0,0,0,0,0,0,0,0,0,0,0,0,0,0,0,0,0,1,1,0,0
BIODIVERS CONSERV,0,0,0,0,0,0,0,0,0,0,0,0,0,0,1,0,0,0,0,0,0,0,0,0,0
BIODIVERSITY AND CONSERVATION,0,0,0,0,0,0,0,0,0,0,0,0,0,0,0,0,0,0,1,1,0,0,2,3,0
BIOLOGICAL CONSERVATION,0,0,0,0,0,0,0,0,0,0,0,0,0,0,1,0,0,0,0,0,2,2,4,2,0
BIOLOGICAL CONTROL,0,0,0,0,0,0,0,0,0,0,0,0,0,0,0,0,0,0,0,0,0,0,1,0,0
BIOLOGICAL INVASIONS,0,0,0,0,0,0,0,0,0,0,0,0,0,0,0,0,0,0,0,0,1,1,2,1,1
BIOLOGICAL JOURNAL OF THE LINNEAN SOCIETY,0,0,0,0,0,0,0,0,0,0,0,0,0,0,0,0,0,0,0,1,0,0,0,1,0
BIOLOGY LETTERS,0,0,0,0,0,0,0,0,0,0,0,0,0,0,0,0,0,0,0,1,1,1,0,0,0
BIOMETRICAL JOURNAL,0,0,0,0,0,0,0,0,0,0,0,0,0,0,0,0,0,0,0,0,0,1,0,0,0
BIOMETRICS,0,0,0,0,0,0,0,0,0,0,0,0,0,0,0,0,0,0,1,1,0,0,0,0,0
BIOSTATISTICS,0,0,0,0,0,0,0,0,0,0,0,0,0,0,0,0,0,0,1,1,0,0,0,0,0
BIOTROPICA,0,0,0,0,0,0,0,0,0,0,0,0,0,0,0,0,0,0,0,0,0,0,2,0,0
BIRD CONSERVATION INTERNATIONAL,0,0,0,0,0,0,0,0,0,0,0,0,0,0,0,0,0,0,0,0,1,0,0,0,0
BIRD STUDY,0,0,0,0,0,0,0,0,0,0,0,0,0,0,0,0,0,0,0,0,0,0,2,2,0
BMC ECOLOGY,0,0,0,0,0,0,0,0,0,0,0,0,0,0,0,0,0,0,0,0,0,0,1,0,0
BMC EVOLUTIONARY BIOLOGY,0,0,0,0,0,0,0,0,0,0,0,0,0,0,0,0,0,0,0,0,1,0,0,0,0
BMC FAMILY PRACTICE,0,0,0,0,0,0,0,0,0,0,0,0,0,0,0,0,0,0,0,0,0,0,0,1,0
BMC MEDICAL RESEARCH METHODOLOGY,0,0,0,0,0,0,0,0,0,0,0,0,0,0,0,0,0,0,0,0,0,1,0,0,0
BOTANICAL JOURNAL OF THE LINNEAN SOCIETY,0,0,0,0,0,0,0,0,0,0,0,0,0,0,0,0,0,0,0,0,0,1,1,0,0
BOTANICAL SCIENCES,0,0,0,0,0,0,0,0,0,0,0,0,0,0,0,0,0,0,0,0,0,1,0,0,0
BRAZILIAN JOURNAL OF BIOLOGY,0,0,0,0,0,0,0,0,0,0,0,0,0,0,0,0,0,0,0,0,0,1,0,0,0
BULLETIN OF ENTOMOLOGICAL RESEARCH,0,0,0,0,0,0,0,0,0,0,0,0,0,0,0,0,0,0,0,1,0,0,0,0,0
BULLETIN OF MARINE SCIENCE,0,0,0,0,0,0,1,0,0,0,0,1,0,0,0,0,0,0,0,0,0,0,0,2,0
BULLETIN OF THE SEISMOLOGICAL SOCIETY OF AMERICA,0,0,0,0,0,0,0,0,0,0,0,0,0,0,0,0,0,0,0,0,0,0,1,0,0
CANADIAN ENTOMOLOGIST,0,0,0,0,0,0,0,0,0,0,0,0,0,0,0,0,0,0,0,0,0,0,1,0,0
CANADIAN JOURNAL OF FISHERIES AND AQUATIC SCIENCES,1,0,1,1,2,0,2,3,2,2,4,1,4,6,2,3,1,2,3,1,5,6,12,10,4
CANADIAN JOURNAL OF FOREST RESEARCH,0,0,0,0,0,0,0,0,0,0,0,0,0,0,0,0,0,0,0,0,0,0,0,0,1
CANADIAN JOURNAL OF LINGUISTICS-REVUE CANADIENNE DE LINGUISTIQUE,0,0,0,0,0,0,0,0,0,0,0,0,0,0,0,0,0,0,0,0,0,0,0,1,0
CANADIAN JOURNAL OF ZOOLOGY,0,0,0,0,0,0,0,0,0,0,0,0,0,0,0,0,0,0,0,1,0,3,1,0,0
CCAMLR SCIENCE,0,0,0,0,0,0,0,0,0,0,0,0,0,0,0,0,0,0,0,1,0,0,0,0,0
CELL,0,0,0,0,0,0,0,0,0,0,0,0,0,0,0,0,0,0,0,0,0,1,0,0,0
CHEMOSPHERE,0,0,0,0,0,0,0,0,0,0,0,0,0,0,0,0,0,0,0,0,0,0,1,0,0
CHILD DEVELOPMENT,0,0,0,0,0,0,0,0,0,0,0,0,0,0,0,0,0,0,0,0,0,1,0,0,0
CHILEAN JOURNAL OF AGRICULTURAL & ANIMAL SCIENCES,0,0,0,0,0,0,0,0,0,0,0,0,0,0,0,0,0,0,0,0,0,0,1,0,0
CLINICAL SCIENCE,0,0,0,0,0,0,0,0,0,0,0,0,0,0,0,0,0,0,0,0,1,0,0,0,0
COMMUNITY DENTAL HEALTH,0,0,0,0,0,0,0,0,0,0,0,0,0,0,0,0,0,0,0,0,0,0,0,1,0
COMPUTATIONAL STATISTICS & DATA ANALYSIS,0,0,0,0,0,0,0,0,0,0,0,0,0,0,0,0,0,0,0,0,0,0,0,1,0
COMPUTATIONAL STATISTICS AND DATA ANALYSIS,0,0,0,0,0,0,0,0,0,0,0,1,0,0,0,0,0,0,0,0,0,0,0,0,0
COMPUTERS IN FISHERIES POPULATION DYNAMICS,0,0,0,0,0,0,0,0,0,0,0,0,0,0,1,0,0,0,0,0,0,0,0,0,0
CONTINENTAL SHELF RESEARCH,0,0,0,0,0,0,0,0,0,0,0,0,0,1,0,0,0,0,0,0,0,0,0,0,0
CORAL REEFS,0,0,0,0,0,0,0,0,0,0,0,0,0,0,0,0,0,0,0,0,0,0,1,0,0
CRIMINAL JUSTICE AND BEHAVIOR,0,0,0,0,0,0,0,0,0,0,0,0,0,0,0,0,0,0,0,1,0,0,0,0,0
CURRENT BIOLOGY,0,0,0,0,0,0,0,0,0,0,0,0,0,0,0,0,0,0,0,0,0,1,1,0,0
CURRENT ZOOLOGY,0,0,0,0,0,0,0,0,0,0,0,0,0,0,0,0,0,0,0,0,0,0,1,0,1
DEEP-SEA RESEARCH PART I-OCEANOGRAPHIC RESEARCH PAPERS,0,0,0,0,0,0,0,0,0,0,0,0,0,0,0,0,0,0,0,0,0,1,0,0,0
DEEP-SEA RESEARCH PART II-TOPICAL STUDIES IN OCEANOGRAPHY,0,0,0,0,0,0,0,0,0,0,0,0,0,0,0,0,0,0,0,1,0,3,2,0,0
DEPRESSION AND ANXIETY,0,0,0,0,0,0,0,0,0,0,0,0,0,0,0,0,0,0,0,0,0,0,0,1,0
DIABETES CARE,0,0,0,0,0,0,0,0,0,0,0,0,0,0,0,0,0,0,0,0,0,1,0,0,0
DISEASES OF AQUATIC ORGANISMS,0,0,0,0,0,0,0,0,0,0,0,0,0,0,0,1,0,0,0,0,0,0,0,0,0
DIVERSITY AND DISTRIBUTIONS,0,0,0,0,0,0,0,0,0,0,0,0,0,0,0,0,0,0,0,1,1,0,0,1,1
DIVERSITY-BASEL,0,0,0,0,0,0,0,0,0,0,0,0,0,0,0,0,0,0,0,0,0,0,1,1,0
ECOGRAPHY,0,0,0,0,0,0,0,0,0,0,0,0,0,0,0,0,0,0,0,0,1,0,2,0,0
ECOLOGICAL APPLICATIONS,0,0,0,0,0,0,0,0,1,0,0,0,0,1,0,0,0,0,1,0,2,1,3,2,0
ECOLOGICAL ENGINEERING,0,0,0,0,0,0,0,0,0,0,0,0,0,0,0,0,0,0,0,0,0,0,1,1,0
ECOLOGICAL ENTOMOLOGY,0,0,0,0,0,0,0,0,0,0,0,0,0,0,0,0,0,0,0,0,0,1,1,0,0
ECOLOGICAL INDICATORS,0,0,0,0,0,0,0,0,0,0,0,0,0,0,0,0,0,0,0,0,0,0,1,4,0
ECOLOGICAL INFORMATICS,0,0,0,0,0,0,0,0,0,0,0,0,0,0,0,0,0,0,0,0,0,0,0,0,1
ECOLOGICAL MODELLING,0,0,0,0,0,0,0,0,0,0,0,0,0,0,1,0,0,0,0,1,0,1,0,0,0
ECOLOGICAL MONOGRAPHS,0,0,0,0,0,0,0,0,0,0,0,0,0,0,0,0,0,0,0,1,0,0,0,0,0
ECOLOGICAL RESEARCH,0,0,0,0,0,0,0,0,0,0,0,0,0,0,0,0,0,0,0,0,0,1,0,0,0
ECOLOGY,0,0,0,0,0,0,0,0,0,0,0,0,0,0,0,0,0,0,0,1,2,2,8,2,1
ECOLOGY AND EVOLUTION,0,0,0,0,0,0,0,0,0,0,0,0,0,0,0,0,0,0,1,1,1,2,5,2,0
ECOLOGY LETTERS,0,0,0,0,0,0,0,0,0,0,0,0,0,0,0,0,0,0,1,1,0,1,0,0,0
ECONOMETRICS JOURNAL,0,0,0,0,0,0,0,0,2,0,0,0,0,0,0,0,0,0,0,0,0,0,0,0,0
ECOSPHERE,0,0,0,0,0,0,0,0,0,0,0,0,0,0,0,0,0,0,0,0,3,3,3,1,0
ECOSYSTEMS,0,0,0,0,0,0,0,0,0,0,0,0,0,0,0,0,0,0,0,1,0,0,0,0,0
ELECTRONIC TAGGING AND TRACKING IN MARINE FISHERIES,0,0,0,0,0,0,1,0,0,0,0,0,0,0,0,0,0,0,0,0,0,0,0,0,0
ELIFE,0,0,0,0,0,0,0,0,0,0,0,0,0,0,0,0,0,0,0,0,0,1,1,0,0
ENVIRONMENTAL AND ECOLOGICAL STATISTICS,0,0,0,0,0,0,0,0,0,0,0,1,0,1,0,0,0,0,1,0,1,1,2,0,0
ENVIRONMENTAL BIOLOGY OF FISHES,0,0,1,0,0,0,0,0,0,0,0,0,0,0,0,0,0,0,0,0,1,0,0,2,1
ENVIRONMENTAL CONSERVATION,0,0,0,0,0,0,0,0,0,0,0,0,0,0,0,0,0,0,1,0,0,0,0,0,0
ENVIRONMENTAL DEVELOPMENT,0,0,0,0,0,0,0,0,0,0,0,0,0,0,0,0,0,0,0,0,0,1,0,0,0
ENVIRONMENTAL ENTOMOLOGY,0,0,0,0,0,0,0,0,0,0,0,0,0,0,0,0,0,0,0,0,0,1,0,2,0
ENVIRONMENTAL MANAGEMENT,0,0,0,0,0,0,0,0,0,0,0,0,0,0,0,0,0,0,0,1,0,1,0,0,0
ENVIRONMENTAL MODELLING & SOFTWARE,0,0,0,0,0,0,0,0,0,0,0,0,0,0,0,0,0,0,0,0,0,0,0,0,1
ENVIRONMENTAL POLLUTION,0,0,0,0,0,0,0,0,0,0,0,0,0,0,0,0,0,0,0,0,0,0,0,1,0
ENVIRONMENTAL RESEARCH LETTERS,0,0,0,0,0,0,0,0,0,0,0,0,0,0,0,0,0,0,0,0,0,1,0,1,0
ENVIRONMENTAL SCIENCE & TECHNOLOGY,0,0,0,0,0,0,0,0,0,0,0,0,0,0,0,0,0,0,0,0,1,0,0,1,0
EPIDEMICS,0,0,0,0,0,0,0,0,0,0,0,0,0,0,0,0,0,0,0,1,0,0,0,0,0
ESTUARIES AND COASTS,0,0,0,0,0,0,0,0,0,0,0,0,0,0,0,0,0,0,0,0,0,0,0,1,0
ETHOLOGY,0,0,0,0,0,0,0,0,0,0,0,0,0,0,0,0,0,0,0,0,1,2,1,0,0
EUROPEAN JOURNAL OF SOIL BIOLOGY,0,0,0,0,0,0,0,0,0,0,0,0,0,0,0,0,0,0,0,0,0,0,1,0,0
EUROPEAN JOURNAL OF WILDLIFE RESEARCH,0,0,0,0,0,0,0,0,0,0,0,0,0,0,0,0,0,0,0,0,0,0,2,0,0
EVOLUTION,0,0,0,0,0,0,0,0,0,0,0,0,0,0,0,0,0,0,0,0,0,1,0,3,0
EVOLUTION LETTERS,0,0,0,0,0,0,0,0,0,0,0,0,0,0,0,0,0,0,0,0,0,0,1,2,0
EVOLUTIONARY APPLICATIONS,0,0,0,0,0,0,0,0,0,0,0,0,0,0,0,0,0,0,0,0,0,0,0,1,0
EVOLUTIONARY ECOLOGY,0,0,0,0,0,0,0,0,0,0,0,0,0,0,0,0,0,0,0,1,0,0,0,0,0
EVOLUTIONARY PSYCHOLOGY,0,0,0,0,0,0,0,0,0,0,0,0,0,0,0,0,0,0,0,0,0,0,0,1,0
FIRE ECOLOGY,0,0,0,0,0,0,0,0,0,0,0,0,0,0,0,0,0,0,0,0,0,0,1,0,0
FISH AND FISHERIES,0,0,0,0,0,0,0,0,1,0,0,0,1,0,0,0,0,0,1,0,0,0,3,1,1
FISHERIES,0,0,0,0,0,0,0,0,0,0,0,0,0,0,0,0,0,0,1,0,0,0,0,0,0
FISHERIES MANAGEMENT AND ECOLOGY,0,0,0,0,0,0,0,0,0,0,0,0,0,0,0,1,0,0,0,1,0,1,0,0,0
FISHERIES OCEANOGRAPHY,0,0,0,0,0,0,0,0,1,0,0,1,1,0,0,0,0,0,0,2,1,0,1,1,0
FISHERIES RESEARCH,0,0,0,0,0,0,0,0,2,1,2,5,1,2,4,0,0,7,16,10,10,14,15,8,11
FISHERIES SCIENCE,0,0,0,0,0,0,0,0,0,0,0,0,0,0,0,0,0,0,0,0,0,0,1,0,0
FISHERIES STOCK ASSESSMENT MODELS ALASKA SEA GRANT COLLEGE PROGRAM,0,0,0,1,0,0,0,0,0,0,0,0,0,0,0,0,0,0,0,0,0,0,0,0,0
FISHERY BULLETIN,0,0,0,0,0,0,1,0,3,0,0,0,1,0,0,0,0,0,0,0,0,1,2,0,0
FISHERY STOCK ASSESSMENT MODELS PROCEEDINGS OF THE INTERNATIONAL SYMPOSIUM ON FISHERY STOCK ASSESSMENT MODELS FOR THE 21ST CENTURY,0,0,0,3,0,0,0,0,0,0,0,0,0,0,0,0,0,0,0,0,0,0,0,0,0
FOLIA PRIMATOLOGICA,0,0,0,0,0,0,0,0,0,0,0,0,0,0,0,0,0,0,0,0,0,0,0,2,0
FOREST ECOLOGY AND MANAGEMENT,0,0,0,0,0,0,0,0,0,0,0,0,0,0,0,0,0,0,1,0,3,2,2,5,1
FOREST SCIENCE,0,0,0,0,0,0,0,0,0,0,0,0,0,0,0,0,0,0,0,1,0,0,0,0,0
FORESTRY,0,0,0,0,0,0,0,0,0,0,0,0,0,0,0,0,0,0,0,0,0,0,1,1,0
FORESTS,0,0,0,0,0,0,0,0,0,0,0,0,0,0,0,0,0,0,0,0,0,0,0,0,1
FRESHWATER BIOLOGY,0,0,0,0,0,0,0,0,0,0,0,0,0,0,0,0,0,0,0,0,1,1,0,0,0
FRONTIERS IN ECOLOGY AND THE ENVIRONMENT,0,0,0,0,0,0,0,0,0,0,0,0,0,0,0,0,0,0,0,0,0,1,0,0,0
FRONTIERS IN GENETICS,0,0,0,0,0,0,0,0,0,0,0,0,0,0,0,0,0,0,0,1,0,0,0,0,0
FRONTIERS IN MARINE SCIENCE,0,0,0,0,0,0,0,0,0,0,0,0,0,0,0,0,0,0,0,0,0,0,1,2,0
FRONTIERS IN MICROBIOLOGY,0,0,0,0,0,0,0,0,0,0,0,0,0,0,0,0,0,0,0,0,1,0,0,2,0
FRONTIERS IN NEUROSCIENCE,0,0,0,0,0,0,0,0,0,0,0,0,0,0,0,0,0,0,0,0,0,0,1,0,0
FRONTIERS IN PLANT SCIENCE,0,0,0,0,0,0,0,0,0,0,0,0,0,0,0,0,0,0,0,0,0,0,1,1,0
FRONTIERS IN PSYCHOLOGY,0,0,0,0,0,0,0,0,0,0,0,0,0,0,0,0,0,0,0,0,0,0,0,1,0
FRONTIERS IN VETERINARY SCIENCE,0,0,0,0,0,0,0,0,0,0,0,0,0,0,0,0,0,0,0,0,0,0,1,1,0
FRONTIERS IN ZOOLOGY,0,0,0,0,0,0,0,0,0,0,0,0,0,0,0,0,0,0,0,0,1,1,0,0,0
FUNCTIONAL ECOLOGY,0,0,0,0,0,0,0,0,0,0,0,0,0,0,0,0,0,0,0,0,0,0,0,1,0
FUNGAL ECOLOGY,0,0,0,0,0,0,0,0,0,0,0,0,0,0,0,0,0,0,0,0,0,1,0,0,0
GENETICS,0,0,0,0,0,0,0,0,0,0,0,1,0,0,0,0,0,0,0,0,0,0,0,0,0
GENETICS SELECTION EVOLUTION,0,0,0,0,0,0,0,0,0,0,0,0,0,0,0,0,0,0,0,0,1,0,0,0,0
GEODERMA,0,0,0,0,0,0,0,0,0,0,0,0,0,0,0,0,0,0,0,0,0,0,0,1,0
GLOBAL CHANGE BIOLOGY,0,0,0,0,0,0,0,0,0,0,0,0,0,0,0,0,0,0,0,0,2,2,2,4,1
GLOBAL CHANGE BIOLOGY BIOENERGY,0,0,0,0,0,0,0,0,0,0,0,0,0,0,0,0,0,0,0,0,1,0,0,0,0
GLOBAL ECOLOGY AND BIOGEOGRAPHY,0,0,0,0,0,0,0,0,0,0,0,0,0,0,0,0,0,0,0,0,0,2,0,0,0
GLOBAL ECOLOGY AND CONSERVATION,0,0,0,0,0,0,0,0,0,0,0,0,0,0,0,0,0,0,0,0,0,1,0,0,0
GRASS AND FORAGE SCIENCE,0,0,0,0,0,0,0,0,0,0,0,0,0,0,0,0,0,0,0,0,0,1,1,0,0
GULF OF MEXICO SCIENCE,0,0,0,0,0,0,0,0,0,1,0,0,0,0,0,0,0,0,0,0,0,0,0,0,0
HEALTH & PLACE,0,0,0,0,0,0,0,0,0,0,0,0,0,0,0,0,0,0,0,1,0,0,0,1,0
HEREDITY,0,0,0,0,0,0,0,0,0,0,0,0,0,0,0,0,0,0,0,0,0,2,0,0,0
HERPETOLOGICA,0,0,0,0,0,0,0,0,0,0,0,0,0,0,0,0,0,0,0,0,0,0,1,0,0
HERPETOLOGICAL CONSERVATION AND BIOLOGY,0,0,0,0,0,0,0,0,0,0,0,0,0,0,0,0,0,0,0,0,0,1,0,0,0
HIV MEDICINE,0,0,0,0,0,0,0,0,0,0,0,0,0,0,0,0,0,0,0,0,0,0,0,1,0
HORMONES AND BEHAVIOR,0,0,0,0,0,0,0,0,0,0,0,0,0,0,0,0,0,0,0,0,0,1,0,1,0
HYDROBIOLOGIA,0,0,0,0,0,0,0,0,0,0,0,0,0,0,0,0,0,0,0,0,2,0,2,2,0
IBIS,0,0,0,0,0,0,0,0,0,0,0,0,0,0,0,0,0,0,0,0,1,0,0,1,0
ICES JOURNAL OF MARINE SCIENCE,0,0,0,0,1,1,1,0,0,0,1,1,1,1,2,1,0,1,1,5,13,5,7,7,0
IEEE ACCESS,0,0,0,0,0,0,0,0,0,0,0,0,0,0,0,0,0,0,0,0,0,0,0,1,0
IFOREST-BIOGEOSCIENCES AND FORESTRY,0,0,0,0,0,0,0,0,0,0,0,0,0,0,0,0,0,0,0,0,0,1,0,0,0
INDIAN JOURNAL OF FISHERIES,0,0,0,0,0,0,0,0,0,0,0,0,0,0,0,0,0,0,0,0,0,0,0,2,0
INSECT SCIENCE,0,0,0,0,0,0,0,0,0,0,0,0,0,0,0,0,0,0,0,0,0,0,0,0,1
INSECTS,0,0,0,0,0,0,0,0,0,0,0,0,0,0,0,0,0,0,0,0,0,0,1,0,0
INSURANCE: MATHEMATICS AND ECONOMICS,0,0,0,0,0,0,0,0,0,0,0,0,0,1,0,0,0,0,0,0,0,0,0,0,0
INTER-AMERICAN TROPICAL TUNA COMMISSION BULLETIN,0,0,0,0,0,0,0,1,1,0,0,0,0,0,0,0,0,0,0,0,0,0,0,0,0
INTER-AMERICAN TROPICAL TUNA COMMISSION SPECIAL REPORT,0,0,0,0,0,0,0,0,0,0,0,1,0,0,0,0,0,0,0,0,0,0,0,0,0
INTERNATIONAL INTERACTIONS,0,0,0,0,0,0,0,0,0,0,0,0,0,0,0,0,0,0,0,0,0,0,0,1,0
INTERNATIONAL JOURNAL FOR PARASITOLOGY-PARASITES AND WILDLIFE,0,0,0,0,0,0,0,0,0,0,0,0,0,0,0,0,0,0,0,0,0,0,1,0,0
INTERNATIONAL JOURNAL OF MOLECULAR SCIENCES,0,0,0,0,0,0,0,0,0,0,0,0,0,0,0,0,0,0,0,0,0,0,0,1,0
INTERNATIONAL JOURNAL OF PRIMATOLOGY,0,0,0,0,0,0,0,0,0,0,0,0,0,0,0,0,0,0,0,0,0,0,1,0,0
INTERNATIONAL JOURNAL OF SPELEOLOGY,0,0,0,0,0,0,0,0,0,0,0,0,0,0,0,0,0,0,0,1,0,0,0,0,0
INTERNATIONAL JOURNAL OF WILDLAND FIRE,0,0,0,0,0,0,0,0,0,0,0,0,0,0,0,0,0,0,0,0,0,0,1,0,0
JAMA INTERNAL MEDICINE,0,0,0,0,0,0,0,0,0,0,0,0,0,0,0,0,0,0,0,0,0,0,1,0,0
JAMA-JOURNAL OF THE AMERICAN MEDICAL ASSOCIATION,0,0,0,0,0,0,0,0,0,0,0,0,0,0,0,0,0,0,0,0,0,1,3,2,0
JOURNAL OF AFFECTIVE DISORDERS,0,0,0,0,0,0,0,0,0,0,0,0,0,0,0,0,0,0,0,0,0,1,0,0,0
JOURNAL OF AGRICULTURAL BIOLOGICAL AND ENVIRONMENTAL STATISTICS,0,0,0,0,0,0,0,0,0,0,0,0,0,0,0,2,0,0,0,0,0,0,1,0,0
JOURNAL OF ANIMAL ECOLOGY,0,0,0,0,0,0,0,0,0,0,0,0,0,0,0,0,0,0,1,0,1,0,0,3,0
JOURNAL OF APPLIED ECOLOGY,0,0,0,0,0,0,0,0,0,0,0,0,0,0,0,0,0,1,0,0,1,0,1,0,1
JOURNAL OF APPLIED ENTOMOLOGY,0,0,0,0,0,0,0,0,0,0,0,0,0,0,0,0,0,0,0,0,0,0,0,1,0
JOURNAL OF APPLIED ICHTHYOLOGY,0,0,0,0,0,0,0,0,0,0,0,0,0,0,0,0,0,0,0,0,0,0,0,1,0
JOURNAL OF APPLIED MICROBIOLOGY,0,0,0,0,0,0,0,0,0,0,0,0,0,0,0,0,0,0,0,0,0,0,1,0,0
JOURNAL OF APPLIED STATISTICS,0,0,0,0,0,0,0,0,0,0,0,0,0,0,0,0,0,0,0,0,0,0,2,0,0
JOURNAL OF ARID ENVIRONMENTS,0,0,0,0,0,0,0,0,0,0,0,0,0,0,0,0,0,0,0,0,0,0,0,0,1
JOURNAL OF AVIAN BIOLOGY,0,0,0,0,0,0,0,0,0,0,0,0,0,0,0,0,0,0,1,0,1,0,0,1,0
JOURNAL OF CETACEAN RESEARCH AND MANAGEMENT,0,0,0,0,0,0,0,1,0,0,0,0,0,0,0,0,0,0,0,0,0,0,0,0,0
JOURNAL OF CHEMICAL ECOLOGY,0,0,0,0,0,0,0,0,0,0,0,0,0,0,0,0,0,0,0,1,0,1,0,0,0
JOURNAL OF CHILD LANGUAGE,0,0,0,0,0,0,0,0,0,0,0,0,0,0,0,0,0,0,0,0,0,0,0,1,0
JOURNAL OF COMMUNITY & APPLIED SOCIAL PSYCHOLOGY,0,0,0,0,0,0,0,0,0,0,0,0,0,0,0,0,0,0,0,0,0,1,0,0,0
JOURNAL OF COMPUTATIONAL AND GRAPHICAL STATISTICS,0,0,0,0,0,0,0,1,0,0,0,0,0,0,0,0,0,0,0,0,0,0,2,0,0
JOURNAL OF ECOLOGY,0,0,0,0,0,0,0,0,0,0,0,0,0,0,0,0,0,0,0,1,0,1,1,0,1
JOURNAL OF ENVIRONMENTAL MANAGEMENT,0,0,0,0,0,0,0,0,0,0,0,0,0,0,0,0,0,0,0,0,0,0,0,2,0
JOURNAL OF ETHOLOGY,0,0,0,0,0,0,0,0,0,0,0,0,0,0,0,0,0,0,0,1,0,0,0,0,0
JOURNAL OF EVOLUTIONARY BIOLOGY,0,0,0,0,0,0,0,0,0,0,0,0,0,0,0,0,0,0,0,2,2,1,0,0,0
JOURNAL OF EXPERIMENTAL BIOLOGY,0,0,0,0,0,0,0,0,0,0,0,0,0,0,0,0,0,0,0,0,0,0,2,0,0
JOURNAL OF EXPERIMENTAL EDUCATION,0,0,0,0,0,0,0,0,0,0,0,0,0,0,0,0,0,0,0,0,0,1,0,0,0
JOURNAL OF EXPERIMENTAL MARINE BIOLOGY AND ECOLOGY,0,0,0,0,0,0,0,0,0,0,0,0,0,0,0,0,0,0,0,1,1,0,0,0,0
JOURNAL OF EXPERIMENTAL PSYCHOLOGY-LEARNING MEMORY AND COGNITION,0,0,0,0,0,0,0,0,0,0,0,0,0,0,0,0,0,0,0,1,0,0,0,0,0
JOURNAL OF EXPERIMENTAL ZOOLOGY PART A-ECOLOGICAL GENETICS AND PHYSIOLOGY,0,0,0,0,0,0,0,0,0,0,0,0,0,0,0,0,0,0,0,0,0,1,0,0,0
JOURNAL OF FIELD ORNITHOLOGY,0,0,0,0,0,0,0,0,0,0,0,0,0,0,0,0,0,0,1,2,0,0,0,0,0
JOURNAL OF FISH AND WILDLIFE MANAGEMENT,0,0,0,0,0,0,0,0,0,0,0,0,0,0,0,0,0,0,0,1,0,1,0,0,0
JOURNAL OF FISH BIOLOGY,0,0,0,0,0,0,0,0,0,0,0,1,0,0,0,0,0,0,1,0,0,0,2,3,0
JOURNAL OF FISHERIES AND AQUATIC SCIENCES,0,0,0,0,0,0,0,0,0,0,0,0,0,0,1,0,0,0,0,0,0,0,0,0,0
JOURNAL OF GEOPHYSICAL RESEARCH-BIOGEOSCIENCES,0,0,0,0,0,0,0,0,0,0,0,0,0,0,0,0,0,0,0,0,0,0,1,0,0
JOURNAL OF GREAT LAKES RESEARCH,0,0,0,0,0,0,0,0,2,0,0,0,0,0,0,0,0,2,2,2,0,1,0,0,0
JOURNAL OF HAZARDOUS MATERIALS,0,0,0,0,0,0,0,0,0,0,0,0,0,0,0,0,0,0,0,0,0,0,1,0,0
JOURNAL OF HEREDITY,0,0,0,0,0,0,0,0,0,0,0,0,0,0,0,0,0,0,1,0,0,0,0,1,0
JOURNAL OF HOSPITAL INFECTION,0,0,0,0,0,0,0,0,0,0,0,0,0,0,0,0,0,0,0,0,0,0,1,0,0
JOURNAL OF IMMUNOLOGY RESEARCH,0,0,0,0,0,0,0,0,0,0,0,0,0,0,0,0,0,0,0,0,1,0,0,0,0
JOURNAL OF INSECT CONSERVATION,0,0,0,0,0,0,0,0,0,0,0,0,0,0,0,0,0,0,1,1,0,1,0,0,0
JOURNAL OF MAMMALOGY,0,0,0,0,0,0,0,0,0,0,0,0,0,0,0,0,0,0,0,1,0,1,1,0,0
JOURNAL OF MEDICAL ENTOMOLOGY,0,0,0,0,0,0,0,0,0,0,0,0,0,0,0,0,0,0,0,0,0,0,1,1,0
JOURNAL OF MEDICAL INTERNET RESEARCH,0,0,0,0,0,0,0,0,0,0,0,0,0,0,0,0,0,0,0,0,0,1,0,0,0
JOURNAL OF NEUROPHYSIOLOGY,0,0,0,0,0,0,0,0,0,0,0,0,0,0,0,0,0,0,0,0,0,0,0,1,0
JOURNAL OF PARASITOLOGY,0,0,0,0,0,0,0,0,0,0,0,0,0,0,0,0,0,0,0,0,0,0,1,0,0
JOURNAL OF PEDIATRIC PSYCHOLOGY,0,0,0,0,0,0,0,0,0,0,0,0,0,0,0,0,0,0,0,0,0,0,1,0,0
JOURNAL OF PHOTOCHEMISTRY AND PHOTOBIOLOGY B-BIOLOGY,0,0,0,0,0,0,0,0,0,0,0,0,0,0,0,0,0,0,0,0,0,0,0,1,0
JOURNAL OF PLANKTON RESEARCH,0,0,0,0,0,0,0,0,0,0,0,0,0,0,0,0,0,0,0,0,1,1,0,0,0
JOURNAL OF PLANT ECOLOGY,0,0,0,0,0,0,0,0,0,0,0,0,0,0,0,0,0,0,0,0,0,0,0,1,0
JOURNAL OF RAPTOR RESEARCH,0,0,0,0,0,0,0,0,0,0,0,0,0,0,0,0,0,0,0,0,0,1,0,0,0
JOURNAL OF SEA RESEARCH,0,0,0,0,0,0,0,0,0,0,0,0,0,0,0,0,0,0,2,0,0,0,0,0,0
JOURNAL OF SPEECH LANGUAGE AND HEARING RESEARCH,0,0,0,0,0,0,0,0,0,0,0,0,0,0,0,0,0,0,0,0,0,0,0,1,0
JOURNAL OF SPORTS SCIENCES,0,0,0,0,0,0,0,0,0,0,0,0,0,0,0,0,0,0,0,0,0,0,0,1,0
JOURNAL OF STATISTICAL COMPUTATION AND SIMULATION,0,0,0,0,0,0,0,0,0,0,0,0,0,0,0,0,0,0,0,0,0,1,0,0,0
JOURNAL OF STATISTICAL SOFTWARE,0,0,0,0,0,0,0,0,0,0,0,0,0,0,0,0,0,0,0,1,1,1,0,0,0
JOURNAL OF THE ACOUSTICAL SOCIETY OF AMERICA,0,0,0,0,0,0,1,0,0,0,0,0,0,0,0,0,0,0,0,0,0,0,0,0,0
JOURNAL OF THE AMERICAN GERIATRICS SOCIETY,0,0,0,0,0,0,0,0,0,0,0,0,0,0,0,0,0,0,0,0,0,0,1,0,0
JOURNAL OF THE ROYAL SOCIETY INTERFACE,0,0,0,0,0,0,0,0,0,0,0,0,0,0,0,0,0,0,0,0,0,0,1,0,0
JOURNAL OF THE ROYAL STATISTICAL SOCIETY SERIES C-APPLIED STATISTICS,0,0,0,0,0,0,0,0,0,0,0,0,0,0,0,0,0,0,0,0,0,0,0,0,1
JOURNAL OF THE TORREY BOTANICAL SOCIETY,0,0,0,0,0,0,0,0,0,0,0,0,0,0,0,0,0,0,0,0,1,0,0,0,0
JOURNAL OF THEORETICAL BIOLOGY,0,0,0,0,0,0,0,0,0,0,0,0,0,0,0,0,0,0,0,0,0,1,0,0,0
JOURNAL OF TROPICAL ECOLOGY,0,0,0,0,0,0,0,0,0,0,0,0,0,0,0,0,0,0,0,0,0,1,0,0,0
JOURNAL OF VEGETATION SCIENCE,0,0,0,0,0,0,0,0,0,0,0,0,0,0,0,0,0,0,0,2,0,0,1,0,0
JOURNAL OF WILDLIFE DISEASES,0,0,0,0,0,0,0,0,0,0,0,0,0,0,0,0,0,0,0,0,0,0,0,1,0
JOURNAL OF WILDLIFE MANAGEMENT,0,0,0,0,0,0,0,0,0,0,0,0,0,0,0,1,0,0,1,0,1,3,1,0,0
JOURNAL OF ZOOLOGY,0,0,0,0,0,0,0,0,0,0,0,0,0,0,0,0,0,0,0,0,0,0,1,0,0
LANCET PUBLIC HEALTH,0,0,0,0,0,0,0,0,0,0,0,0,0,0,0,0,0,0,0,0,0,0,1,0,0
LANDSCAPE ECOLOGY,0,0,0,0,0,0,0,0,0,0,0,0,0,0,0,0,0,0,0,0,0,1,0,1,0
LIMNOLOGY AND OCEANOGRAPHY,0,0,0,0,0,0,0,0,0,0,0,0,0,0,0,1,0,0,0,0,0,0,0,0,0
MALARIA JOURNAL,0,0,0,0,0,0,0,0,0,0,0,0,0,0,0,0,0,0,0,0,0,1,0,2,0
MARINE AND COASTAL FISHERIES,0,0,0,0,0,0,0,0,0,0,0,0,0,0,0,0,0,1,0,2,0,1,0,0,0
MARINE AND FRESHWATER RESEARCH,0,0,0,0,0,0,2,2,1,0,0,0,1,0,1,0,0,0,0,1,0,0,1,1,0
MARINE BIOLOGY,0,0,0,0,0,0,0,0,0,0,0,0,0,0,0,1,0,0,2,1,1,1,0,0,1
MARINE ECOLOGY PROGRESS SERIES,0,0,0,0,0,0,0,0,0,0,0,0,0,0,0,1,0,0,0,3,4,0,2,1,0
MARINE ENVIRONMENTAL RESEARCH,0,0,0,0,0,0,0,0,0,0,0,0,0,0,0,0,0,0,0,0,0,0,1,1,0
MARINE MAMMAL SCIENCE,0,0,0,0,0,0,0,0,0,1,0,0,1,1,1,0,0,0,0,1,0,0,0,0,0
MARINE ORNITHOLOGY,0,0,0,0,0,0,0,0,0,0,0,0,0,0,0,0,0,0,0,0,0,1,0,0,0
MARINE POLICY,0,0,0,0,0,0,0,0,0,0,0,0,0,0,0,0,0,0,0,0,0,1,1,0,0
MARINE POLLUTION BULLETIN,0,0,0,0,0,0,0,0,0,0,0,0,0,0,0,0,0,0,0,0,1,0,1,0,0
MCHIGAN DEPARTMENT OF NATURAL RESOURCES FISHERIES DIVISION FISHERIES RESEARCH REPORT,0,0,0,0,0,0,0,0,1,0,0,0,0,0,0,0,0,0,0,0,0,0,0,0,0
MEDICAL AND VETERINARY ENTOMOLOGY,0,0,0,0,0,0,0,0,0,0,0,0,0,0,0,0,0,0,0,0,0,0,1,1,0
METHODS IN ECOLOGY AND EVOLUTION,0,0,0,0,0,0,0,0,0,0,0,0,0,0,0,0,0,2,4,0,2,1,2,1,0
MICROBIAL ECOLOGY,0,0,0,0,0,0,0,0,0,0,0,0,0,0,0,0,0,0,0,0,0,0,1,0,0
MOLECULAR ECOLOGY,0,0,0,0,0,0,0,0,0,0,0,0,0,0,0,0,0,0,0,1,1,1,0,1,0
MOLECULAR ECOLOGY RESOURCES,0,0,0,0,0,0,0,0,0,0,0,0,0,0,0,0,0,0,0,0,1,0,0,0,0
NATURAL AREAS JOURNAL,0,0,0,0,0,0,0,0,0,0,0,0,0,0,0,0,0,0,0,0,0,0,0,1,0
NATURAL RESOURCE MODELING,0,0,0,0,0,0,0,0,1,0,0,0,0,0,0,0,0,0,0,0,0,0,0,0,0
NATURE,0,1,0,0,0,0,0,0,0,0,0,0,0,0,0,0,0,0,0,0,1,0,1,1,0
NATURE COMMUNICATIONS,0,0,0,0,0,0,0,0,0,0,0,0,0,0,0,0,0,0,0,0,0,1,2,1,1
NATURE ECOLOGY & EVOLUTION,0,0,0,0,0,0,0,0,0,0,0,0,0,0,0,0,0,0,0,0,0,0,1,0,0
NEW FORESTS,0,0,0,0,0,0,0,0,0,0,0,0,0,0,0,0,0,0,0,0,0,0,1,0,0
NEW PHYTOLOGIST,0,0,0,0,0,0,0,0,0,0,0,0,0,0,0,0,0,0,0,0,0,0,0,1,0
NEW ZEALAND FISHERIES ASSESSMENT REPORT,0,0,0,0,0,1,0,1,0,0,0,0,0,0,0,0,0,0,0,0,0,0,0,0,0
NEW ZEALAND JOURNAL OF ECOLOGY,0,0,0,0,0,0,0,0,0,0,0,0,0,0,0,0,0,0,0,0,0,0,0,1,0
NEW ZEALAND JOURNAL OF MARINE AND FRESHWATER RESEARCH,0,0,0,0,0,0,1,0,0,0,1,0,0,0,1,0,0,0,0,0,0,0,0,0,0
NORTH AMERICAN JOURNAL OF FISHERIES MANAGEMENT,0,0,0,0,1,0,0,2,0,0,0,1,0,0,1,0,1,1,0,2,0,2,2,1,0
NORTHWEST SCIENCE,0,0,0,0,0,0,0,0,0,0,0,0,0,0,0,0,0,0,0,0,0,1,0,0,0
NUCLEIC ACIDS RESEARCH,0,0,0,0,0,0,0,0,0,0,0,0,0,0,0,0,0,0,0,0,0,0,1,0,0
OCEAN & COASTAL MANAGEMENT,0,0,0,0,0,0,0,0,0,0,0,0,0,0,0,0,0,0,0,0,0,0,0,1,0
OCEAN SCIENCE JOURNAL,0,0,0,0,0,0,0,0,0,0,0,0,0,0,0,0,0,0,0,0,0,0,0,1,0
OECOLOGIA,0,0,0,0,0,0,0,0,0,0,0,0,0,0,0,0,0,0,0,0,2,2,3,3,0
OIKOS,0,0,0,0,0,0,0,0,0,0,0,0,0,0,0,0,0,0,0,0,0,1,0,0,0
OPTIMIZATION METHODS & SOFTWARE,0,0,0,0,0,0,0,0,0,0,0,0,0,0,0,0,0,0,0,0,0,0,0,1,0
OPTIMIZATION METHODS AND SOFTWARE,0,0,0,0,0,0,0,0,0,0,0,0,0,0,0,0,0,1,0,0,0,0,0,0,0
ORNIS FENNICA,0,0,0,0,0,0,0,0,0,0,0,0,0,0,0,0,0,0,0,0,0,0,0,1,0
PAIN,0,0,0,0,0,0,0,0,0,0,0,0,0,0,0,0,0,0,0,0,0,0,0,1,0
PALAIOS,0,0,0,0,0,0,0,0,0,0,0,0,0,0,0,0,0,0,0,0,0,0,1,0,0
PALEOBIOLOGY,0,0,0,0,0,0,0,0,0,0,0,0,0,0,0,1,0,0,0,0,0,0,0,0,0
PARASITE,0,0,0,0,0,0,0,0,0,0,0,0,0,0,0,0,0,0,0,0,1,0,0,0,0
PARASITES & VECTORS,0,0,0,0,0,0,0,0,0,0,0,0,0,0,0,0,0,0,0,1,1,3,5,2,0
PARASITOLOGY,0,0,0,0,0,0,0,0,0,0,0,0,0,0,0,0,0,0,0,0,0,0,0,1,0
PEACE ECONOMICS PEACE SCIENCE AND PUBLIC POLICY,0,0,0,0,0,0,0,0,0,0,0,0,0,0,0,0,0,0,0,0,0,0,0,1,0
PEDOBIOLOGIA,0,0,0,0,0,0,0,0,0,0,0,0,0,0,0,0,0,0,0,0,0,0,1,0,0
PEERJ,0,0,0,0,0,0,0,0,0,0,0,0,0,0,0,0,0,0,0,1,1,0,1,4,0
PEST MANAGEMENT SCIENCE,0,0,0,0,0,0,0,0,0,0,0,0,0,0,0,0,0,0,0,0,0,0,2,0,0
PHILOSOPHICAL TRANSACTIONS OF THE ROYAL SOCIETY B-BIOLOGICAL SCIENCES,0,0,0,0,0,0,0,0,0,0,0,0,0,0,0,0,0,0,0,0,0,0,1,1,0
PHYSICAL REVIEW E,0,0,0,0,0,0,0,1,0,0,0,0,0,0,0,0,0,0,0,0,0,0,0,0,0
PLANT BIOLOGY,0,0,0,0,0,0,0,0,0,0,0,0,0,0,0,0,0,0,0,0,0,1,0,1,0
PLANT CELL AND ENVIRONMENT,0,0,0,0,0,0,0,0,0,0,0,0,0,0,0,0,0,0,0,0,0,0,0,1,0
PLANT ECOLOGY,0,0,0,0,0,0,0,0,0,0,0,0,0,0,0,0,0,0,0,0,3,2,2,1,0
PLANT ECOLOGY & DIVERSITY,0,0,0,0,0,0,0,0,0,0,0,0,0,0,0,0,0,0,0,0,0,0,1,1,0
PLOS COMPUTATIONAL BIOLOGY,0,0,0,0,0,0,0,0,0,0,0,0,0,0,0,0,0,0,0,1,0,0,0,0,0
PLOS GENETICS,0,0,0,0,0,0,0,0,0,0,0,0,0,0,0,0,0,0,0,0,1,0,0,0,0
PLOS MEDICINE,0,0,0,0,0,0,0,0,0,0,0,0,0,0,0,0,0,0,0,0,0,0,1,0,0
PLOS NEGLECTED TROPICAL DISEASES,0,0,0,0,0,0,0,0,0,0,0,0,0,0,0,0,0,0,0,1,0,1,1,0,0
PLOS ONE,0,0,0,0,0,0,0,0,0,0,0,0,0,0,0,1,1,1,5,3,5,7,4,10,2
PNAS,0,0,0,0,0,0,0,0,0,0,0,0,0,0,0,0,0,1,0,0,0,0,0,0,0
POLAR BIOLOGY,0,0,0,0,0,0,0,0,0,0,0,0,0,0,0,0,0,0,0,0,0,0,1,0,0
POPULATION ECOLOGY,0,0,0,0,0,0,0,0,0,0,0,0,0,0,0,1,0,0,0,0,0,0,0,0,0
POPULATION HEALTH METRICS,0,0,0,0,0,0,0,0,0,0,0,0,0,0,0,0,0,0,0,0,0,0,1,2,0
PROCEEDINGS OF A WORKSHOP ON THE DYNAMICS OF LAKE WHITEFISH (COREGONUS CLUPEAFORMIS) AND THE AMPHIPOD DIPOREIA SPP. IN THE GREAT LAKES. GREAT LAKES FISH,0,0,0,0,0,0,0,0,0,0,1,0,0,0,0,0,0,0,0,0,0,0,0,0,0
PROCEEDINGS OF THE NATIONAL ACADEMY OF SCIENCES OF THE UNITED STATES OF AMERICA,0,0,0,0,0,0,0,0,0,0,0,0,0,0,0,0,0,0,0,0,0,2,0,0,0
PROCEEDINGS OF THE ROYAL SOCIETY B,0,0,0,0,0,0,0,0,0,0,0,0,0,0,1,0,0,0,0,0,0,0,0,0,0
PROCEEDINGS OF THE ROYAL SOCIETY B-BIOLOGICAL SCIENCES,0,0,0,0,0,0,0,0,0,0,0,0,0,0,0,0,0,0,0,1,1,1,3,3,0
PROGRESS IN OCEANOGRAPHY,0,0,0,0,0,0,0,0,0,0,0,0,0,1,0,1,0,0,0,0,0,0,1,0,0
PSYCHIATRIC SERVICES,0,0,0,0,0,0,0,0,0,0,0,0,0,0,0,0,0,0,0,0,1,0,0,0,0
PSYCHOLOGICAL SCIENCE,0,0,0,0,0,0,0,0,0,0,0,0,0,0,0,0,0,0,0,0,0,0,1,0,0
PSYCHOLOGY OF ADDICTIVE BEHAVIORS,0,0,0,0,0,0,0,0,0,0,0,0,0,0,0,0,0,0,0,0,0,0,0,1,0
R JOURNAL,0,0,0,0,0,0,0,0,0,0,0,0,0,0,0,0,0,0,0,0,0,0,2,0,0
RADIOPROTECTION,0,0,0,0,0,0,0,0,0,0,0,0,0,0,0,0,0,0,0,0,0,0,0,1,0
RANGELAND JOURNAL,0,0,0,0,0,0,0,0,0,0,0,0,0,0,0,0,0,0,0,0,0,0,1,0,0
REMOTE SENSING,0,0,0,0,0,0,0,0,0,0,0,0,0,0,0,0,0,0,0,0,0,0,1,0,0
REMOTE SENSING OF ENVIRONMENT,0,0,0,0,0,0,0,0,0,0,0,0,0,0,0,0,0,0,0,0,1,0,0,0,0
RESTORATION ECOLOGY,0,0,0,0,0,0,0,0,0,0,0,0,0,0,0,0,0,0,0,0,0,1,0,1,0
REVIEWS IN FISH BIOLOGY AND FISHERIES,0,0,0,0,0,0,0,0,0,0,0,0,0,0,0,0,0,0,0,0,0,0,0,1,0
REVISTA DE BIOLOGÍA MARINA Y OCEANOGRAFÍA,0,0,0,0,0,0,0,0,0,0,0,0,0,0,1,0,0,0,0,0,0,0,0,0,0
RIVER RESEARCH AND APPLICATIONS,0,0,0,0,0,0,0,0,0,0,0,0,0,0,0,0,0,0,0,0,0,1,0,0,0
RLA-REVISTA DE LINGUISTICA TEORICA Y APLICADA,0,0,0,0,0,0,0,0,0,0,0,0,0,0,0,0,0,0,0,1,0,0,0,0,0
ROYAL SOCIETY OPEN SCIENCE,0,0,0,0,0,0,0,0,0,0,0,0,0,0,0,0,0,0,0,0,2,1,0,1,0
SCANDINAVIAN JOURNAL OF FOREST RESEARCH,0,0,0,0,0,0,0,0,0,0,0,0,0,0,0,0,0,0,0,0,0,0,0,2,1
SCIENCE OF THE TOTAL ENVIRONMENT,0,0,0,0,0,0,0,0,0,0,0,0,0,0,0,0,0,0,0,0,0,2,0,2,1
SCIENTIA HORTICULTURAE,0,0,0,0,0,0,0,0,0,0,0,0,0,0,0,0,0,0,0,0,0,0,1,0,0
SCIENTIFIC REPORTS,0,0,0,0,0,0,0,0,0,0,0,0,0,0,0,0,0,0,0,0,0,4,4,6,2
SCIENTIFICA,0,0,0,0,0,0,0,0,0,0,0,0,0,0,0,0,0,0,0,0,0,1,0,0,0
SPATIAL PROCESSES AND MANAGEMENT OF FISH POPULATIONS,0,0,0,0,0,0,1,0,0,0,0,0,0,0,0,0,0,0,0,0,0,0,0,0,0
SPATIAL STATISTICS,0,0,0,0,0,0,0,0,0,0,0,0,0,0,0,0,0,0,0,0,0,0,0,1,0
STATISTICA NEERLANDICA,0,0,0,0,0,0,0,0,0,0,0,0,0,0,0,0,0,0,0,0,0,0,0,1,0
STATISTICAL METHODS IN MEDICAL RESEARCH,0,0,0,0,0,0,0,0,0,0,0,0,0,0,0,0,0,0,0,0,0,0,1,1,0
STATISTICS AND COMPUTING,0,0,0,0,0,0,0,0,0,0,0,0,0,0,0,0,0,0,0,0,0,0,0,1,0
STATISTICS IN MEDICINE,0,0,0,0,0,0,0,0,0,0,0,0,0,0,0,0,0,0,0,0,0,3,1,0,0
STRAHLENTHERAPIE UND ONKOLOGIE,0,0,0,0,0,0,0,0,0,0,0,0,0,0,0,0,0,0,0,1,0,0,0,0,0
THE ALEUTIAN ECOSYSTEM: PROCESSES CONTROLLING VARIABILITY IN PRODUCTIVITY AND ECOSYSTEM STRUCTURE,0,0,0,0,0,0,0,0,0,0,1,0,0,0,0,0,0,0,0,0,0,0,0,0,0
THEORETICAL POPULATION BIOLOGY,0,0,0,0,0,0,0,0,0,0,0,0,0,0,0,1,0,0,0,0,0,0,0,0,0
TOXICOLOGY IN VITRO,0,0,0,0,0,0,0,0,0,0,0,0,0,0,0,0,0,0,0,0,0,0,0,1,0
TRANSACTIONS OF THE AMERICAN FISHERIES SOCIETY,0,0,0,0,0,0,0,0,0,0,0,0,1,0,0,0,1,4,2,2,1,2,2,0,0
TRANSPORTATION,0,0,0,0,0,0,0,0,0,0,0,0,0,0,0,0,0,0,0,0,0,0,0,1,0
TRANSPORTATION RESEARCH PART F-TRAFFIC PSYCHOLOGY AND BEHAVIOUR,0,0,0,0,0,0,0,0,0,0,0,0,0,0,0,0,0,0,0,0,0,0,3,0,0
TROPICAL CONSERVATION SCIENCE,0,0,0,0,0,0,0,0,0,0,0,0,0,0,0,0,0,0,0,0,0,0,1,0,0
URBAN FORESTRY & URBAN GREENING,0,0,0,0,0,0,0,0,0,0,0,0,0,0,0,0,0,0,0,0,0,1,0,1,0
VETERINARY PARASITOLOGY,0,0,0,0,0,0,0,0,0,0,0,0,0,0,0,0,0,0,0,0,0,1,1,0,0
VIRUSES-BASEL,0,0,0,0,0,0,0,0,0,0,0,0,0,0,0,0,0,0,0,0,0,0,1,0,0
WATER,0,0,0,0,0,0,0,0,0,0,0,0,0,0,0,0,0,0,0,0,0,0,1,0,0
WATERBIRDS,0,0,0,0,0,0,0,0,0,0,0,0,0,0,0,0,0,0,0,0,1,0,0,0,0
WILDLIFE BIOLOGY,0,0,0,0,0,0,0,0,0,0,0,0,0,0,0,0,0,0,0,0,0,0,0,1,0
WILDLIFE RESEARCH,0,0,0,0,0,0,0,0,0,0,0,0,0,0,0,0,0,0,0,0,1,1,0,0,0
WILDLIFE SOCIETY BULLETIN,0,0,0,0,0,0,0,0,0,0,0,0,0,0,0,0,0,0,0,0,0,0,1,0,0
WILSON JOURNAL OF ORNITHOLOGY,0,0,0,0,0,0,0,0,0,0,0,0,0,0,0,0,0,0,1,0,0,0,0,1,0
ZOOKEYS,0,0,0,0,0,0,0,0,0,0,0,0,0,0,0,0,0,0,0,0,0,0,0,1,0
ZOOLOGY,0,0,0,0,0,0,0,0,0,0,0,0,0,0,0,0,0,0,0,0,0,1,1,0,0

Year Sums:
1 1990 1
2 1992 1
3 1994 2
4 1998 5
5 1999 5
6 2000 3
7 2001 13
8 2002 13
9 2003 19
10 2004 8
11 2005 10
12 2006 15
13 2007 15
14 2008 15
15 2009 20
16 2010 19
17 2011 4
18 2012 24
19 2013 59
20 2014 88
21 2015 128
22 2016 179
23 2017 242
24 2018 234
25 2019 41
1163

Journal Sums:
1  1
2 18TH WORLD IMACS CONGRESS AND MODSIM09 INTERNATIONAL CONGRESS ON MODELLING AND SIMULATION 1
3 ACTA CHIROPTEROLOGICA 1
4 ACTA ICHTHYOLOGICA ET PISCATORIA 1
5 ACTA OECOLOGICA 1
6 ACTA SOCIETATIS BOTANICORUM POLONIAE 1
7 ADDICTION 1
8 ADDICTIVE BEHAVIORS 1
9 AFRICAN JOURNAL OF ECOLOGY 1
10 AFRICAN JOURNAL OF MARINE SCIENCE 6
11 AFRICAN ZOOLOGY 1
12 AGRICULTURAL AND FOREST ENTOMOLOGY 1
13 AGRICULTURAL AND FOREST METEOROLOGY 1
14 AGRICULTURE ECOSYSTEMS & ENVIRONMENT 5
15 AGROFORESTRY SYSTEMS 1
16 AIDS 1
17 ALASKA SEA GRANT COLLEGE PROGRAM 1
18 ALPHA-REVISTA DE ARTES LETRAS Y FILOSOFIA 1
19 AMERICAN FISHERIES SOCIETY SYMPOSIUM 2
20 AMERICAN JOURNAL OF AGRICULTURAL ECONOMICS 1
21 AMERICAN JOURNAL OF BOTANY 4
22 AMERICAN JOURNAL OF PHYSICAL ANTHROPOLOGY 3
23 AMERICAN JOURNAL OF PRIMATOLOGY 2
24 AMERICAN JOURNAL OF TRANSPLANTATION 1
25 AMERICAN JOURNAL OF TROPICAL MEDICINE AND HYGIENE 1
26 AMERICAN JOURNALL OF EPIDEMIOLOGY 1
27 AMERICAN NATURALIST 3
28 ANIMAL BEHAVIOUR 11
29 ANIMAL BIODIVERSITY AND CONSERVATION 1
30 ANNALES DE LIMNOLOGIE-INTERNATIONAL JOURNAL OF LIMNOLOGY 2
31 ANNALS OF APPLIED STATISTICS 1
32 ANNALS OF BOTANY 3
33 ANNALS OF FOREST SCIENCE 2
34 ANNUAL REVIEW OF STATISTICS AND ITS APPLICATION VOL 5 2
35 AOB PLANTS 1
36 APPLIED ANIMAL BEHAVIOUR SCIENCE 1
37 APPLIED SOIL ECOLOGY 1
38 APPLIED VEGETATION SCIENCE 1
39 AQUACULTURE 2
40 AQUACULTURE ECONOMICS & MANAGEMENT 1
41 AQUATIC BIOLOGY 1
42 AQUATIC BOTANY 1
43 AQUATIC CONSERVATION-MARINE AND FRESHWATER ECOSYSTEMS 1
44 AQUATIC LIVING RESOURCES 3
45 AQUATIC MAMMALS 1
46 AQUATIC TOXICOLOGY 1
47 ARCTIC ANTARCTIC AND ALPINE RESEARCH 1
48 ARDEOLA 1
49 ARTHROPOD-PLANT INTERACTIONS 5
50 ARTIFICIAL ORGANS 1
51 ASTA-ADVANCES IN STATISTICAL ANALYSIS 1
52 ASTROPHYSICAL JOURNAL 1
53 AUSTRAL ECOLOGY 2
54 AUSTRALIAN AND NEW ZEALAND JOURNAL OF STATISTICS 1
55 AUSTRALIAN JOURNAL OF BOTANY 1
56 AUSTRALIAN JOURNAL OF MARINE AND FRESHWATER RESEARCH 1
57 AVIAN CONSERVATION AND ECOLOGY 1
58 BASIC AND APPLIED ECOLOGY 2
59 BEHAVIOR GENETICS 1
60 BEHAVIORAL ECOLOGY 8
61 BEHAVIORAL ECOLOGY AND SOCIOBIOLOGY 11
62 BEHAVIOURAL PROCESSES 2
63 BIOCONTROL 2
64 BIODIVERS CONSERV 1
65 BIODIVERSITY AND CONSERVATION 7
66 BIOLOGICAL CONSERVATION 11
67 BIOLOGICAL CONTROL 1
68 BIOLOGICAL INVASIONS 6
69 BIOLOGICAL JOURNAL OF THE LINNEAN SOCIETY 2
70 BIOLOGY LETTERS 3
71 BIOMETRICAL JOURNAL 1
72 BIOMETRICS 2
73 BIOSTATISTICS 2
74 BIOTROPICA 2
75 BIRD CONSERVATION INTERNATIONAL 1
76 BIRD STUDY 4
77 BMC ECOLOGY 1
78 BMC EVOLUTIONARY BIOLOGY 1
79 BMC FAMILY PRACTICE 1
80 BMC MEDICAL RESEARCH METHODOLOGY 1
81 BOTANICAL JOURNAL OF THE LINNEAN SOCIETY 2
82 BOTANICAL SCIENCES 1
83 BRAZILIAN JOURNAL OF BIOLOGY 1
84 BULLETIN OF ENTOMOLOGICAL RESEARCH 1
85 BULLETIN OF MARINE SCIENCE 4
86 BULLETIN OF THE SEISMOLOGICAL SOCIETY OF AMERICA 1
87 CANADIAN ENTOMOLOGIST 1
88 CANADIAN JOURNAL OF FISHERIES AND AQUATIC SCIENCES 78
89 CANADIAN JOURNAL OF FOREST RESEARCH 1
90 CANADIAN JOURNAL OF LINGUISTICS-REVUE CANADIENNE DE LINGUISTIQUE 1
91 CANADIAN JOURNAL OF ZOOLOGY 5
92 CCAMLR SCIENCE 1
93 CELL 1
94 CHEMOSPHERE 1
95 CHILD DEVELOPMENT 1
96 CHILEAN JOURNAL OF AGRICULTURAL & ANIMAL SCIENCES 1
97 CLINICAL SCIENCE 1
98 COMMUNITY DENTAL HEALTH 1
99 COMPUTATIONAL STATISTICS & DATA ANALYSIS 1
100 COMPUTATIONAL STATISTICS AND DATA ANALYSIS 1
101 COMPUTERS IN FISHERIES POPULATION DYNAMICS 1
102 CONTINENTAL SHELF RESEARCH 1
103 CORAL REEFS 1
104 CRIMINAL JUSTICE AND BEHAVIOR 1
105 CURRENT BIOLOGY 2
106 CURRENT ZOOLOGY 2
107 DEEP-SEA RESEARCH PART I-OCEANOGRAPHIC RESEARCH PAPERS 1
108 DEEP-SEA RESEARCH PART II-TOPICAL STUDIES IN OCEANOGRAPHY 6
109 DEPRESSION AND ANXIETY 1
110 DIABETES CARE 1
111 DISEASES OF AQUATIC ORGANISMS 1
112 DIVERSITY AND DISTRIBUTIONS 4
113 DIVERSITY-BASEL 2
114 ECOGRAPHY 3
115 ECOLOGICAL APPLICATIONS 11
116 ECOLOGICAL ENGINEERING 2
117 ECOLOGICAL ENTOMOLOGY 2
118 ECOLOGICAL INDICATORS 5
119 ECOLOGICAL INFORMATICS 1
120 ECOLOGICAL MODELLING 3
121 ECOLOGICAL MONOGRAPHS 1
122 ECOLOGICAL RESEARCH 1
123 ECOLOGY 16
124 ECOLOGY AND EVOLUTION 12
125 ECOLOGY LETTERS 3
126 ECONOMETRICS JOURNAL 2
127 ECOSPHERE 10
128 ECOSYSTEMS 1
129 ELECTRONIC TAGGING AND TRACKING IN MARINE FISHERIES 1
130 ELIFE 2
131 ENVIRONMENTAL AND ECOLOGICAL STATISTICS 7
132 ENVIRONMENTAL BIOLOGY OF FISHES 5
133 ENVIRONMENTAL CONSERVATION 1
134 ENVIRONMENTAL DEVELOPMENT 1
135 ENVIRONMENTAL ENTOMOLOGY 3
136 ENVIRONMENTAL MANAGEMENT 2
137 ENVIRONMENTAL MODELLING & SOFTWARE 1
138 ENVIRONMENTAL POLLUTION 1
139 ENVIRONMENTAL RESEARCH LETTERS 2
140 ENVIRONMENTAL SCIENCE & TECHNOLOGY 2
141 EPIDEMICS 1
142 ESTUARIES AND COASTS 1
143 ETHOLOGY 4
144 EUROPEAN JOURNAL OF SOIL BIOLOGY 1
145 EUROPEAN JOURNAL OF WILDLIFE RESEARCH 2
146 EVOLUTION 4
147 EVOLUTION LETTERS 3
148 EVOLUTIONARY APPLICATIONS 1
149 EVOLUTIONARY ECOLOGY 1
150 EVOLUTIONARY PSYCHOLOGY 1
151 FIRE ECOLOGY 1
152 FISH AND FISHERIES 8
153 FISHERIES 1
154 FISHERIES MANAGEMENT AND ECOLOGY 3
155 FISHERIES OCEANOGRAPHY 8
156 FISHERIES RESEARCH 108
157 FISHERIES SCIENCE 1
158 FISHERIES STOCK ASSESSMENT MODELS ALASKA SEA GRANT COLLEGE PROGRAM 1
159 FISHERY BULLETIN 8
160 FISHERY STOCK ASSESSMENT MODELS PROCEEDINGS OF THE INTERNATIONAL SYMPOSIUM ON FISHERY STOCK ASSESSMENT MODELS FOR THE 21ST CENTURY 3
161 FOLIA PRIMATOLOGICA 2
162 FOREST ECOLOGY AND MANAGEMENT 14
163 FOREST SCIENCE 1
164 FORESTRY 2
165 FORESTS 1
166 FRESHWATER BIOLOGY 2
167 FRONTIERS IN ECOLOGY AND THE ENVIRONMENT 1
168 FRONTIERS IN GENETICS 1
169 FRONTIERS IN MARINE SCIENCE 3
170 FRONTIERS IN MICROBIOLOGY 3
171 FRONTIERS IN NEUROSCIENCE 1
172 FRONTIERS IN PLANT SCIENCE 2
173 FRONTIERS IN PSYCHOLOGY 1
174 FRONTIERS IN VETERINARY SCIENCE 2
175 FRONTIERS IN ZOOLOGY 2
176 FUNCTIONAL ECOLOGY 1
177 FUNGAL ECOLOGY 1
178 GENETICS 1
179 GENETICS SELECTION EVOLUTION 1
180 GEODERMA 1
181 GLOBAL CHANGE BIOLOGY 11
182 GLOBAL CHANGE BIOLOGY BIOENERGY 1
183 GLOBAL ECOLOGY AND BIOGEOGRAPHY 2
184 GLOBAL ECOLOGY AND CONSERVATION 1
185 GRASS AND FORAGE SCIENCE 2
186 GULF OF MEXICO SCIENCE 1
187 HEALTH & PLACE 2
188 HEREDITY 2
189 HERPETOLOGICA 1
190 HERPETOLOGICAL CONSERVATION AND BIOLOGY 1
191 HIV MEDICINE 1
192 HORMONES AND BEHAVIOR 2
193 HYDROBIOLOGIA 6
194 IBIS 2
195 ICES JOURNAL OF MARINE SCIENCE 49
196 IEEE ACCESS 1
197 IFOREST-BIOGEOSCIENCES AND FORESTRY 1
198 INDIAN JOURNAL OF FISHERIES 2
199 INSECT SCIENCE 1
200 INSECTS 1
201 INSURANCE: MATHEMATICS AND ECONOMICS 1
202 INTER-AMERICAN TROPICAL TUNA COMMISSION BULLETIN 2
203 INTER-AMERICAN TROPICAL TUNA COMMISSION SPECIAL REPORT 1
204 INTERNATIONAL INTERACTIONS 1
205 INTERNATIONAL JOURNAL FOR PARASITOLOGY-PARASITES AND WILDLIFE 1
206 INTERNATIONAL JOURNAL OF MOLECULAR SCIENCES 1
207 INTERNATIONAL JOURNAL OF PRIMATOLOGY 1
208 INTERNATIONAL JOURNAL OF SPELEOLOGY 1
209 INTERNATIONAL JOURNAL OF WILDLAND FIRE 1
210 JAMA INTERNAL MEDICINE 1
211 JAMA-JOURNAL OF THE AMERICAN MEDICAL ASSOCIATION 6
212 JOURNAL OF AFFECTIVE DISORDERS 1
213 JOURNAL OF AGRICULTURAL BIOLOGICAL AND ENVIRONMENTAL STATISTICS 3
214 JOURNAL OF ANIMAL ECOLOGY 5
215 JOURNAL OF APPLIED ECOLOGY 4
216 JOURNAL OF APPLIED ENTOMOLOGY 1
217 JOURNAL OF APPLIED ICHTHYOLOGY 1
218 JOURNAL OF APPLIED MICROBIOLOGY 1
219 JOURNAL OF APPLIED STATISTICS 2
220 JOURNAL OF ARID ENVIRONMENTS 1
221 JOURNAL OF AVIAN BIOLOGY 3
222 JOURNAL OF CETACEAN RESEARCH AND MANAGEMENT 1
223 JOURNAL OF CHEMICAL ECOLOGY 2
224 JOURNAL OF CHILD LANGUAGE 1
225 JOURNAL OF COMMUNITY & APPLIED SOCIAL PSYCHOLOGY 1
226 JOURNAL OF COMPUTATIONAL AND GRAPHICAL STATISTICS 3
227 JOURNAL OF ECOLOGY 4
228 JOURNAL OF ENVIRONMENTAL MANAGEMENT 2
229 JOURNAL OF ETHOLOGY 1
230 JOURNAL OF EVOLUTIONARY BIOLOGY 5
231 JOURNAL OF EXPERIMENTAL BIOLOGY 2
232 JOURNAL OF EXPERIMENTAL EDUCATION 1
233 JOURNAL OF EXPERIMENTAL MARINE BIOLOGY AND ECOLOGY 2
234 JOURNAL OF EXPERIMENTAL PSYCHOLOGY-LEARNING MEMORY AND COGNITION 1
235 JOURNAL OF EXPERIMENTAL ZOOLOGY PART A-ECOLOGICAL GENETICS AND PHYSIOLOGY 1
236 JOURNAL OF FIELD ORNITHOLOGY 3
237 JOURNAL OF FISH AND WILDLIFE MANAGEMENT 2
238 JOURNAL OF FISH BIOLOGY 7
239 JOURNAL OF FISHERIES AND AQUATIC SCIENCES 1
240 JOURNAL OF GEOPHYSICAL RESEARCH-BIOGEOSCIENCES 1
241 JOURNAL OF GREAT LAKES RESEARCH 9
242 JOURNAL OF HAZARDOUS MATERIALS 1
243 JOURNAL OF HEREDITY 2
244 JOURNAL OF HOSPITAL INFECTION 1
245 JOURNAL OF IMMUNOLOGY RESEARCH 1
246 JOURNAL OF INSECT CONSERVATION 3
247 JOURNAL OF MAMMALOGY 3
248 JOURNAL OF MEDICAL ENTOMOLOGY 2
249 JOURNAL OF MEDICAL INTERNET RESEARCH 1
250 JOURNAL OF NEUROPHYSIOLOGY 1
251 JOURNAL OF PARASITOLOGY 1
252 JOURNAL OF PEDIATRIC PSYCHOLOGY 1
253 JOURNAL OF PHOTOCHEMISTRY AND PHOTOBIOLOGY B-BIOLOGY 1
254 JOURNAL OF PLANKTON RESEARCH 2
255 JOURNAL OF PLANT ECOLOGY 1
256 JOURNAL OF RAPTOR RESEARCH 1
257 JOURNAL OF SEA RESEARCH 2
258 JOURNAL OF SPEECH LANGUAGE AND HEARING RESEARCH 1
259 JOURNAL OF SPORTS SCIENCES 1
260 JOURNAL OF STATISTICAL COMPUTATION AND SIMULATION 1
261 JOURNAL OF STATISTICAL SOFTWARE 3
262 JOURNAL OF THE ACOUSTICAL SOCIETY OF AMERICA 1
263 JOURNAL OF THE AMERICAN GERIATRICS SOCIETY 1
264 JOURNAL OF THE ROYAL SOCIETY INTERFACE 1
265 JOURNAL OF THE ROYAL STATISTICAL SOCIETY SERIES C-APPLIED STATISTICS 1
266 JOURNAL OF THE TORREY BOTANICAL SOCIETY 1
267 JOURNAL OF THEORETICAL BIOLOGY 1
268 JOURNAL OF TROPICAL ECOLOGY 1
269 JOURNAL OF VEGETATION SCIENCE 3
270 JOURNAL OF WILDLIFE DISEASES 1
271 JOURNAL OF WILDLIFE MANAGEMENT 7
272 JOURNAL OF ZOOLOGY 1
273 LANCET PUBLIC HEALTH 1
274 LANDSCAPE ECOLOGY 2
275 LIMNOLOGY AND OCEANOGRAPHY 1
276 MALARIA JOURNAL 3
277 MARINE AND COASTAL FISHERIES 4
278 MARINE AND FRESHWATER RESEARCH 10
279 MARINE BIOLOGY 7
280 MARINE ECOLOGY PROGRESS SERIES 11
281 MARINE ENVIRONMENTAL RESEARCH 2
282 MARINE MAMMAL SCIENCE 5
283 MARINE ORNITHOLOGY 1
284 MARINE POLICY 2
285 MARINE POLLUTION BULLETIN 2
286 MCHIGAN DEPARTMENT OF NATURAL RESOURCES FISHERIES DIVISION FISHERIES RESEARCH REPORT 1
287 MEDICAL AND VETERINARY ENTOMOLOGY 2
288 METHODS IN ECOLOGY AND EVOLUTION 12
289 MICROBIAL ECOLOGY 1
290 MOLECULAR ECOLOGY 4
291 MOLECULAR ECOLOGY RESOURCES 1
292 NATURAL AREAS JOURNAL 1
293 NATURAL RESOURCE MODELING 1
294 NATURE 4
295 NATURE COMMUNICATIONS 5
296 NATURE ECOLOGY & EVOLUTION 1
297 NEW FORESTS 1
298 NEW PHYTOLOGIST 1
299 NEW ZEALAND FISHERIES ASSESSMENT REPORT 2
300 NEW ZEALAND JOURNAL OF ECOLOGY 1
301 NEW ZEALAND JOURNAL OF MARINE AND FRESHWATER RESEARCH 3
302 NORTH AMERICAN JOURNAL OF FISHERIES MANAGEMENT 14
303 NORTHWEST SCIENCE 1
304 NUCLEIC ACIDS RESEARCH 1
305 OCEAN & COASTAL MANAGEMENT 1
306 OCEAN SCIENCE JOURNAL 1
307 OECOLOGIA 10
308 OIKOS 1
309 OPTIMIZATION METHODS & SOFTWARE 1
310 OPTIMIZATION METHODS AND SOFTWARE 1
311 ORNIS FENNICA 1
312 PAIN 1
313 PALAIOS 1
314 PALEOBIOLOGY 1
315 PARASITE 1
316 PARASITES & VECTORS 12
317 PARASITOLOGY 1
318 PEACE ECONOMICS PEACE SCIENCE AND PUBLIC POLICY 1
319 PEDOBIOLOGIA 1
320 PEERJ 7
321 PEST MANAGEMENT SCIENCE 2
322 PHILOSOPHICAL TRANSACTIONS OF THE ROYAL SOCIETY B-BIOLOGICAL SCIENCES 2
323 PHYSICAL REVIEW E 1
324 PLANT BIOLOGY 2
325 PLANT CELL AND ENVIRONMENT 1
326 PLANT ECOLOGY 8
327 PLANT ECOLOGY & DIVERSITY 2
328 PLOS COMPUTATIONAL BIOLOGY 1
329 PLOS GENETICS 1
330 PLOS MEDICINE 1
331 PLOS NEGLECTED TROPICAL DISEASES 3
332 PLOS ONE 39
333 PNAS 1
334 POLAR BIOLOGY 1
335 POPULATION ECOLOGY 1
336 POPULATION HEALTH METRICS 3
337 PROCEEDINGS OF A WORKSHOP ON THE DYNAMICS OF LAKE WHITEFISH (COREGONUS CLUPEAFORMIS) AND THE AMPHIPOD DIPOREIA SPP. IN THE GREAT LAKES. GREAT LAKES FISH 1
338 PROCEEDINGS OF THE NATIONAL ACADEMY OF SCIENCES OF THE UNITED STATES OF AMERICA 2
339 PROCEEDINGS OF THE ROYAL SOCIETY B 1
340 PROCEEDINGS OF THE ROYAL SOCIETY B-BIOLOGICAL SCIENCES 9
341 PROGRESS IN OCEANOGRAPHY 3
342 PSYCHIATRIC SERVICES 1
343 PSYCHOLOGICAL SCIENCE 1
344 PSYCHOLOGY OF ADDICTIVE BEHAVIORS 1
345 R JOURNAL 2
346 RADIOPROTECTION 1
347 RANGELAND JOURNAL 1
348 REMOTE SENSING 1
349 REMOTE SENSING OF ENVIRONMENT 1
350 RESTORATION ECOLOGY 2
351 REVIEWS IN FISH BIOLOGY AND FISHERIES 1
352 REVISTA DE BIOLOGÍA MARINA Y OCEANOGRAFÍA 1
353 RIVER RESEARCH AND APPLICATIONS 1
354 RLA-REVISTA DE LINGUISTICA TEORICA Y APLICADA 1
355 ROYAL SOCIETY OPEN SCIENCE 4
356 SCANDINAVIAN JOURNAL OF FOREST RESEARCH 3
357 SCIENCE OF THE TOTAL ENVIRONMENT 5
358 SCIENTIA HORTICULTURAE 1
359 SCIENTIFIC REPORTS 16
360 SCIENTIFICA 1
361 SPATIAL PROCESSES AND MANAGEMENT OF FISH POPULATIONS 1
362 SPATIAL STATISTICS 1
363 STATISTICA NEERLANDICA 1
364 STATISTICAL METHODS IN MEDICAL RESEARCH 2
365 STATISTICS AND COMPUTING 1
366 STATISTICS IN MEDICINE 4
367 STRAHLENTHERAPIE UND ONKOLOGIE 1
368 THE ALEUTIAN ECOSYSTEM: PROCESSES CONTROLLING VARIABILITY IN PRODUCTIVITY AND ECOSYSTEM STRUCTURE 1
369 THEORETICAL POPULATION BIOLOGY 1
370 TOXICOLOGY IN VITRO 1
371 TRANSACTIONS OF THE AMERICAN FISHERIES SOCIETY 15
372 TRANSPORTATION 1
373 TRANSPORTATION RESEARCH PART F-TRAFFIC PSYCHOLOGY AND BEHAVIOUR 3
374 TROPICAL CONSERVATION SCIENCE 1
375 URBAN FORESTRY & URBAN GREENING 2
376 VETERINARY PARASITOLOGY 2
377 VIRUSES-BASEL 1
378 WATER 1
379 WATERBIRDS 1
380 WILDLIFE BIOLOGY 1
381 WILDLIFE RESEARCH 2
382 WILDLIFE SOCIETY BULLETIN 1
383 WILSON JOURNAL OF ORNITHOLOGY 2
384 ZOOKEYS 1
385 ZOOLOGY 2
1163

Shannon–Weaver index (multi-cite)
Year  H
1990 0
1992 0
1994 0.693147
1998 0.950271
1999 1.33218
2000 1.09861
2001 2.35167
2002 2.09815
2003 2.47912
2004 1.90615
2005 1.60944
2006 2.17157
2007 2.33837
2008 1.89893
2009 2.57984
2010 2.69801
2011 1.38629
2012 2.20616
2013 2.94542
2014 3.9233
2015 3.98333
2016 4.49729
2017 4.6704
2018 4.69107
2019 2.86736
