Processing  3  files:
1 oldADMB_citation_matrix.csv
2 ADMB_citations.out
3 TMB_citations.out
citation_matrix.csv

records read read =  702
citations read =  19022
nyear =  19
njour =  311

JOURNAL,1990,1992,1994,1998,1999,2000,2001,2002,2003,2004,2005,2006,2007,2008,2009,2010,2011,2012,2013
,0,0,0,0,0,0,0,0,0,0,0,0,0,0,0,0,0,0,1
18TH WORLD IMACS CONGRESS AND MODSIM09 INTERNATIONAL CONGRESS ON MODELLING AND SIMULATION,0,0,0,0,0,0,0,0,0,0,0,0,0,0,1,0,0,0,0
ACTA ICHTHYOLOGICA ET PISCATORIA,0,0,0,1,0,0,0,0,0,0,0,0,0,0,0,0,0,0,0
ACTA OECOLOGICA,0,0,0,0,0,0,0,0,0,1,0,0,0,0,0,0,0,0,0
ADDICTION,0,1,0,0,0,0,0,0,0,0,0,0,0,0,0,0,0,0,0
ADDICTIVE BEHAVIORS,0,0,0,0,0,1,0,0,0,0,0,0,0,0,0,0,0,0,0
AFRICAN JOURNAL OF MARINE SCIENCE,0,2,1,1,0,0,0,0,0,0,0,0,1,0,0,0,0,0,0
AFRICAN ZOOLOGY,0,0,0,0,0,0,0,0,0,0,0,0,0,0,0,1,0,0,0
AGRICULTURAL AND FOREST ENTOMOLOGY,0,0,0,0,0,1,0,0,0,0,0,0,0,0,0,0,0,0,0
AGRICULTURE ECOSYSTEMS & ENVIRONMENT,0,0,0,0,2,2,0,0,0,0,0,0,0,0,0,0,0,0,0
AGROFORESTRY SYSTEMS,0,0,0,1,0,0,0,0,0,0,0,0,0,0,0,0,0,0,0
AIDS,0,0,0,0,0,1,0,0,0,0,0,0,0,0,0,0,0,0,0
ALASKA SEA GRANT COLLEGE PROGRAM,0,0,0,0,1,0,0,0,0,0,0,0,0,0,0,0,0,0,0
AMERICAN FISHERIES SOCIETY SYMPOSIUM,0,0,0,0,0,0,1,0,1,0,0,0,0,0,0,0,0,0,0
AMERICAN JOURNAL OF AGRICULTURAL ECONOMICS,0,0,0,0,0,0,0,0,0,0,0,0,1,0,0,0,0,0,0
AMERICAN JOURNAL OF BOTANY,0,0,0,0,1,1,0,0,0,0,0,0,0,0,0,0,0,0,0
AMERICAN JOURNAL OF PHYSICAL ANTHROPOLOGY,0,0,0,1,0,0,0,0,0,0,0,0,0,0,0,0,0,0,0
AMERICAN JOURNAL OF PRIMATOLOGY,0,0,0,1,0,0,0,0,0,0,0,0,0,0,0,0,0,0,0
AMERICAN JOURNALL OF EPIDEMIOLOGY,0,0,0,0,0,0,0,0,0,0,0,0,1,0,0,0,0,0,0
AMERICAN NATURALIST,0,1,0,1,1,0,0,0,0,0,0,0,0,0,0,0,0,0,0
ANIMAL BEHAVIOUR,0,0,1,1,5,4,0,0,0,0,0,0,0,0,0,0,0,0,0
ANIMAL BIODIVERSITY AND CONSERVATION,0,0,0,0,0,0,0,0,0,1,0,0,0,0,0,0,0,0,0
ANNALES DE LIMNOLOGIE-INTERNATIONAL JOURNAL OF LIMNOLOGY,0,0,0,1,1,0,0,0,0,0,0,0,0,0,0,0,0,0,0
ANNALS OF BOTANY,0,0,0,0,0,1,0,0,0,0,0,0,0,0,0,0,0,0,0
ANNALS OF FOREST SCIENCE,0,0,0,2,0,0,0,0,0,0,0,0,0,0,0,0,0,0,0
ANNUAL REVIEW OF STATISTICS AND ITS APPLICATION,0,0,1,0,0,0,0,0,0,0,0,0,0,0,0,0,0,0,0
AOB PLANTS,0,0,0,1,0,0,0,0,0,0,0,0,0,0,0,0,0,0,0
APPLIED SOIL ECOLOGY,0,0,0,0,1,0,0,0,0,0,0,0,0,0,0,0,0,0,0
APPLIED VEGETATION SCIENCE,0,0,0,0,1,0,0,0,0,0,0,0,0,0,0,0,0,0,0
AQUACULTURE,0,0,0,0,1,0,0,0,0,0,0,0,0,0,0,0,0,0,0
AQUACULTURE ECONOMICS & MANAGEMENT,0,0,1,0,0,0,0,0,0,0,0,0,0,0,0,0,0,0,0
AQUATIC BIOLOGY,0,0,0,0,0,0,0,0,0,0,0,0,0,0,0,1,0,0,0
AQUATIC CONSERVATION-MARINE AND FRESHWATER ECOSYSTEMS,0,0,0,0,1,0,0,0,0,0,0,0,0,0,0,0,0,0,0
AQUATIC LIVING RESOURCES,0,0,0,0,1,1,0,1,0,0,0,0,0,0,0,0,0,0,0
AQUATIC MAMMALS,0,0,0,1,0,0,0,0,0,0,0,0,0,0,0,0,0,0,0
AQUATIC TOXICOLOGY,0,0,0,0,0,1,0,0,0,0,0,0,0,0,0,0,0,0,0
ARDEOLA,0,0,0,0,0,1,0,0,0,0,0,0,0,0,0,0,0,0,0
ARTHROPOD-PLANT INTERACTIONS,0,0,0,1,0,1,0,0,0,0,0,0,0,0,0,0,0,0,0
ARTIFICIAL ORGANS,0,0,0,0,1,0,0,0,0,0,0,0,0,0,0,0,0,0,0
ASTA-ADVANCES IN STATISTICAL ANALYSIS,0,0,0,0,0,1,0,0,0,0,0,0,0,0,0,0,0,0,0
ASTROPHYSICAL JOURNAL,0,0,0,0,1,0,0,0,0,0,0,0,0,0,0,0,0,0,0
AUSTRAL ECOLOGY,0,0,0,0,0,1,0,0,0,0,0,0,0,0,0,0,0,0,0
AUSTRALIAN AND NEW ZEALAND JOURNAL OF STATISTICS,0,0,0,0,0,0,0,0,0,1,0,0,0,0,0,0,0,0,0
AUSTRALIAN JOURNAL OF MARINE AND FRESHWATER RESEARCH,0,0,0,0,0,0,1,0,0,0,0,0,0,0,0,0,0,0,0
BASIC AND APPLIED ECOLOGY,0,0,0,0,1,0,0,0,0,0,0,0,0,0,0,0,0,0,0
BEHAVIOR GENETICS,0,0,0,0,0,1,0,0,0,0,0,0,0,0,0,0,0,0,0
BEHAVIORAL ECOLOGY,0,0,1,5,0,2,0,0,0,0,0,0,0,0,0,0,0,0,0
BEHAVIORAL ECOLOGY AND SOCIOBIOLOGY,0,0,1,2,1,1,0,0,0,0,0,0,0,0,0,0,0,0,0
BEHAVIOURAL PROCESSES,0,0,0,0,1,1,0,0,0,0,0,0,0,0,0,0,0,0,0
BIOCONTROL,0,0,0,0,1,1,0,0,0,0,0,0,0,0,0,0,0,0,0
BIODIVERS CONSERV,0,0,0,0,0,0,0,0,0,0,0,0,0,0,1,0,0,0,0
BIODIVERSITY AND CONSERVATION,0,1,1,0,0,2,0,0,0,0,0,0,0,0,0,0,0,0,0
BIOLOGICAL CONSERVATION,0,0,0,2,2,4,0,0,0,0,0,0,0,0,1,0,0,0,0
BIOLOGICAL CONTROL,0,0,0,0,0,1,0,0,0,0,0,0,0,0,0,0,0,0,0
BIOLOGICAL INVASIONS,0,0,0,1,1,2,0,0,0,0,0,0,0,0,0,0,0,0,0
BIOLOGICAL JOURNAL OF THE LINNEAN SOCIETY,0,0,1,0,0,0,0,0,0,0,0,0,0,0,0,0,0,0,0
BIOLOGY LETTERS,0,0,1,1,1,0,0,0,0,0,0,0,0,0,0,0,0,0,0
BIOMETRICAL JOURNAL,0,0,0,0,1,0,0,0,0,0,0,0,0,0,0,0,0,0,0
BIOMETRICS,0,1,1,0,0,0,0,0,0,0,0,0,0,0,0,0,0,0,0
BIOSTATISTICS,0,1,1,0,0,0,0,0,0,0,0,0,0,0,0,0,0,0,0
BIOTROPICA,0,0,0,0,0,2,0,0,0,0,0,0,0,0,0,0,0,0,0
BIRD CONSERVATION INTERNATIONAL,0,0,0,1,0,0,0,0,0,0,0,0,0,0,0,0,0,0,0
BIRD STUDY,0,0,0,0,0,1,0,0,0,0,0,0,0,0,0,0,0,0,0
BMC ECOLOGY,0,0,0,0,0,1,0,0,0,0,0,0,0,0,0,0,0,0,0
BMC EVOLUTIONARY BIOLOGY,0,0,0,1,0,0,0,0,0,0,0,0,0,0,0,0,0,0,0
BMC MEDICAL RESEARCH METHODOLOGY,0,0,0,0,1,0,0,0,0,0,0,0,0,0,0,0,0,0,0
BOTANICAL JOURNAL OF THE LINNEAN SOCIETY,0,0,0,0,1,1,0,0,0,0,0,0,0,0,0,0,0,0,0
BOTANICAL SCIENCES,0,0,0,0,1,0,0,0,0,0,0,0,0,0,0,0,0,0,0
BRAZILIAN JOURNAL OF BIOLOGY,0,0,0,0,1,0,0,0,0,0,0,0,0,0,0,0,0,0,0
BULLETIN OF ENTOMOLOGICAL RESEARCH,0,0,1,0,0,0,0,0,0,0,0,0,0,0,0,0,0,0,0
BULLETIN OF MARINE SCIENCE,0,0,0,0,0,0,1,0,0,0,0,1,0,0,0,0,0,0,0
BULLETIN OF THE SEISMOLOGICAL SOCIETY OF AMERICA,0,0,0,0,0,1,0,0,0,0,0,0,0,0,0,0,0,0,0
CANADIAN ENTOMOLOGIST,0,0,0,0,0,1,0,0,0,0,0,0,0,0,0,0,0,0,0
CANADIAN JOURNAL OF FISHERIES AND AQUATIC SCIENCES,3,8,2,6,6,7,2,3,2,2,4,1,4,6,2,3,1,0,0
CANADIAN JOURNAL OF ZOOLOGY,0,0,1,0,3,1,0,0,0,0,0,0,0,0,0,0,0,0,0
CCAMLR SCIENCE,0,0,1,0,0,0,0,0,0,0,0,0,0,0,0,0,0,0,0
CELL,0,0,0,0,1,0,0,0,0,0,0,0,0,0,0,0,0,0,0
CHEMOSPHERE,0,0,0,0,0,1,0,0,0,0,0,0,0,0,0,0,0,0,0
CHILD DEVELOPMENT,0,0,0,0,1,0,0,0,0,0,0,0,0,0,0,0,0,0,0
CLINICAL SCIENCE,0,0,0,1,0,0,0,0,0,0,0,0,0,0,0,0,0,0,0
COMPUTATIONAL STATISTICS & DATA ANALYSIS,0,0,1,0,0,0,0,0,0,0,0,0,0,0,0,0,0,0,0
COMPUTATIONAL STATISTICS AND DATA ANALYSIS,0,0,0,0,0,0,0,0,0,0,0,1,0,0,0,0,0,0,0
COMPUTERS IN FISHERIES POPULATION DYNAMICS,0,0,0,0,0,0,0,0,0,0,0,0,0,0,1,0,0,0,0
CONTINENTAL SHELF RESEARCH,0,0,0,0,0,0,0,0,0,0,0,0,0,1,0,0,0,0,0
CORAL REEFS,0,0,0,0,0,1,0,0,0,0,0,0,0,0,0,0,0,0,0
CRIMINAL JUSTICE AND BEHAVIOR,0,0,1,0,0,0,0,0,0,0,0,0,0,0,0,0,0,0,0
CURRENT BIOLOGY,0,0,0,0,1,1,0,0,0,0,0,0,0,0,0,0,0,0,0
CURRENT ZOOLOGY,0,0,0,0,0,1,0,0,0,0,0,0,0,0,0,0,0,0,0
DEEP-SEA RESEARCH PART I-OCEANOGRAPHIC RESEARCH PAPERS,0,0,0,0,1,0,0,0,0,0,0,0,0,0,0,0,0,0,0
DEEP-SEA RESEARCH PART II-TOPICAL STUDIES IN OCEANOGRAPHY,0,0,1,0,3,2,0,0,0,0,0,0,0,0,0,0,0,0,0
DIABETES CARE,1,0,0,0,0,0,0,0,0,0,0,0,0,0,0,0,0,0,0
DISEASES OF AQUATIC ORGANISMS,0,0,0,0,0,0,0,0,0,0,0,0,0,0,0,1,0,0,0
DIVERSITY AND DISTRIBUTIONS,0,0,1,1,0,0,0,0,0,0,0,0,0,0,0,0,0,0,0
ECOGRAPHY,0,0,0,1,0,2,0,0,0,0,0,0,0,0,0,0,0,0,0
ECOLOGICAL APPLICATIONS,0,2,0,2,1,2,0,0,1,0,0,0,0,1,0,0,0,0,0
ECOLOGICAL ENGINEERING,0,0,0,0,0,1,0,0,0,0,0,0,0,0,0,0,0,0,0
ECOLOGICAL ENTOMOLOGY,0,0,0,0,1,1,0,0,0,0,0,0,0,0,0,0,0,0,0
ECOLOGICAL INDICATORS,0,0,0,0,0,1,0,0,0,0,0,0,0,0,0,0,0,0,0
ECOLOGICAL MODELLING,0,0,1,0,1,0,0,0,0,0,0,0,0,0,1,0,0,0,0
ECOLOGICAL MONOGRAPHS,0,0,1,0,0,0,0,0,0,0,0,0,0,0,0,0,0,0,0
ECOLOGICAL RESEARCH,0,0,0,0,1,0,0,0,0,0,0,0,0,0,0,0,0,0,0
ECOLOGY,0,3,1,2,2,5,0,0,0,0,0,0,0,0,0,0,0,0,0
ECOLOGY AND EVOLUTION,0,2,1,1,2,4,0,0,0,0,0,0,0,0,0,0,0,0,0
ECOLOGY LETTERS,0,1,1,0,1,0,0,0,0,0,0,0,0,0,0,0,0,0,0
ECONOMETRICS JOURNAL,0,0,0,0,0,0,0,0,2,0,0,0,0,0,0,0,0,0,0
ECOSPHERE,0,0,0,3,3,3,0,0,0,0,0,0,0,0,0,0,0,0,0
ECOSYSTEMS,0,0,1,0,0,0,0,0,0,0,0,0,0,0,0,0,0,0,0
ELECTRONIC TAGGING AND TRACKING IN MARINE FISHERIES,0,0,0,0,0,0,1,0,0,0,0,0,0,0,0,0,0,0,0
ELIFE,0,1,0,0,1,0,0,0,0,0,0,0,0,0,0,0,0,0,0
ENVIRONMENTAL AND ECOLOGICAL STATISTICS,0,2,0,1,1,1,0,0,0,0,0,1,0,1,0,0,0,0,0
ENVIRONMENTAL BIOLOGY OF FISHES,0,0,1,1,0,0,0,0,0,0,0,0,0,0,0,0,0,0,0
ENVIRONMENTAL CONSERVATION,0,1,0,0,0,0,0,0,0,0,0,0,0,0,0,0,0,0,0
ENVIRONMENTAL DEVELOPMENT,0,0,0,0,1,0,0,0,0,0,0,0,0,0,0,0,0,0,0
ENVIRONMENTAL ENTOMOLOGY,0,0,0,0,1,0,0,0,0,0,0,0,0,0,0,0,0,0,0
ENVIRONMENTAL MANAGEMENT,0,0,1,0,1,0,0,0,0,0,0,0,0,0,0,0,0,0,0
ENVIRONMENTAL RESEARCH LETTERS,0,0,0,0,1,0,0,0,0,0,0,0,0,0,0,0,0,0,0
ENVIRONMENTAL SCIENCE & TECHNOLOGY,0,0,0,1,0,0,0,0,0,0,0,0,0,0,0,0,0,0,0
EPIDEMICS,0,0,1,0,0,0,0,0,0,0,0,0,0,0,0,0,0,0,0
ESEC/FSE 2017: PROCEEDINGS OF THE 2017 11TH JOINT MEETING ON FOUNDATIONS OF SOFTWARE ENGINEERING,0,0,0,0,0,1,0,0,0,0,0,0,0,0,0,0,0,0,0
ETHOLOGY,0,0,0,1,2,1,0,0,0,0,0,0,0,0,0,0,0,0,0
EUROPEAN JOURNAL OF SOIL BIOLOGY,0,0,0,0,0,1,0,0,0,0,0,0,0,0,0,0,0,0,0
EUROPEAN JOURNAL OF WILDLIFE RESEARCH,0,0,0,0,0,2,0,0,0,0,0,0,0,0,0,0,0,0,0
EVOLUTION,0,0,0,0,1,0,0,0,0,0,0,0,0,0,0,0,0,0,0
EVOLUTIONARY ECOLOGY,0,0,1,0,0,0,0,0,0,0,0,0,0,0,0,0,0,0,0
FIRE ECOLOGY,0,0,0,0,0,1,0,0,0,0,0,0,0,0,0,0,0,0,0
FISH AND FISHERIES,0,3,0,0,0,1,0,0,1,0,0,0,1,0,0,0,0,0,0
FISHERIES,0,0,0,0,0,0,0,0,0,0,0,0,0,0,0,0,0,0,1
FISHERIES MANAGEMENT AND ECOLOGY,0,0,1,0,1,0,0,0,0,0,0,0,0,0,0,1,0,0,0
FISHERIES OCEANOGRAPHY,0,0,2,1,0,1,0,0,1,0,0,1,1,0,0,0,0,0,0
FISHERIES RESEARCH,5,9,12,10,13,13,0,0,2,1,2,5,1,2,4,0,0,3,9
FISHERIES SCIENCE,0,0,0,0,0,1,0,0,0,0,0,0,0,0,0,0,0,0,0
FISHERIES STOCK ASSESSMENT MODELS ALASKA SEA GRANT COLLEGE PROGRAM,0,0,0,1,0,0,0,0,0,0,0,0,0,0,0,0,0,0,0
FISHERY BULLETIN,0,0,0,0,1,2,1,0,3,0,0,0,1,0,0,0,0,0,0
FISHERY STOCK ASSESSMENT MODELS PROCEEDINGS OF THE INTERNATIONAL SYMPOSIUM ON FISHERY STOCK ASSESSMENT MODELS FOR THE 21ST CENTURY,0,0,0,3,0,0,0,0,0,0,0,0,0,0,0,0,0,0,0
FOREST ECOLOGY AND MANAGEMENT,0,1,0,3,2,2,0,0,0,0,0,0,0,0,0,0,0,0,0
FOREST SCIENCE,0,0,1,0,0,0,0,0,0,0,0,0,0,0,0,0,0,0,0
FORESTRY,0,0,0,0,0,1,0,0,0,0,0,0,0,0,0,0,0,0,0
FRESHWATER BIOLOGY,0,0,0,1,1,0,0,0,0,0,0,0,0,0,0,0,0,0,0
FRONTIERS IN ECOLOGY AND THE ENVIRONMENT,0,0,0,0,1,0,0,0,0,0,0,0,0,0,0,0,0,0,0
FRONTIERS IN GENETICS,0,0,1,0,0,0,0,0,0,0,0,0,0,0,0,0,0,0,0
FRONTIERS IN MICROBIOLOGY,0,0,0,1,0,0,0,0,0,0,0,0,0,0,0,0,0,0,0
FRONTIERS IN NEUROSCIENCE,0,0,0,0,0,1,0,0,0,0,0,0,0,0,0,0,0,0,0
FRONTIERS IN PLANT SCIENCE,0,0,0,0,0,1,0,0,0,0,0,0,0,0,0,0,0,0,0
FRONTIERS IN ZOOLOGY,0,0,0,1,1,0,0,0,0,0,0,0,0,0,0,0,0,0,0
FUNGAL ECOLOGY,0,0,0,0,1,0,0,0,0,0,0,0,0,0,0,0,0,0,0
GENETICS,0,0,0,0,0,0,0,0,0,0,0,1,0,0,0,0,0,0,0
GENETICS SELECTION EVOLUTION,0,0,0,1,0,0,0,0,0,0,0,0,0,0,0,0,0,0,0
GLOBAL CHANGE BIOLOGY,0,0,0,2,2,2,0,0,0,0,0,0,0,0,0,0,0,0,0
GLOBAL CHANGE BIOLOGY BIOENERGY,0,0,0,1,0,0,0,0,0,0,0,0,0,0,0,0,0,0,0
GLOBAL ECOLOGY AND BIOGEOGRAPHY,1,0,0,0,1,0,0,0,0,0,0,0,0,0,0,0,0,0,0
GLOBAL ECOLOGY AND CONSERVATION,0,0,0,0,1,0,0,0,0,0,0,0,0,0,0,0,0,0,0
GRASS AND FORAGE SCIENCE,0,0,0,0,1,1,0,0,0,0,0,0,0,0,0,0,0,0,0
GULF OF MEXICO SCIENCE,0,0,0,0,0,0,0,0,0,1,0,0,0,0,0,0,0,0,0
HEALTH & PLACE,0,0,1,0,0,0,0,0,0,0,0,0,0,0,0,0,0,0,0
HEREDITY,0,0,0,0,2,0,0,0,0,0,0,0,0,0,0,0,0,0,0
HERPETOLOGICA,0,0,0,0,0,1,0,0,0,0,0,0,0,0,0,0,0,0,0
HERPETOLOGICAL CONSERVATION AND BIOLOGY,0,0,0,0,1,0,0,0,0,0,0,0,0,0,0,0,0,0,0
HORMONES AND BEHAVIOR,0,0,0,0,1,0,0,0,0,0,0,0,0,0,0,0,0,0,0
HYDROBIOLOGIA,0,0,0,2,0,2,0,0,0,0,0,0,0,0,0,0,0,0,0
IBIS,0,0,0,1,0,0,0,0,0,0,0,0,0,0,0,0,0,0,0
ICES JOURNAL OF MARINE SCIENCE,2,4,7,13,5,5,1,0,0,0,1,1,1,1,2,1,0,0,0
IEEE ACCESS,0,0,1,0,0,0,0,0,0,0,0,0,0,0,0,0,0,0,0
IFOREST-BIOGEOSCIENCES AND FORESTRY,0,0,0,0,1,0,0,0,0,0,0,0,0,0,0,0,0,0,0
INDIAN JOURNAL OF FISHERIES,0,0,1,0,0,0,0,0,0,0,0,0,0,0,0,0,0,0,0
INSURANCE: MATHEMATICS AND ECONOMICS,0,0,0,0,0,0,0,0,0,0,0,0,0,1,0,0,0,0,0
INTER-AMERICAN TROPICAL TUNA COMMISSION BULLETIN,0,0,0,0,0,0,0,1,1,0,0,0,0,0,0,0,0,0,0
INTER-AMERICAN TROPICAL TUNA COMMISSION SPECIAL REPORT,0,0,0,0,0,0,0,0,0,0,0,1,0,0,0,0,0,0,0
INTERNATIONAL JOURNAL OF PRIMATOLOGY,0,0,0,0,0,1,0,0,0,0,0,0,0,0,0,0,0,0,0
INTERNATIONAL JOURNAL OF SPELEOLOGY,0,0,1,0,0,0,0,0,0,0,0,0,0,0,0,0,0,0,0
INTERNATIONAL JOURNAL OF WILDLAND FIRE,0,0,0,0,0,1,0,0,0,0,0,0,0,0,0,0,0,0,0
JAMA INTERNAL MEDICINE,0,1,0,0,0,0,0,0,0,0,0,0,0,0,0,0,0,0,0
JAMA-JOURNAL OF THE AMERICAN MEDICAL ASSOCIATION,1,3,2,0,0,0,0,0,0,0,0,0,0,0,0,0,0,0,0
JOURNAL,4028,4030,4032,2015,2016,2017,0,0,0,0,0,0,0,0,0,0,0,0,0
JOURNAL OF AFFECTIVE DISORDERS,0,0,0,0,1,0,0,0,0,0,0,0,0,0,0,0,0,0,0
JOURNAL OF AGRICULTURAL BIOLOGICAL AND ENVIRONMENTAL STATISTICS,0,1,0,0,0,0,0,0,0,0,0,0,0,0,0,2,0,0,0
JOURNAL OF ANIMAL ECOLOGY,0,1,1,1,0,0,0,0,0,0,0,0,0,0,0,0,0,0,0
JOURNAL OF APPLIED ECOLOGY,1,0,0,1,0,1,0,0,0,0,0,0,0,0,0,0,0,0,0
JOURNAL OF APPLIED MICROBIOLOGY,0,0,0,0,0,1,0,0,0,0,0,0,0,0,0,0,0,0,0
JOURNAL OF APPLIED STATISTICS,0,1,0,0,0,1,0,0,0,0,0,0,0,0,0,0,0,0,0
JOURNAL OF AVIAN BIOLOGY,0,1,0,1,0,0,0,0,0,0,0,0,0,0,0,0,0,0,0
JOURNAL OF CETACEAN RESEARCH AND MANAGEMENT,0,0,0,0,0,0,0,1,0,0,0,0,0,0,0,0,0,0,0
JOURNAL OF CHEMICAL ECOLOGY,0,0,1,0,1,0,0,0,0,0,0,0,0,0,0,0,0,0,0
JOURNAL OF COMMUNITY & APPLIED SOCIAL PSYCHOLOGY,0,0,0,0,1,0,0,0,0,0,0,0,0,0,0,0,0,0,0
JOURNAL OF COMPUTATIONAL AND GRAPHICAL STATISTICS,0,1,0,0,0,1,0,1,0,0,0,0,0,0,0,0,0,0,0
JOURNAL OF ECOLOGY,0,0,1,0,1,1,0,0,0,0,0,0,0,0,0,0,0,0,0
JOURNAL OF ETHOLOGY,0,0,1,0,0,0,0,0,0,0,0,0,0,0,0,0,0,0,0
JOURNAL OF EVOLUTIONARY BIOLOGY,0,0,1,2,1,0,0,0,0,0,0,0,0,0,0,0,0,0,0
JOURNAL OF EXPERIMENTAL BIOLOGY,0,0,0,0,0,2,0,0,0,0,0,0,0,0,0,0,0,0,0
JOURNAL OF EXPERIMENTAL EDUCATION,0,0,0,0,1,0,0,0,0,0,0,0,0,0,0,0,0,0,0
JOURNAL OF EXPERIMENTAL MARINE BIOLOGY AND ECOLOGY,0,0,1,1,0,0,0,0,0,0,0,0,0,0,0,0,0,0,0
JOURNAL OF EXPERIMENTAL PSYCHOLOGY-LEARNING MEMORY AND COGNITION,0,0,1,0,0,0,0,0,0,0,0,0,0,0,0,0,0,0,0
JOURNAL OF EXPERIMENTAL ZOOLOGY PART A-ECOLOGICAL GENETICS AND PHYSIOLOGY,0,0,0,0,1,0,0,0,0,0,0,0,0,0,0,0,0,0,0
JOURNAL OF FIELD ORNITHOLOGY,0,1,2,0,0,0,0,0,0,0,0,0,0,0,0,0,0,0,0
JOURNAL OF FISH AND WILDLIFE MANAGEMENT,0,0,1,0,1,0,0,0,0,0,0,0,0,0,0,0,0,0,0
JOURNAL OF FISH BIOLOGY,0,1,0,0,0,2,0,0,0,0,0,1,0,0,0,0,0,0,0
JOURNAL OF FISHERIES AND AQUATIC SCIENCES,0,0,0,0,0,0,0,0,0,0,0,0,0,0,1,0,0,0,0
JOURNAL OF GEOPHYSICAL RESEARCH-BIOGEOSCIENCES,0,0,0,0,0,1,0,0,0,0,0,0,0,0,0,0,0,0,0
JOURNAL OF GREAT LAKES RESEARCH,1,1,2,0,1,0,0,0,2,0,0,0,0,0,0,0,0,1,1
JOURNAL OF HAZARDOUS MATERIALS,0,0,0,0,0,1,0,0,0,0,0,0,0,0,0,0,0,0,0
JOURNAL OF HEREDITY,0,1,0,0,0,0,0,0,0,0,0,0,0,0,0,0,0,0,0
JOURNAL OF HOSPITAL INFECTION,0,0,0,0,0,1,0,0,0,0,0,0,0,0,0,0,0,0,0
JOURNAL OF IMMUNOLOGY RESEARCH,0,0,0,1,0,0,0,0,0,0,0,0,0,0,0,0,0,0,0
JOURNAL OF INSECT CONSERVATION,0,1,1,0,1,0,0,0,0,0,0,0,0,0,0,0,0,0,0
JOURNAL OF MAMMALOGY,0,1,1,0,1,0,0,0,0,0,0,0,0,0,0,0,0,0,0
JOURNAL OF MEDICAL ENTOMOLOGY,0,0,0,0,0,1,0,0,0,0,0,0,0,0,0,0,0,0,0
JOURNAL OF MEDICAL INTERNET RESEARCH,0,0,0,0,1,0,0,0,0,0,0,0,0,0,0,0,0,0,0
JOURNAL OF PEDIATRIC PSYCHOLOGY,0,0,0,0,0,1,0,0,0,0,0,0,0,0,0,0,0,0,0
JOURNAL OF PLANKTON RESEARCH,0,0,0,1,1,0,0,0,0,0,0,0,0,0,0,0,0,0,0
JOURNAL OF RAPTOR RESEARCH,0,0,0,0,1,0,0,0,0,0,0,0,0,0,0,0,0,0,0
JOURNAL OF SEA RESEARCH,0,1,0,0,0,0,0,0,0,0,0,0,0,0,0,0,0,0,1
JOURNAL OF STATISTICAL COMPUTATION AND SIMULATION,0,0,0,0,1,0,0,0,0,0,0,0,0,0,0,0,0,0,0
JOURNAL OF STATISTICAL SOFTWARE,0,0,1,1,1,0,0,0,0,0,0,0,0,0,0,0,0,0,0
JOURNAL OF THE ACOUSTICAL SOCIETY OF AMERICA,0,0,0,0,0,0,1,0,0,0,0,0,0,0,0,0,0,0,0
JOURNAL OF THE AMERICAN GERIATRICS SOCIETY,0,0,0,0,0,1,0,0,0,0,0,0,0,0,0,0,0,0,0
JOURNAL OF THE ROYAL SOCIETY INTERFACE,0,0,0,0,0,1,0,0,0,0,0,0,0,0,0,0,0,0,0
JOURNAL OF THE TORREY BOTANICAL SOCIETY,0,0,0,1,0,0,0,0,0,0,0,0,0,0,0,0,0,0,0
JOURNAL OF THEORETICAL BIOLOGY,0,0,0,0,1,0,0,0,0,0,0,0,0,0,0,0,0,0,0
JOURNAL OF TROPICAL ECOLOGY,0,0,0,0,1,0,0,0,0,0,0,0,0,0,0,0,0,0,0
JOURNAL OF VEGETATION SCIENCE,0,0,2,0,0,1,0,0,0,0,0,0,0,0,0,0,0,0,0
JOURNAL OF WILDLIFE MANAGEMENT,0,1,0,1,3,1,0,0,0,0,0,0,0,0,0,1,0,0,0
JOURNAL OF ZOOLOGY,0,0,0,0,0,1,0,0,0,0,0,0,0,0,0,0,0,0,0
LANCET PUBLIC HEALTH,0,1,0,0,0,0,0,0,0,0,0,0,0,0,0,0,0,0,0
LANDSCAPE ECOLOGY,0,0,0,0,1,0,0,0,0,0,0,0,0,0,0,0,0,0,0
LIMNOLOGY AND OCEANOGRAPHY,0,0,0,0,0,0,0,0,0,0,0,0,0,0,0,1,0,0,0
MALARIA JOURNAL,0,0,0,0,1,0,0,0,0,0,0,0,0,0,0,0,0,0,0
MARINE AND COASTAL FISHERIES,1,0,2,0,1,0,0,0,0,0,0,0,0,0,0,0,0,0,0
MARINE AND FRESHWATER RESEARCH,0,0,1,0,0,1,2,2,1,0,0,0,1,0,1,0,0,0,0
MARINE BIOLOGY,0,1,1,1,1,0,0,0,0,0,0,0,0,0,0,1,0,0,1
MARINE ECOLOGY PROGRESS SERIES,0,1,4,4,0,1,0,0,0,0,0,0,0,0,0,1,0,0,0
MARINE ENVIRONMENTAL RESEARCH,0,0,0,0,0,1,0,0,0,0,0,0,0,0,0,0,0,0,0
MARINE MAMMAL SCIENCE,0,0,1,0,0,0,0,0,0,1,0,0,1,1,1,0,0,0,0
MARINE POLICY,0,0,0,0,1,1,0,0,0,0,0,0,0,0,0,0,0,0,0
MARINE POLLUTION BULLETIN,0,0,0,1,0,1,0,0,0,0,0,0,0,0,0,0,0,0,0
MCHIGAN DEPARTMENT OF NATURAL RESOURCES FISHERIES DIVISION FISHERIES RESEARCH REPORT,0,0,0,0,0,0,0,0,1,0,0,0,0,0,0,0,0,0,0
MEDICAL AND VETERINARY ENTOMOLOGY,0,0,0,0,0,1,0,0,0,0,0,0,0,0,0,0,0,0,0
METHODS IN ECOLOGY AND EVOLUTION,1,4,0,2,1,1,0,0,0,0,0,0,0,0,0,0,0,1,1
MICROBIAL ECOLOGY,0,0,0,0,0,1,0,0,0,0,0,0,0,0,0,0,0,0,0
MOLECULAR ECOLOGY,0,0,1,1,1,0,0,0,0,0,0,0,0,0,0,0,0,0,0
MOLECULAR ECOLOGY RESOURCES,0,0,0,1,0,0,0,0,0,0,0,0,0,0,0,0,0,0,0
NATURAL RESOURCE MODELING,0,0,0,0,0,0,0,0,1,0,0,0,0,0,0,0,0,0,0
NATURE,0,2,0,1,0,0,0,0,0,0,0,0,0,0,0,0,0,0,0
NATURE COMMUNICATIONS,0,0,0,0,1,2,0,0,0,0,0,0,0,0,0,0,0,0,0
NATURE ECOLOGY & EVOLUTION,0,1,0,0,0,0,0,0,0,0,0,0,0,0,0,0,0,0,0
NEW FORESTS,0,0,0,0,0,1,0,0,0,0,0,0,0,0,0,0,0,0,0
NEW ZEALAND FISHERIES ASSESSMENT REPORT,0,0,0,0,0,1,0,1,0,0,0,0,0,0,0,0,0,0,0
NEW ZEALAND JOURNAL OF MARINE AND FRESHWATER RESEARCH,0,0,0,0,0,0,1,0,0,0,1,0,0,0,1,0,0,0,0
NORTH AMERICAN JOURNAL OF FISHERIES MANAGEMENT,1,0,2,0,3,2,0,2,0,0,0,1,0,0,1,0,1,0,0
NORTHWEST SCIENCE,0,0,0,0,1,0,0,0,0,0,0,0,0,0,0,0,0,0,0
NUCLEIC ACIDS RESEARCH,0,1,0,0,0,0,0,0,0,0,0,0,0,0,0,0,0,0,0
OECOLOGIA,0,0,0,2,2,3,0,0,0,0,0,0,0,0,0,0,0,0,0
OIKOS,0,0,0,0,1,0,0,0,0,0,0,0,0,0,0,0,0,0,0
OPTIMIZATION METHODS AND SOFTWARE,0,0,0,0,0,0,0,0,0,0,0,0,0,0,0,0,0,1,0
PALAIOS,0,0,0,0,0,1,0,0,0,0,0,0,0,0,0,0,0,0,0
PALEOBIOLOGY,0,0,0,0,0,0,0,0,0,0,0,0,0,0,0,1,0,0,0
PARASITE,0,0,0,1,0,0,0,0,0,0,0,0,0,0,0,0,0,0,0
PARASITES & VECTORS,0,0,1,1,3,5,0,0,0,0,0,0,0,0,0,0,0,0,0
PEDOBIOLOGIA,0,0,0,0,0,1,0,0,0,0,0,0,0,0,0,0,0,0,0
PEERJ,0,0,1,1,0,1,0,0,0,0,0,0,0,0,0,0,0,0,0
PEST MANAGEMENT SCIENCE,0,0,0,0,0,2,0,0,0,0,0,0,0,0,0,0,0,0,0
PHILOSOPHICAL TRANSACTIONS OF THE ROYAL SOCIETY B-BIOLOGICAL SCIENCES,0,0,0,0,0,1,0,0,0,0,0,0,0,0,0,0,0,0,0
PHYSICAL REVIEW E,0,0,0,0,0,0,0,1,0,0,0,0,0,0,0,0,0,0,0
PLANT BIOLOGY,0,0,0,0,1,0,0,0,0,0,0,0,0,0,0,0,0,0,0
PLANT ECOLOGY,0,0,0,3,2,2,0,0,0,0,0,0,0,0,0,0,0,0,0
PLOS COMPUTATIONAL BIOLOGY,0,0,1,0,0,0,0,0,0,0,0,0,0,0,0,0,0,0,0
PLOS GENETICS,0,0,0,1,0,0,0,0,0,0,0,0,0,0,0,0,0,0,0
PLOS MEDICINE,0,0,0,0,0,1,0,0,0,0,0,0,0,0,0,0,0,0,0
PLOS NEGLECTED TROPICAL DISEASES,0,0,1,0,1,1,0,0,0,0,0,0,0,0,0,0,0,0,0
PLOS ONE,1,5,3,5,7,4,0,0,0,0,0,0,0,0,0,1,1,0,0
PNAS,0,0,0,0,0,0,0,0,0,0,0,0,0,0,0,0,0,1,0
POLAR BIOLOGY,0,0,0,0,0,1,0,0,0,0,0,0,0,0,0,0,0,0,0
POPULATION ECOLOGY,0,0,0,0,0,0,0,0,0,0,0,0,0,0,0,1,0,0,0
POPULATION HEALTH METRICS,0,1,1,0,0,0,0,0,0,0,0,0,0,0,0,0,0,0,0
PROCEEDINGS OF A WORKSHOP ON THE DYNAMICS OF LAKE WHITEFISH (COREGONUS CLUPEAFORMIS) AND THE AMPHIPOD DIPOREIA SPP. IN THE GREAT LAKES. GREAT LAKES FISH,0,0,0,0,0,0,0,0,0,0,1,0,0,0,0,0,0,0,0
PROCEEDINGS OF THE NATIONAL ACADEMY OF SCIENCES OF THE UNITED STATES OF AMERICA,0,0,0,0,2,0,0,0,0,0,0,0,0,0,0,0,0,0,0
PROCEEDINGS OF THE ROYAL SOCIETY B,0,0,0,0,0,0,0,0,0,0,0,0,0,0,1,0,0,0,0
PROCEEDINGS OF THE ROYAL SOCIETY B-BIOLOGICAL SCIENCES,1,0,1,1,0,3,0,0,0,0,0,0,0,0,0,0,0,0,0
PROGRESS IN OCEANOGRAPHY,0,0,0,0,0,1,0,0,0,0,0,0,0,1,0,1,0,0,0
PSYCHIATRIC SERVICES,0,0,0,1,0,0,0,0,0,0,0,0,0,0,0,0,0,0,0
PSYCHOLOGICAL SCIENCE,0,0,0,0,0,1,0,0,0,0,0,0,0,0,0,0,0,0,0
R JOURNAL,0,1,0,0,0,0,0,0,0,0,0,0,0,0,0,0,0,0,0
RANGELAND JOURNAL,0,0,0,0,0,1,0,0,0,0,0,0,0,0,0,0,0,0,0
REMOTE SENSING,0,0,0,0,0,1,0,0,0,0,0,0,0,0,0,0,0,0,0
REMOTE SENSING OF ENVIRONMENT,0,0,0,1,0,0,0,0,0,0,0,0,0,0,0,0,0,0,0
RESTORATION ECOLOGY,0,0,0,0,1,0,0,0,0,0,0,0,0,0,0,0,0,0,0
REVISTA DE BIOLOGÍA MARINA Y OCEANOGRAFÍA,0,0,0,0,0,0,0,0,0,0,0,0,0,0,1,0,0,0,0
RIVER RESEARCH AND APPLICATIONS,0,0,0,0,1,0,0,0,0,0,0,0,0,0,0,0,0,0,0
RLA-REVISTA DE LINGUISTICA TEORICA Y APLICADA,0,0,1,0,0,0,0,0,0,0,0,0,0,0,0,0,0,0,0
ROYAL SOCIETY OPEN SCIENCE,0,0,0,2,1,0,0,0,0,0,0,0,0,0,0,0,0,0,0
SCIENCE OF THE TOTAL ENVIRONMENT,0,0,0,0,2,0,0,0,0,0,0,0,0,0,0,0,0,0,0
SCIENTIA HORTICULTURAE,0,0,0,0,0,1,0,0,0,0,0,0,0,0,0,0,0,0,0
SCIENTIFIC REPORTS,1,1,0,0,2,3,0,0,0,0,0,0,0,0,0,0,0,0,0
SCIENTIFICA,0,0,0,0,1,0,0,0,0,0,0,0,0,0,0,0,0,0,0
SPATIAL PROCESSES AND MANAGEMENT OF FISH POPULATIONS,0,0,0,0,0,0,1,0,0,0,0,0,0,0,0,0,0,0,0
STATISTICAL METHODS IN MEDICAL RESEARCH,0,0,0,0,0,1,0,0,0,0,0,0,0,0,0,0,0,0,0
STATISTICS AND COMPUTING,0,0,1,0,0,0,0,0,0,0,0,0,0,0,0,0,0,0,0
STATISTICS IN MEDICINE,0,1,0,0,3,0,0,0,0,0,0,0,0,0,0,0,0,0,0
STRAHLENTHERAPIE UND ONKOLOGIE,0,0,1,0,0,0,0,0,0,0,0,0,0,0,0,0,0,0,0
THE ALEUTIAN ECOSYSTEM: PROCESSES CONTROLLING VARIABILITY IN PRODUCTIVITY AND ECOSYSTEM STRUCTURE,0,0,0,0,0,0,0,0,0,0,1,0,0,0,0,0,0,0,0
THEORETICAL POPULATION BIOLOGY,0,0,0,0,0,0,0,0,0,0,0,0,0,0,0,1,0,0,0
TRANSACTIONS OF THE AMERICAN FISHERIES SOCIETY,2,1,2,1,3,2,0,0,0,0,0,0,1,0,0,0,1,2,1
TRANSPORTATION RESEARCH PART F-TRAFFIC PSYCHOLOGY AND BEHAVIOUR,0,0,0,0,0,3,0,0,0,0,0,0,0,0,0,0,0,0,0
TROPICAL CONSERVATION SCIENCE,0,0,0,0,0,1,0,0,0,0,0,0,0,0,0,0,0,0,0
URBAN FORESTRY & URBAN GREENING,0,0,0,0,1,0,0,0,0,0,0,0,0,0,0,0,0,0,0
VETERINARY PARASITOLOGY,0,0,0,0,1,1,0,0,0,0,0,0,0,0,0,0,0,0,0
VIRUSES-BASEL,0,0,0,0,0,1,0,0,0,0,0,0,0,0,0,0,0,0,0
WATER,0,1,0,0,0,0,0,0,0,0,0,0,0,0,0,0,0,0,0
WATERBIRDS,0,0,0,1,0,0,0,0,0,0,0,0,0,0,0,0,0,0,0
WILDLIFE RESEARCH,0,0,0,1,1,0,0,0,0,0,0,0,0,0,0,0,0,0,0
WILDLIFE SOCIETY BULLETIN,0,0,0,0,0,1,0,0,0,0,0,0,0,0,0,0,0,0,0
WILSON JOURNAL OF ORNITHOLOGY,0,1,0,0,0,0,0,0,0,0,0,0,0,0,0,0,0,0,0
ZOOLOGY,0,0,0,0,1,0,0,0,0,0,0,0,0,0,0,0,0,0,0

Year Sums:
1 1990 4051
2 1992 4114
3 1994 4135
4 1998 2147
5 1999 2190
6 2000 2209
7 2001 13
8 2002 13
9 2003 19
10 2004 8
11 2005 10
12 2006 15
13 2007 15
14 2008 15
15 2009 20
16 2010 19
17 2011 4
18 2012 9
19 2013 16
19022

Journal Sums:
1  1
2 18TH WORLD IMACS CONGRESS AND MODSIM09 INTERNATIONAL CONGRESS ON MODELLING AND SIMULATION 1
3 ACTA ICHTHYOLOGICA ET PISCATORIA 1
4 ACTA OECOLOGICA 1
5 ADDICTION 1
6 ADDICTIVE BEHAVIORS 1
7 AFRICAN JOURNAL OF MARINE SCIENCE 5
8 AFRICAN ZOOLOGY 1
9 AGRICULTURAL AND FOREST ENTOMOLOGY 1
10 AGRICULTURE ECOSYSTEMS & ENVIRONMENT 4
11 AGROFORESTRY SYSTEMS 1
12 AIDS 1
13 ALASKA SEA GRANT COLLEGE PROGRAM 1
14 AMERICAN FISHERIES SOCIETY SYMPOSIUM 2
15 AMERICAN JOURNAL OF AGRICULTURAL ECONOMICS 1
16 AMERICAN JOURNAL OF BOTANY 2
17 AMERICAN JOURNAL OF PHYSICAL ANTHROPOLOGY 1
18 AMERICAN JOURNAL OF PRIMATOLOGY 1
19 AMERICAN JOURNALL OF EPIDEMIOLOGY 1
20 AMERICAN NATURALIST 3
21 ANIMAL BEHAVIOUR 11
22 ANIMAL BIODIVERSITY AND CONSERVATION 1
23 ANNALES DE LIMNOLOGIE-INTERNATIONAL JOURNAL OF LIMNOLOGY 2
24 ANNALS OF BOTANY 1
25 ANNALS OF FOREST SCIENCE 2
26 ANNUAL REVIEW OF STATISTICS AND ITS APPLICATION 1
27 AOB PLANTS 1
28 APPLIED SOIL ECOLOGY 1
29 APPLIED VEGETATION SCIENCE 1
30 AQUACULTURE 1
31 AQUACULTURE ECONOMICS & MANAGEMENT 1
32 AQUATIC BIOLOGY 1
33 AQUATIC CONSERVATION-MARINE AND FRESHWATER ECOSYSTEMS 1
34 AQUATIC LIVING RESOURCES 3
35 AQUATIC MAMMALS 1
36 AQUATIC TOXICOLOGY 1
37 ARDEOLA 1
38 ARTHROPOD-PLANT INTERACTIONS 2
39 ARTIFICIAL ORGANS 1
40 ASTA-ADVANCES IN STATISTICAL ANALYSIS 1
41 ASTROPHYSICAL JOURNAL 1
42 AUSTRAL ECOLOGY 1
43 AUSTRALIAN AND NEW ZEALAND JOURNAL OF STATISTICS 1
44 AUSTRALIAN JOURNAL OF MARINE AND FRESHWATER RESEARCH 1
45 BASIC AND APPLIED ECOLOGY 1
46 BEHAVIOR GENETICS 1
47 BEHAVIORAL ECOLOGY 8
48 BEHAVIORAL ECOLOGY AND SOCIOBIOLOGY 5
49 BEHAVIOURAL PROCESSES 2
50 BIOCONTROL 2
51 BIODIVERS CONSERV 1
52 BIODIVERSITY AND CONSERVATION 4
53 BIOLOGICAL CONSERVATION 9
54 BIOLOGICAL CONTROL 1
55 BIOLOGICAL INVASIONS 4
56 BIOLOGICAL JOURNAL OF THE LINNEAN SOCIETY 1
57 BIOLOGY LETTERS 3
58 BIOMETRICAL JOURNAL 1
59 BIOMETRICS 2
60 BIOSTATISTICS 2
61 BIOTROPICA 2
62 BIRD CONSERVATION INTERNATIONAL 1
63 BIRD STUDY 1
64 BMC ECOLOGY 1
65 BMC EVOLUTIONARY BIOLOGY 1
66 BMC MEDICAL RESEARCH METHODOLOGY 1
67 BOTANICAL JOURNAL OF THE LINNEAN SOCIETY 2
68 BOTANICAL SCIENCES 1
69 BRAZILIAN JOURNAL OF BIOLOGY 1
70 BULLETIN OF ENTOMOLOGICAL RESEARCH 1
71 BULLETIN OF MARINE SCIENCE 2
72 BULLETIN OF THE SEISMOLOGICAL SOCIETY OF AMERICA 1
73 CANADIAN ENTOMOLOGIST 1
74 CANADIAN JOURNAL OF FISHERIES AND AQUATIC SCIENCES 62
75 CANADIAN JOURNAL OF ZOOLOGY 5
76 CCAMLR SCIENCE 1
77 CELL 1
78 CHEMOSPHERE 1
79 CHILD DEVELOPMENT 1
80 CLINICAL SCIENCE 1
81 COMPUTATIONAL STATISTICS & DATA ANALYSIS 1
82 COMPUTATIONAL STATISTICS AND DATA ANALYSIS 1
83 COMPUTERS IN FISHERIES POPULATION DYNAMICS 1
84 CONTINENTAL SHELF RESEARCH 1
85 CORAL REEFS 1
86 CRIMINAL JUSTICE AND BEHAVIOR 1
87 CURRENT BIOLOGY 2
88 CURRENT ZOOLOGY 1
89 DEEP-SEA RESEARCH PART I-OCEANOGRAPHIC RESEARCH PAPERS 1
90 DEEP-SEA RESEARCH PART II-TOPICAL STUDIES IN OCEANOGRAPHY 6
91 DIABETES CARE 1
92 DISEASES OF AQUATIC ORGANISMS 1
93 DIVERSITY AND DISTRIBUTIONS 2
94 ECOGRAPHY 3
95 ECOLOGICAL APPLICATIONS 9
96 ECOLOGICAL ENGINEERING 1
97 ECOLOGICAL ENTOMOLOGY 2
98 ECOLOGICAL INDICATORS 1
99 ECOLOGICAL MODELLING 3
100 ECOLOGICAL MONOGRAPHS 1
101 ECOLOGICAL RESEARCH 1
102 ECOLOGY 13
103 ECOLOGY AND EVOLUTION 10
104 ECOLOGY LETTERS 3
105 ECONOMETRICS JOURNAL 2
106 ECOSPHERE 9
107 ECOSYSTEMS 1
108 ELECTRONIC TAGGING AND TRACKING IN MARINE FISHERIES 1
109 ELIFE 2
110 ENVIRONMENTAL AND ECOLOGICAL STATISTICS 7
111 ENVIRONMENTAL BIOLOGY OF FISHES 2
112 ENVIRONMENTAL CONSERVATION 1
113 ENVIRONMENTAL DEVELOPMENT 1
114 ENVIRONMENTAL ENTOMOLOGY 1
115 ENVIRONMENTAL MANAGEMENT 2
116 ENVIRONMENTAL RESEARCH LETTERS 1
117 ENVIRONMENTAL SCIENCE & TECHNOLOGY 1
118 EPIDEMICS 1
119 ESEC/FSE 2017: PROCEEDINGS OF THE 2017 11TH JOINT MEETING ON FOUNDATIONS OF SOFTWARE ENGINEERING 1
120 ETHOLOGY 4
121 EUROPEAN JOURNAL OF SOIL BIOLOGY 1
122 EUROPEAN JOURNAL OF WILDLIFE RESEARCH 2
123 EVOLUTION 1
124 EVOLUTIONARY ECOLOGY 1
125 FIRE ECOLOGY 1
126 FISH AND FISHERIES 6
127 FISHERIES 1
128 FISHERIES MANAGEMENT AND ECOLOGY 3
129 FISHERIES OCEANOGRAPHY 7
130 FISHERIES RESEARCH 91
131 FISHERIES SCIENCE 1
132 FISHERIES STOCK ASSESSMENT MODELS ALASKA SEA GRANT COLLEGE PROGRAM 1
133 FISHERY BULLETIN 8
134 FISHERY STOCK ASSESSMENT MODELS PROCEEDINGS OF THE INTERNATIONAL SYMPOSIUM ON FISHERY STOCK ASSESSMENT MODELS FOR THE 21ST CENTURY 3
135 FOREST ECOLOGY AND MANAGEMENT 8
136 FOREST SCIENCE 1
137 FORESTRY 1
138 FRESHWATER BIOLOGY 2
139 FRONTIERS IN ECOLOGY AND THE ENVIRONMENT 1
140 FRONTIERS IN GENETICS 1
141 FRONTIERS IN MICROBIOLOGY 1
142 FRONTIERS IN NEUROSCIENCE 1
143 FRONTIERS IN PLANT SCIENCE 1
144 FRONTIERS IN ZOOLOGY 2
145 FUNGAL ECOLOGY 1
146 GENETICS 1
147 GENETICS SELECTION EVOLUTION 1
148 GLOBAL CHANGE BIOLOGY 6
149 GLOBAL CHANGE BIOLOGY BIOENERGY 1
150 GLOBAL ECOLOGY AND BIOGEOGRAPHY 2
151 GLOBAL ECOLOGY AND CONSERVATION 1
152 GRASS AND FORAGE SCIENCE 2
153 GULF OF MEXICO SCIENCE 1
154 HEALTH & PLACE 1
155 HEREDITY 2
156 HERPETOLOGICA 1
157 HERPETOLOGICAL CONSERVATION AND BIOLOGY 1
158 HORMONES AND BEHAVIOR 1
159 HYDROBIOLOGIA 4
160 IBIS 1
161 ICES JOURNAL OF MARINE SCIENCE 44
162 IEEE ACCESS 1
163 IFOREST-BIOGEOSCIENCES AND FORESTRY 1
164 INDIAN JOURNAL OF FISHERIES 1
165 INSURANCE: MATHEMATICS AND ECONOMICS 1
166 INTER-AMERICAN TROPICAL TUNA COMMISSION BULLETIN 2
167 INTER-AMERICAN TROPICAL TUNA COMMISSION SPECIAL REPORT 1
168 INTERNATIONAL JOURNAL OF PRIMATOLOGY 1
169 INTERNATIONAL JOURNAL OF SPELEOLOGY 1
170 INTERNATIONAL JOURNAL OF WILDLAND FIRE 1
171 JAMA INTERNAL MEDICINE 1
172 JAMA-JOURNAL OF THE AMERICAN MEDICAL ASSOCIATION 6
173 JOURNAL 18138
174 JOURNAL OF AFFECTIVE DISORDERS 1
175 JOURNAL OF AGRICULTURAL BIOLOGICAL AND ENVIRONMENTAL STATISTICS 3
176 JOURNAL OF ANIMAL ECOLOGY 3
177 JOURNAL OF APPLIED ECOLOGY 3
178 JOURNAL OF APPLIED MICROBIOLOGY 1
179 JOURNAL OF APPLIED STATISTICS 2
180 JOURNAL OF AVIAN BIOLOGY 2
181 JOURNAL OF CETACEAN RESEARCH AND MANAGEMENT 1
182 JOURNAL OF CHEMICAL ECOLOGY 2
183 JOURNAL OF COMMUNITY & APPLIED SOCIAL PSYCHOLOGY 1
184 JOURNAL OF COMPUTATIONAL AND GRAPHICAL STATISTICS 3
185 JOURNAL OF ECOLOGY 3
186 JOURNAL OF ETHOLOGY 1
187 JOURNAL OF EVOLUTIONARY BIOLOGY 4
188 JOURNAL OF EXPERIMENTAL BIOLOGY 2
189 JOURNAL OF EXPERIMENTAL EDUCATION 1
190 JOURNAL OF EXPERIMENTAL MARINE BIOLOGY AND ECOLOGY 2
191 JOURNAL OF EXPERIMENTAL PSYCHOLOGY-LEARNING MEMORY AND COGNITION 1
192 JOURNAL OF EXPERIMENTAL ZOOLOGY PART A-ECOLOGICAL GENETICS AND PHYSIOLOGY 1
193 JOURNAL OF FIELD ORNITHOLOGY 3
194 JOURNAL OF FISH AND WILDLIFE MANAGEMENT 2
195 JOURNAL OF FISH BIOLOGY 4
196 JOURNAL OF FISHERIES AND AQUATIC SCIENCES 1
197 JOURNAL OF GEOPHYSICAL RESEARCH-BIOGEOSCIENCES 1
198 JOURNAL OF GREAT LAKES RESEARCH 9
199 JOURNAL OF HAZARDOUS MATERIALS 1
200 JOURNAL OF HEREDITY 1
201 JOURNAL OF HOSPITAL INFECTION 1
202 JOURNAL OF IMMUNOLOGY RESEARCH 1
203 JOURNAL OF INSECT CONSERVATION 3
204 JOURNAL OF MAMMALOGY 3
205 JOURNAL OF MEDICAL ENTOMOLOGY 1
206 JOURNAL OF MEDICAL INTERNET RESEARCH 1
207 JOURNAL OF PEDIATRIC PSYCHOLOGY 1
208 JOURNAL OF PLANKTON RESEARCH 2
209 JOURNAL OF RAPTOR RESEARCH 1
210 JOURNAL OF SEA RESEARCH 2
211 JOURNAL OF STATISTICAL COMPUTATION AND SIMULATION 1
212 JOURNAL OF STATISTICAL SOFTWARE 3
213 JOURNAL OF THE ACOUSTICAL SOCIETY OF AMERICA 1
214 JOURNAL OF THE AMERICAN GERIATRICS SOCIETY 1
215 JOURNAL OF THE ROYAL SOCIETY INTERFACE 1
216 JOURNAL OF THE TORREY BOTANICAL SOCIETY 1
217 JOURNAL OF THEORETICAL BIOLOGY 1
218 JOURNAL OF TROPICAL ECOLOGY 1
219 JOURNAL OF VEGETATION SCIENCE 3
220 JOURNAL OF WILDLIFE MANAGEMENT 7
221 JOURNAL OF ZOOLOGY 1
222 LANCET PUBLIC HEALTH 1
223 LANDSCAPE ECOLOGY 1
224 LIMNOLOGY AND OCEANOGRAPHY 1
225 MALARIA JOURNAL 1
226 MARINE AND COASTAL FISHERIES 4
227 MARINE AND FRESHWATER RESEARCH 9
228 MARINE BIOLOGY 6
229 MARINE ECOLOGY PROGRESS SERIES 11
230 MARINE ENVIRONMENTAL RESEARCH 1
231 MARINE MAMMAL SCIENCE 5
232 MARINE POLICY 2
233 MARINE POLLUTION BULLETIN 2
234 MCHIGAN DEPARTMENT OF NATURAL RESOURCES FISHERIES DIVISION FISHERIES RESEARCH REPORT 1
235 MEDICAL AND VETERINARY ENTOMOLOGY 1
236 METHODS IN ECOLOGY AND EVOLUTION 11
237 MICROBIAL ECOLOGY 1
238 MOLECULAR ECOLOGY 3
239 MOLECULAR ECOLOGY RESOURCES 1
240 NATURAL RESOURCE MODELING 1
241 NATURE 3
242 NATURE COMMUNICATIONS 3
243 NATURE ECOLOGY & EVOLUTION 1
244 NEW FORESTS 1
245 NEW ZEALAND FISHERIES ASSESSMENT REPORT 2
246 NEW ZEALAND JOURNAL OF MARINE AND FRESHWATER RESEARCH 3
247 NORTH AMERICAN JOURNAL OF FISHERIES MANAGEMENT 13
248 NORTHWEST SCIENCE 1
249 NUCLEIC ACIDS RESEARCH 1
250 OECOLOGIA 7
251 OIKOS 1
252 OPTIMIZATION METHODS AND SOFTWARE 1
253 PALAIOS 1
254 PALEOBIOLOGY 1
255 PARASITE 1
256 PARASITES & VECTORS 10
257 PEDOBIOLOGIA 1
258 PEERJ 3
259 PEST MANAGEMENT SCIENCE 2
260 PHILOSOPHICAL TRANSACTIONS OF THE ROYAL SOCIETY B-BIOLOGICAL SCIENCES 1
261 PHYSICAL REVIEW E 1
262 PLANT BIOLOGY 1
263 PLANT ECOLOGY 7
264 PLOS COMPUTATIONAL BIOLOGY 1
265 PLOS GENETICS 1
266 PLOS MEDICINE 1
267 PLOS NEGLECTED TROPICAL DISEASES 3
268 PLOS ONE 27
269 PNAS 1
270 POLAR BIOLOGY 1
271 POPULATION ECOLOGY 1
272 POPULATION HEALTH METRICS 2
273 PROCEEDINGS OF A WORKSHOP ON THE DYNAMICS OF LAKE WHITEFISH (COREGONUS CLUPEAFORMIS) AND THE AMPHIPOD DIPOREIA SPP. IN THE GREAT LAKES. GREAT LAKES FISH 1
274 PROCEEDINGS OF THE NATIONAL ACADEMY OF SCIENCES OF THE UNITED STATES OF AMERICA 2
275 PROCEEDINGS OF THE ROYAL SOCIETY B 1
276 PROCEEDINGS OF THE ROYAL SOCIETY B-BIOLOGICAL SCIENCES 6
277 PROGRESS IN OCEANOGRAPHY 3
278 PSYCHIATRIC SERVICES 1
279 PSYCHOLOGICAL SCIENCE 1
280 R JOURNAL 1
281 RANGELAND JOURNAL 1
282 REMOTE SENSING 1
283 REMOTE SENSING OF ENVIRONMENT 1
284 RESTORATION ECOLOGY 1
285 REVISTA DE BIOLOGÍA MARINA Y OCEANOGRAFÍA 1
286 RIVER RESEARCH AND APPLICATIONS 1
287 RLA-REVISTA DE LINGUISTICA TEORICA Y APLICADA 1
288 ROYAL SOCIETY OPEN SCIENCE 3
289 SCIENCE OF THE TOTAL ENVIRONMENT 2
290 SCIENTIA HORTICULTURAE 1
291 SCIENTIFIC REPORTS 7
292 SCIENTIFICA 1
293 SPATIAL PROCESSES AND MANAGEMENT OF FISH POPULATIONS 1
294 STATISTICAL METHODS IN MEDICAL RESEARCH 1
295 STATISTICS AND COMPUTING 1
296 STATISTICS IN MEDICINE 4
297 STRAHLENTHERAPIE UND ONKOLOGIE 1
298 THE ALEUTIAN ECOSYSTEM: PROCESSES CONTROLLING VARIABILITY IN PRODUCTIVITY AND ECOSYSTEM STRUCTURE 1
299 THEORETICAL POPULATION BIOLOGY 1
300 TRANSACTIONS OF THE AMERICAN FISHERIES SOCIETY 16
301 TRANSPORTATION RESEARCH PART F-TRAFFIC PSYCHOLOGY AND BEHAVIOUR 3
302 TROPICAL CONSERVATION SCIENCE 1
303 URBAN FORESTRY & URBAN GREENING 1
304 VETERINARY PARASITOLOGY 2
305 VIRUSES-BASEL 1
306 WATER 1
307 WATERBIRDS 1
308 WILDLIFE RESEARCH 2
309 WILDLIFE SOCIETY BULLETIN 1
310 WILSON JOURNAL OF ORNITHOLOGY 1
311 ZOOLOGY 1
19022

Shannon–Weaver index (multi-cite)
Year  H
1990 0.0493393
1992 0.17254
1994 0.216361
1998 0.476639
1999 0.633354
2000 0.690071
2001 2.35167
2002 2.09815
2003 2.47912
2004 1.90615
2005 1.60944
2006 2.17157
2007 2.33837
2008 1.89893
2009 2.57984
2010 2.69801
2011 1.38629
2012 1.67699
2013 1.53665
