oldADMB
removed ‘tmp.bib’
citation_matrix.csv

records read read =  1781
number of citations =  1588

journal count:  77
1  1
2 18TH WORLD IMACS CONGRESS AND MODSIM09 INTERNATIONAL CONGRESS ON MODELLING AND SIMULATION 1
3 ACTA OECOLOGICA 1
4 AFRICAN JOURNAL OF MARINE SCIENCE 1
5 AFRICAN ZOOLOGY 1
6 ALASKA SEA GRANT COLLEGE PROGRAM 1
7 AMERICAN FISHERIES SOCIETY SYMPOSIUM 2
8 AMERICAN JOURNAL OF AGRICULTURAL ECONOMICS 1
9 AMERICAN JOURNALL OF EPIDEMIOLOGY 1
10 ANIMAL BIODIVERSITY AND CONSERVATION 1
11 AQUATIC BIOLOGY 1
12 AQUATIC LIVING RESOURCES 2
13 AUSTRALIAN AND NEW ZEALAND JOURNAL OF STATISTICS 1
14 AUSTRALIAN JOURNAL OF MARINE AND FRESHWATER RESEARCH 1
15 BIODIVERS CONSERV 1
16 BIOLOGICAL CONSERVATION 1
17 BULLETIN OF MARINE SCIENCE 2
18 CANADIAN JOURNAL OF FISHERIES AND AQUATIC SCIENCES 35
19 COMPUTATIONAL STATISTICS AND DATA ANALYSIS 1
20 COMPUTERS IN FISHERIES POPULATION DYNAMICS 1
21 CONTINENTAL SHELF RESEARCH 1
22 DISEASES OF AQUATIC ORGANISMS 1
23 ECOLOGICAL APPLICATIONS 2
24 ECOLOGICAL MODELLING 1
25 ECONOMETRICS JOURNAL 2
26 ELECTRONIC TAGGING AND TRACKING IN MARINE FISHERIES 1
27 ENVIRONMENTAL AND ECOLOGICAL STATISTICS 2
28 ENVIRONMENTAL BIOLOGY OF FISHES 1
29 FISH AND FISHERIES 2
30 FISHERIES 1
31 FISHERIES MANAGEMENT AND ECOLOGY 1
32 FISHERIES OCEANOGRAPHY 3
33 FISHERIES RESEARCH 29
34 FISHERIES STOCK ASSESSMENT MODELS ALASKA SEA GRANT COLLEGE PROGRAM 1
35 FISHERY BULLETIN 5
36 FISHERY STOCK ASSESSMENT MODELS PROCEEDINGS OF THE INTERNATIONAL SYMPOSIUM ON FISHERY STOCK ASSESSMENT MODELS FOR THE 21ST CENTURY 3
37 GENETICS 1
38 GULF OF MEXICO SCIENCE 1
39 ICES JOURNAL OF MARINE SCIENCE 10
40 INSURANCE: MATHEMATICS AND ECONOMICS 1
41 INTER-AMERICAN TROPICAL TUNA COMMISSION BULLETIN 2
42 INTER-AMERICAN TROPICAL TUNA COMMISSION SPECIAL REPORT 1
43 JOURNAL OF AGRICULTURAL BIOLOGICAL AND ENVIRONMENTAL STATISTICS 2
44 JOURNAL OF CETACEAN RESEARCH AND MANAGEMENT 1
45 JOURNAL OF COMPUTATIONAL AND GRAPHICAL STATISTICS 1
46 JOURNAL OF FISH BIOLOGY 1
47 JOURNAL OF FISHERIES AND AQUATIC SCIENCES 1
48 JOURNAL OF GREAT LAKES RESEARCH 4
49 JOURNAL OF SEA RESEARCH 1
50 JOURNAL OF THE ACOUSTICAL SOCIETY OF AMERICA 1
51 JOURNAL OF WILDLIFE MANAGEMENT 1
52 LIMNOLOGY AND OCEANOGRAPHY 1
53 MARINE AND FRESHWATER RESEARCH 7
54 MARINE BIOLOGY 2
55 MARINE ECOLOGY PROGRESS SERIES 1
56 MARINE MAMMAL SCIENCE 4
57 MCHIGAN DEPARTMENT OF NATURAL RESOURCES FISHERIES DIVISION FISHERIES RESEARCH REPORT 1
58 METHODS IN ECOLOGY AND EVOLUTION 2
59 NATURAL RESOURCE MODELING 1
60 NATURE 1
61 NEW ZEALAND FISHERIES ASSESSMENT REPORT 2
62 NEW ZEALAND JOURNAL OF MARINE AND FRESHWATER RESEARCH 3
63 NORTH AMERICAN JOURNAL OF FISHERIES MANAGEMENT 6
64 OPTIMIZATION METHODS AND SOFTWARE 1
65 PALEOBIOLOGY 1
66 PHYSICAL REVIEW E 1
67 PLOS ONE 2
68 PNAS 1
69 POPULATION ECOLOGY 1
70 PROCEEDINGS OF A WORKSHOP ON THE DYNAMICS OF LAKE WHITEFISH (COREGONUS CLUPEAFORMIS) AND THE AMPHIPOD DIPOREIA SPP. IN THE GREAT LAKES. GREAT LAKES FISH 1
71 PROCEEDINGS OF THE ROYAL SOCIETY B 1
72 PROGRESS IN OCEANOGRAPHY 2
73 REVISTA DE BIOLOGÍA MARINA Y OCEANOGRAFÍA 1
74 SPATIAL PROCESSES AND MANAGEMENT OF FISH POPULATIONS 1
75 THE ALEUTIAN ECOSYSTEM: PROCESSES CONTROLLING VARIABILITY IN PRODUCTIVITY AND ECOSYSTEM STRUCTURE 1
76 THEORETICAL POPULATION BIOLOGY 1
77 TRANSACTIONS OF THE AMERICAN FISHERIES SOCIETY 5
Total citations:  193

number of years included:  19
1 1990 1
2 1992 1
3 1994 2
4 1998 5
5 1999 5
6 2000 3
7 2001 13
8 2002 13
9 2003 19
10 2004 8
11 2005 10
12 2006 15
13 2007 15
14 2008 15
15 2009 20
16 2010 19
17 2011 4
18 2012 9
19 2013 16
Total citations:  193

JOURNAL,1990,1992,1994,1998,1999,2000,2001,2002,2003,2004,2005,2006,2007,2008,2009,2010,2011,2012,2013
,0,0,0,0,0,0,0,0,0,0,0,0,0,0,0,0,0,0,1
18TH WORLD IMACS CONGRESS AND MODSIM09 INTERNATIONAL CONGRESS ON MODELLING AND SIMULATION,0,0,0,0,0,0,0,0,0,0,0,0,0,0,1,0,0,0,0
ACTA OECOLOGICA,0,0,0,0,0,0,0,0,0,1,0,0,0,0,0,0,0,0,0
AFRICAN JOURNAL OF MARINE SCIENCE,0,0,0,0,0,0,0,0,0,0,0,0,1,0,0,0,0,0,0
AFRICAN ZOOLOGY,0,0,0,0,0,0,0,0,0,0,0,0,0,0,0,1,0,0,0
ALASKA SEA GRANT COLLEGE PROGRAM,0,0,0,0,1,0,0,0,0,0,0,0,0,0,0,0,0,0,0
AMERICAN FISHERIES SOCIETY SYMPOSIUM,0,0,0,0,0,0,1,0,1,0,0,0,0,0,0,0,0,0,0
AMERICAN JOURNAL OF AGRICULTURAL ECONOMICS,0,0,0,0,0,0,0,0,0,0,0,0,1,0,0,0,0,0,0
AMERICAN JOURNALL OF EPIDEMIOLOGY,0,0,0,0,0,0,0,0,0,0,0,0,1,0,0,0,0,0,0
ANIMAL BIODIVERSITY AND CONSERVATION,0,0,0,0,0,0,0,0,0,1,0,0,0,0,0,0,0,0,0
AQUATIC BIOLOGY,0,0,0,0,0,0,0,0,0,0,0,0,0,0,0,1,0,0,0
AQUATIC LIVING RESOURCES,0,0,0,0,0,1,0,1,0,0,0,0,0,0,0,0,0,0,0
AUSTRALIAN AND NEW ZEALAND JOURNAL OF STATISTICS,0,0,0,0,0,0,0,0,0,1,0,0,0,0,0,0,0,0,0
AUSTRALIAN JOURNAL OF MARINE AND FRESHWATER RESEARCH,0,0,0,0,0,0,1,0,0,0,0,0,0,0,0,0,0,0,0
BIODIVERS CONSERV,0,0,0,0,0,0,0,0,0,0,0,0,0,0,1,0,0,0,0
BIOLOGICAL CONSERVATION,0,0,0,0,0,0,0,0,0,0,0,0,0,0,1,0,0,0,0
BULLETIN OF MARINE SCIENCE,0,0,0,0,0,0,1,0,0,0,0,1,0,0,0,0,0,0,0
CANADIAN JOURNAL OF FISHERIES AND AQUATIC SCIENCES,1,0,1,1,2,0,2,3,2,2,4,1,4,6,2,3,1,0,0
COMPUTATIONAL STATISTICS AND DATA ANALYSIS,0,0,0,0,0,0,0,0,0,0,0,1,0,0,0,0,0,0,0
COMPUTERS IN FISHERIES POPULATION DYNAMICS,0,0,0,0,0,0,0,0,0,0,0,0,0,0,1,0,0,0,0
CONTINENTAL SHELF RESEARCH,0,0,0,0,0,0,0,0,0,0,0,0,0,1,0,0,0,0,0
DISEASES OF AQUATIC ORGANISMS,0,0,0,0,0,0,0,0,0,0,0,0,0,0,0,1,0,0,0
ECOLOGICAL APPLICATIONS,0,0,0,0,0,0,0,0,1,0,0,0,0,1,0,0,0,0,0
ECOLOGICAL MODELLING,0,0,0,0,0,0,0,0,0,0,0,0,0,0,1,0,0,0,0
ECONOMETRICS JOURNAL,0,0,0,0,0,0,0,0,2,0,0,0,0,0,0,0,0,0,0
ELECTRONIC TAGGING AND TRACKING IN MARINE FISHERIES,0,0,0,0,0,0,1,0,0,0,0,0,0,0,0,0,0,0,0
ENVIRONMENTAL AND ECOLOGICAL STATISTICS,0,0,0,0,0,0,0,0,0,0,0,1,0,1,0,0,0,0,0
ENVIRONMENTAL BIOLOGY OF FISHES,0,0,1,0,0,0,0,0,0,0,0,0,0,0,0,0,0,0,0
FISH AND FISHERIES,0,0,0,0,0,0,0,0,1,0,0,0,1,0,0,0,0,0,0
FISHERIES,0,0,0,0,0,0,0,0,0,0,0,0,0,0,0,0,0,0,1
FISHERIES MANAGEMENT AND ECOLOGY,0,0,0,0,0,0,0,0,0,0,0,0,0,0,0,1,0,0,0
FISHERIES OCEANOGRAPHY,0,0,0,0,0,0,0,0,1,0,0,1,1,0,0,0,0,0,0
FISHERIES RESEARCH,0,0,0,0,0,0,0,0,2,1,2,5,1,2,4,0,0,3,9
FISHERIES STOCK ASSESSMENT MODELS ALASKA SEA GRANT COLLEGE PROGRAM,0,0,0,1,0,0,0,0,0,0,0,0,0,0,0,0,0,0,0
FISHERY BULLETIN,0,0,0,0,0,0,1,0,3,0,0,0,1,0,0,0,0,0,0
FISHERY STOCK ASSESSMENT MODELS PROCEEDINGS OF THE INTERNATIONAL SYMPOSIUM ON FISHERY STOCK ASSESSMENT MODELS FOR THE 21ST CENTURY,0,0,0,3,0,0,0,0,0,0,0,0,0,0,0,0,0,0,0
GENETICS,0,0,0,0,0,0,0,0,0,0,0,1,0,0,0,0,0,0,0
GULF OF MEXICO SCIENCE,0,0,0,0,0,0,0,0,0,1,0,0,0,0,0,0,0,0,0
ICES JOURNAL OF MARINE SCIENCE,0,0,0,0,1,1,1,0,0,0,1,1,1,1,2,1,0,0,0
INSURANCE: MATHEMATICS AND ECONOMICS,0,0,0,0,0,0,0,0,0,0,0,0,0,1,0,0,0,0,0
INTER-AMERICAN TROPICAL TUNA COMMISSION BULLETIN,0,0,0,0,0,0,0,1,1,0,0,0,0,0,0,0,0,0,0
INTER-AMERICAN TROPICAL TUNA COMMISSION SPECIAL REPORT,0,0,0,0,0,0,0,0,0,0,0,1,0,0,0,0,0,0,0
JOURNAL OF AGRICULTURAL BIOLOGICAL AND ENVIRONMENTAL STATISTICS,0,0,0,0,0,0,0,0,0,0,0,0,0,0,0,2,0,0,0
JOURNAL OF CETACEAN RESEARCH AND MANAGEMENT,0,0,0,0,0,0,0,1,0,0,0,0,0,0,0,0,0,0,0
JOURNAL OF COMPUTATIONAL AND GRAPHICAL STATISTICS,0,0,0,0,0,0,0,1,0,0,0,0,0,0,0,0,0,0,0
JOURNAL OF FISH BIOLOGY,0,0,0,0,0,0,0,0,0,0,0,1,0,0,0,0,0,0,0
JOURNAL OF FISHERIES AND AQUATIC SCIENCES,0,0,0,0,0,0,0,0,0,0,0,0,0,0,1,0,0,0,0
JOURNAL OF GREAT LAKES RESEARCH,0,0,0,0,0,0,0,0,2,0,0,0,0,0,0,0,0,1,1
JOURNAL OF SEA RESEARCH,0,0,0,0,0,0,0,0,0,0,0,0,0,0,0,0,0,0,1
JOURNAL OF THE ACOUSTICAL SOCIETY OF AMERICA,0,0,0,0,0,0,1,0,0,0,0,0,0,0,0,0,0,0,0
JOURNAL OF WILDLIFE MANAGEMENT,0,0,0,0,0,0,0,0,0,0,0,0,0,0,0,1,0,0,0
LIMNOLOGY AND OCEANOGRAPHY,0,0,0,0,0,0,0,0,0,0,0,0,0,0,0,1,0,0,0
MARINE AND FRESHWATER RESEARCH,0,0,0,0,0,0,2,2,1,0,0,0,1,0,1,0,0,0,0
MARINE BIOLOGY,0,0,0,0,0,0,0,0,0,0,0,0,0,0,0,1,0,0,1
MARINE ECOLOGY PROGRESS SERIES,0,0,0,0,0,0,0,0,0,0,0,0,0,0,0,1,0,0,0
MARINE MAMMAL SCIENCE,0,0,0,0,0,0,0,0,0,1,0,0,1,1,1,0,0,0,0
MCHIGAN DEPARTMENT OF NATURAL RESOURCES FISHERIES DIVISION FISHERIES RESEARCH REPORT,0,0,0,0,0,0,0,0,1,0,0,0,0,0,0,0,0,0,0
METHODS IN ECOLOGY AND EVOLUTION,0,0,0,0,0,0,0,0,0,0,0,0,0,0,0,0,0,1,1
NATURAL RESOURCE MODELING,0,0,0,0,0,0,0,0,1,0,0,0,0,0,0,0,0,0,0
NATURE,0,1,0,0,0,0,0,0,0,0,0,0,0,0,0,0,0,0,0
NEW ZEALAND FISHERIES ASSESSMENT REPORT,0,0,0,0,0,1,0,1,0,0,0,0,0,0,0,0,0,0,0
NEW ZEALAND JOURNAL OF MARINE AND FRESHWATER RESEARCH,0,0,0,0,0,0,1,0,0,0,1,0,0,0,1,0,0,0,0
NORTH AMERICAN JOURNAL OF FISHERIES MANAGEMENT,0,0,0,0,1,0,0,2,0,0,0,1,0,0,1,0,1,0,0
OPTIMIZATION METHODS AND SOFTWARE,0,0,0,0,0,0,0,0,0,0,0,0,0,0,0,0,0,1,0
PALEOBIOLOGY,0,0,0,0,0,0,0,0,0,0,0,0,0,0,0,1,0,0,0
PHYSICAL REVIEW E,0,0,0,0,0,0,0,1,0,0,0,0,0,0,0,0,0,0,0
PLOS ONE,0,0,0,0,0,0,0,0,0,0,0,0,0,0,0,1,1,0,0
PNAS,0,0,0,0,0,0,0,0,0,0,0,0,0,0,0,0,0,1,0
POPULATION ECOLOGY,0,0,0,0,0,0,0,0,0,0,0,0,0,0,0,1,0,0,0
PROCEEDINGS OF A WORKSHOP ON THE DYNAMICS OF LAKE WHITEFISH (COREGONUS CLUPEAFORMIS) AND THE AMPHIPOD DIPOREIA SPP. IN THE GREAT LAKES. GREAT LAKES FISH,0,0,0,0,0,0,0,0,0,0,1,0,0,0,0,0,0,0,0
PROCEEDINGS OF THE ROYAL SOCIETY B,0,0,0,0,0,0,0,0,0,0,0,0,0,0,1,0,0,0,0
PROGRESS IN OCEANOGRAPHY,0,0,0,0,0,0,0,0,0,0,0,0,0,1,0,1,0,0,0
REVISTA DE BIOLOGÍA MARINA Y OCEANOGRAFÍA,0,0,0,0,0,0,0,0,0,0,0,0,0,0,1,0,0,0,0
SPATIAL PROCESSES AND MANAGEMENT OF FISH POPULATIONS,0,0,0,0,0,0,1,0,0,0,0,0,0,0,0,0,0,0,0
THE ALEUTIAN ECOSYSTEM: PROCESSES CONTROLLING VARIABILITY IN PRODUCTIVITY AND ECOSYSTEM STRUCTURE,0,0,0,0,0,0,0,0,0,0,1,0,0,0,0,0,0,0,0
THEORETICAL POPULATION BIOLOGY,0,0,0,0,0,0,0,0,0,0,0,0,0,0,0,1,0,0,0
TRANSACTIONS OF THE AMERICAN FISHERIES SOCIETY,0,0,0,0,0,0,0,0,0,0,0,0,1,0,0,0,1,2,1

Shannon–Weaver index
Year  H
1990 0
1992 0
1994 0.693147
1998 0.950271
1999 1.33218
2000 1.09861
2001 2.35167
2002 2.09815
2003 2.47912
2004 1.90615
2005 1.60944
2006 2.17157
2007 2.33837
2008 1.89893
2009 2.57984
2010 2.69801
2011 1.38629
2012 1.67699
2013 1.53665
