citation_matrix.csv
6 8
6 Source Title
8 Publication Year

records read read =  108
number of citations =  104

journal count:  56
1 AFRICAN JOURNAL OF MARINE SCIENCE 2
2 AMERICAN NATURALIST 1
3 ANNUAL REVIEW OF STATISTICS AND ITS APPLICATION VOL 5 1
4 CANADIAN JOURNAL OF FISHERIES AND AQUATIC SCIENCES 11
5 COMPUTATIONAL STATISTICS & DATA ANALYSIS 1
6 DIABETES CARE 1
7 DIVERSITY AND DISTRIBUTIONS 1
8 ECOLOGICAL APPLICATIONS 2
9 ECOLOGICAL INFORMATICS 1
10 ECOLOGY 4
11 ECOLOGY AND EVOLUTION 1
12 ELIFE 1
13 ENVIRONMENTAL AND ECOLOGICAL STATISTICS 1
14 ENVIRONMENTAL BIOLOGY OF FISHES 1
15 ENVIRONMENTAL RESEARCH LETTERS 1
16 EVOLUTION 1
17 FISH AND FISHERIES 3
18 FISHERIES RESEARCH 12
19 FRONTIERS IN MARINE SCIENCE 1
20 FRONTIERS IN VETERINARY SCIENCE 1
21 GLOBAL ECOLOGY AND BIOGEOGRAPHY 1
22 ICES JOURNAL OF MARINE SCIENCE 7
23 IEEE ACCESS 1
24 INDIAN JOURNAL OF FISHERIES 1
25 JAMA INTERNAL MEDICINE 1
26 JAMA-JOURNAL OF THE AMERICAN MEDICAL ASSOCIATION 6
27 JOURNAL OF AGRICULTURAL BIOLOGICAL AND ENVIRONMENTAL STATISTICS 1
28 JOURNAL OF ANIMAL ECOLOGY 1
29 JOURNAL OF APPLIED STATISTICS 1
30 JOURNAL OF COMPUTATIONAL AND GRAPHICAL STATISTICS 1
31 JOURNAL OF MAMMALOGY 1
32 JOURNAL OF THE ROYAL STATISTICAL SOCIETY SERIES C-APPLIED STATISTICS 1
33 LANCET PUBLIC HEALTH 1
34 MALARIA JOURNAL 1
35 MARINE ECOLOGY PROGRESS SERIES 2
36 METHODS IN ECOLOGY AND EVOLUTION 2
37 NATURE 2
38 NATURE COMMUNICATIONS 1
39 NATURE ECOLOGY & EVOLUTION 1
40 NUCLEIC ACIDS RESEARCH 1
41 OPTIMIZATION METHODS & SOFTWARE 1
42 PEERJ 1
43 PLOS ONE 1
44 POPULATION HEALTH METRICS 3
45 PROCEEDINGS OF THE ROYAL SOCIETY B-BIOLOGICAL SCIENCES 2
46 R JOURNAL 1
47 REVIEWS IN FISH BIOLOGY AND FISHERIES 1
48 SCIENTIFIC REPORTS 4
49 SPATIAL STATISTICS 1
50 STATISTICA NEERLANDICA 1
51 STATISTICAL METHODS IN MEDICAL RESEARCH 1
52 STATISTICS AND COMPUTING 1
53 STATISTICS IN MEDICINE 1
54 TOXICOLOGY IN VITRO 1
55 WATER 1
56 WILDLIFE BIOLOGY 1
Total citations:  104

number of years included:  4
1 2016 7
2 2017 40
3 2018 44
4 2019 13
Total citations:  104

JOURNAL,2016,2017,2018,2019
AFRICAN JOURNAL OF MARINE SCIENCE,0,1,1,0
AMERICAN NATURALIST,0,1,0,0
ANNUAL REVIEW OF STATISTICS AND ITS APPLICATION VOL 5,0,0,1,0
CANADIAN JOURNAL OF FISHERIES AND AQUATIC SCIENCES,0,5,4,2
COMPUTATIONAL STATISTICS & DATA ANALYSIS,0,0,1,0
DIABETES CARE,1,0,0,0
DIVERSITY AND DISTRIBUTIONS,0,0,0,1
ECOLOGICAL APPLICATIONS,0,1,1,0
ECOLOGICAL INFORMATICS,0,0,0,1
ECOLOGY,0,3,0,1
ECOLOGY AND EVOLUTION,0,1,0,0
ELIFE,0,1,0,0
ENVIRONMENTAL AND ECOLOGICAL STATISTICS,0,1,0,0
ENVIRONMENTAL BIOLOGY OF FISHES,0,0,1,0
ENVIRONMENTAL RESEARCH LETTERS,0,0,1,0
EVOLUTION,0,0,1,0
FISH AND FISHERIES,0,2,0,1
FISHERIES RESEARCH,1,2,4,5
FRONTIERS IN MARINE SCIENCE,0,0,1,0
FRONTIERS IN VETERINARY SCIENCE,0,0,1,0
GLOBAL ECOLOGY AND BIOGEOGRAPHY,1,0,0,0
ICES JOURNAL OF MARINE SCIENCE,1,3,3,0
IEEE ACCESS,0,0,1,0
INDIAN JOURNAL OF FISHERIES,0,0,1,0
JAMA INTERNAL MEDICINE,0,1,0,0
JAMA-JOURNAL OF THE AMERICAN MEDICAL ASSOCIATION,1,3,2,0
JOURNAL OF AGRICULTURAL BIOLOGICAL AND ENVIRONMENTAL STATISTICS,0,1,0,0
JOURNAL OF ANIMAL ECOLOGY,0,0,1,0
JOURNAL OF APPLIED STATISTICS,0,1,0,0
JOURNAL OF COMPUTATIONAL AND GRAPHICAL STATISTICS,0,1,0,0
JOURNAL OF MAMMALOGY,0,1,0,0
JOURNAL OF THE ROYAL STATISTICAL SOCIETY SERIES C-APPLIED STATISTICS,0,0,0,1
LANCET PUBLIC HEALTH,0,1,0,0
MALARIA JOURNAL,0,0,1,0
MARINE ECOLOGY PROGRESS SERIES,0,1,1,0
METHODS IN ECOLOGY AND EVOLUTION,0,1,1,0
NATURE,0,1,1,0
NATURE COMMUNICATIONS,0,0,0,1
NATURE ECOLOGY & EVOLUTION,0,1,0,0
NUCLEIC ACIDS RESEARCH,0,1,0,0
OPTIMIZATION METHODS & SOFTWARE,0,0,1,0
PEERJ,0,0,1,0
PLOS ONE,0,0,1,0
POPULATION HEALTH METRICS,0,1,2,0
PROCEEDINGS OF THE ROYAL SOCIETY B-BIOLOGICAL SCIENCES,1,0,1,0
R JOURNAL,0,1,0,0
REVIEWS IN FISH BIOLOGY AND FISHERIES,0,0,1,0
SCIENTIFIC REPORTS,1,1,2,0
SPATIAL STATISTICS,0,0,1,0
STATISTICA NEERLANDICA,0,0,1,0
STATISTICAL METHODS IN MEDICAL RESEARCH,0,0,1,0
STATISTICS AND COMPUTING,0,0,1,0
STATISTICS IN MEDICINE,0,1,0,0
TOXICOLOGY IN VITRO,0,0,1,0
WATER,0,1,0,0
WILDLIFE BIOLOGY,0,0,1,0

Shannon–Weaver index
Year  H
2016 1.94591
2017 3.1712
2018 3.36271
2019 1.8393
