citation_matrix.csv
6 8
6 Source Title
8 Publication Year

records read read =  65
number of citations =  61

journal count:  37
1 AFRICAN JOURNAL OF MARINE SCIENCE 1
2 AMERICAN NATURALIST 1
3 ANNUAL REVIEW OF STATISTICS AND ITS APPLICATION 1
4 CANADIAN JOURNAL OF FISHERIES AND AQUATIC SCIENCES 5
5 COMPUTATIONAL STATISTICS & DATA ANALYSIS 1
6 DIABETES CARE 1
7 ECOLOGICAL APPLICATIONS 1
8 ECOLOGY 3
9 ECOLOGY AND EVOLUTION 1
10 ELIFE 1
11 ENVIRONMENTAL AND ECOLOGICAL STATISTICS 1
12 FISH AND FISHERIES 2
13 FISHERIES RESEARCH 5
14 GLOBAL ECOLOGY AND BIOGEOGRAPHY 1
15 ICES JOURNAL OF MARINE SCIENCE 6
16 IEEE ACCESS 1
17 INDIAN JOURNAL OF FISHERIES 1
18 JAMA INTERNAL MEDICINE 1
19 JAMA-JOURNAL OF THE AMERICAN MEDICAL ASSOCIATION 6
20 JOURNAL OF AGRICULTURAL BIOLOGICAL AND ENVIRONMENTAL STATISTICS 1
21 JOURNAL OF ANIMAL ECOLOGY 1
22 JOURNAL OF APPLIED STATISTICS 1
23 JOURNAL OF COMPUTATIONAL AND GRAPHICAL STATISTICS 1
24 JOURNAL OF MAMMALOGY 1
25 LANCET PUBLIC HEALTH 1
26 MARINE ECOLOGY PROGRESS SERIES 2
27 METHODS IN ECOLOGY AND EVOLUTION 1
28 NATURE 1
29 NATURE ECOLOGY & EVOLUTION 1
30 NUCLEIC ACIDS RESEARCH 1
31 POPULATION HEALTH METRICS 2
32 PROCEEDINGS OF THE ROYAL SOCIETY B-BIOLOGICAL SCIENCES 1
33 R JOURNAL 1
34 SCIENTIFIC REPORTS 2
35 STATISTICS AND COMPUTING 1
36 STATISTICS IN MEDICINE 1
37 WATER 1
Total citations:  61

number of years included:  3
1 2016 7
2 2017 40
3 2018 14
Total citations:  61

JOURNAL,2016,2017,2018
AFRICAN JOURNAL OF MARINE SCIENCE,0,1,0
AMERICAN NATURALIST,0,1,0
ANNUAL REVIEW OF STATISTICS AND ITS APPLICATION,0,0,1
CANADIAN JOURNAL OF FISHERIES AND AQUATIC SCIENCES,0,5,0
COMPUTATIONAL STATISTICS & DATA ANALYSIS,0,0,1
DIABETES CARE,1,0,0
ECOLOGICAL APPLICATIONS,0,1,0
ECOLOGY,0,3,0
ECOLOGY AND EVOLUTION,0,1,0
ELIFE,0,1,0
ENVIRONMENTAL AND ECOLOGICAL STATISTICS,0,1,0
FISH AND FISHERIES,0,2,0
FISHERIES RESEARCH,1,2,2
GLOBAL ECOLOGY AND BIOGEOGRAPHY,1,0,0
ICES JOURNAL OF MARINE SCIENCE,1,3,2
IEEE ACCESS,0,0,1
INDIAN JOURNAL OF FISHERIES,0,0,1
JAMA INTERNAL MEDICINE,0,1,0
JAMA-JOURNAL OF THE AMERICAN MEDICAL ASSOCIATION,1,3,2
JOURNAL OF AGRICULTURAL BIOLOGICAL AND ENVIRONMENTAL STATISTICS,0,1,0
JOURNAL OF ANIMAL ECOLOGY,0,0,1
JOURNAL OF APPLIED STATISTICS,0,1,0
JOURNAL OF COMPUTATIONAL AND GRAPHICAL STATISTICS,0,1,0
JOURNAL OF MAMMALOGY,0,1,0
LANCET PUBLIC HEALTH,0,1,0
MARINE ECOLOGY PROGRESS SERIES,0,1,1
METHODS IN ECOLOGY AND EVOLUTION,0,1,0
NATURE,0,1,0
NATURE ECOLOGY & EVOLUTION,0,1,0
NUCLEIC ACIDS RESEARCH,0,1,0
POPULATION HEALTH METRICS,0,1,1
PROCEEDINGS OF THE ROYAL SOCIETY B-BIOLOGICAL SCIENCES,1,0,0
R JOURNAL,0,1,0
SCIENTIFIC REPORTS,1,1,0
STATISTICS AND COMPUTING,0,0,1
STATISTICS IN MEDICINE,0,1,0
WATER,0,1,0

Shannon–Weaver index
Year  H
2016 1.94591
2017 3.1712
2018 2.34199
